The following values were not passed to `accelerate launch` and had defaults used instead:
	`--num_machines` was set to a value of `1`
	`--dynamo_backend` was set to a value of `'no'`
To avoid this warning pass in values for each of the problematic parameters or run `accelerate config`.
/home/venky/dkarthik/miniconda3/envs/ekam/lib/python3.13/site-packages/accelerate/utils/launch.py:238: UserWarning: Port `29500` is already in use. Accelerate will attempt to launch in a standalone-like mode by finding an open port automatically for this session. If this current attempt fails, or for more control in future runs, please specify a different port (e.g., `--main_process_port <your_chosen_port>`) or use `--main_process_port 0` for automatic selection in your launch command or Accelerate config file.
  warnings.warn(
[[34m2026-01-20 00:46:51[0m] Resuming experiment in existing directory: /home/venky/dkarthik/baselines/SiT/results/004-SiT-B-2-Linear-velocity-None
wandb: Currently logged in as: karthikndasaraju (karthikndasaraju-indian-institute-of-science) to https://api.wandb.ai. Use `wandb login --relogin` to force relogin
wandb: setting up run 004-SiT-B-2-Linear-velocity-None
wandb: Tracking run with wandb version 0.23.1
wandb: Run data is saved locally in /home/venky/dkarthik/baselines/SiT/wandb/run-20260120_004652-004-SiT-B-2-Linear-velocity-None
wandb: Run `wandb offline` to turn off syncing.
wandb: Syncing run 004-SiT-B-2-Linear-velocity-None
wandb: ⭐️ View project at https://wandb.ai/karthikndasaraju-indian-institute-of-science/SiT-B-2-ImageNet100
wandb: 🚀 View run at https://wandb.ai/karthikndasaraju-indian-institute-of-science/SiT-B-2-ImageNet100/runs/004-SiT-B-2-Linear-velocity-None
[[34m2026-01-20 00:46:55[0m] Loaded /home/venky/dkarthik/baselines/SiT/results/004-SiT-B-2-Linear-velocity-None/checkpoints/340_0160000.pt
[[34m2026-01-20 00:46:55[0m] SiT Parameters: 129,821,216
[[34m2026-01-20 00:46:57[0m] Filtering dataset: Keeping 100/1000 classes.
[[34m2026-01-20 00:46:57[0m] Class 0: n01440764
[[34m2026-01-20 00:46:57[0m] Class 99: n01855672
[[34m2026-01-20 00:46:57[0m] Saved class mapping to /home/venky/dkarthik/baselines/SiT/results/004-SiT-B-2-Linear-velocity-None/class_labels.json
[[34m2026-01-20 00:46:59[0m] Training for 1400 epochs...
[[34m2026-01-20 00:46:59[0m] Beginning epoch 340...
[[34m2026-01-20 00:50:23[0m] (step=0160100) Train Loss: 0.7805, Train Steps/Sec: 0.49
[[34m2026-01-20 00:53:56[0m] (step=0160200) Train Loss: 0.7810, Train Steps/Sec: 0.47
[[34m2026-01-20 00:57:31[0m] (step=0160300) Train Loss: 0.7807, Train Steps/Sec: 0.47
[[34m2026-01-20 01:00:23[0m] Beginning epoch 341...
[[34m2026-01-20 01:01:07[0m] (step=0160400) Train Loss: 0.7799, Train Steps/Sec: 0.46
[[34m2026-01-20 01:04:40[0m] (step=0160500) Train Loss: 0.7807, Train Steps/Sec: 0.47
[[34m2026-01-20 01:08:14[0m] (step=0160600) Train Loss: 0.7804, Train Steps/Sec: 0.47
[[34m2026-01-20 01:11:49[0m] (step=0160700) Train Loss: 0.7801, Train Steps/Sec: 0.47
[[34m2026-01-20 01:13:57[0m] Beginning epoch 342...
[[34m2026-01-20 01:15:24[0m] (step=0160800) Train Loss: 0.7812, Train Steps/Sec: 0.46
[[34m2026-01-20 01:18:57[0m] (step=0160900) Train Loss: 0.7805, Train Steps/Sec: 0.47
[[34m2026-01-20 01:22:31[0m] (step=0161000) Train Loss: 0.7806, Train Steps/Sec: 0.47
[[34m2026-01-20 01:26:05[0m] (step=0161100) Train Loss: 0.7807, Train Steps/Sec: 0.47
[[34m2026-01-20 01:27:30[0m] Beginning epoch 343...
[[34m2026-01-20 01:29:41[0m] (step=0161200) Train Loss: 0.7817, Train Steps/Sec: 0.46
[[34m2026-01-20 01:33:14[0m] (step=0161300) Train Loss: 0.7811, Train Steps/Sec: 0.47
[[34m2026-01-20 01:36:49[0m] (step=0161400) Train Loss: 0.7823, Train Steps/Sec: 0.47
[[34m2026-01-20 01:40:24[0m] (step=0161500) Train Loss: 0.7822, Train Steps/Sec: 0.47
[[34m2026-01-20 01:41:07[0m] Beginning epoch 344...
[[34m2026-01-20 01:43:59[0m] (step=0161600) Train Loss: 0.7812, Train Steps/Sec: 0.46
[[34m2026-01-20 01:47:32[0m] (step=0161700) Train Loss: 0.7797, Train Steps/Sec: 0.47
[[34m2026-01-20 01:51:06[0m] (step=0161800) Train Loss: 0.7817, Train Steps/Sec: 0.47
[[34m2026-01-20 01:54:39[0m] (step=0161900) Train Loss: 0.7814, Train Steps/Sec: 0.47
[[34m2026-01-20 01:54:39[0m] Beginning epoch 345...
[[34m2026-01-20 01:58:14[0m] (step=0162000) Train Loss: 0.7798, Train Steps/Sec: 0.47
[[34m2026-01-20 02:01:48[0m] (step=0162100) Train Loss: 0.7830, Train Steps/Sec: 0.47
[[34m2026-01-20 02:05:23[0m] (step=0162200) Train Loss: 0.7815, Train Steps/Sec: 0.47
[[34m2026-01-20 02:08:15[0m] Beginning epoch 346...
[[34m2026-01-20 02:09:00[0m] (step=0162300) Train Loss: 0.7827, Train Steps/Sec: 0.46
[[34m2026-01-20 02:12:32[0m] (step=0162400) Train Loss: 0.7807, Train Steps/Sec: 0.47
[[34m2026-01-20 02:16:05[0m] (step=0162500) Train Loss: 0.7818, Train Steps/Sec: 0.47
[[34m2026-01-20 02:19:37[0m] (step=0162600) Train Loss: 0.7821, Train Steps/Sec: 0.47
[[34m2026-01-20 02:21:43[0m] Beginning epoch 347...
[[34m2026-01-20 02:23:10[0m] (step=0162700) Train Loss: 0.7807, Train Steps/Sec: 0.47
[[34m2026-01-20 02:26:42[0m] (step=0162800) Train Loss: 0.7822, Train Steps/Sec: 0.47
[[34m2026-01-20 02:30:15[0m] (step=0162900) Train Loss: 0.7818, Train Steps/Sec: 0.47
[[34m2026-01-20 02:33:48[0m] (step=0163000) Train Loss: 0.7802, Train Steps/Sec: 0.47
[[34m2026-01-20 02:35:13[0m] Beginning epoch 348...
[[34m2026-01-20 02:37:23[0m] (step=0163100) Train Loss: 0.7797, Train Steps/Sec: 0.47
[[34m2026-01-20 02:40:56[0m] (step=0163200) Train Loss: 0.7803, Train Steps/Sec: 0.47
[[34m2026-01-20 02:44:29[0m] (step=0163300) Train Loss: 0.7815, Train Steps/Sec: 0.47
[[34m2026-01-20 02:48:02[0m] (step=0163400) Train Loss: 0.7815, Train Steps/Sec: 0.47
[[34m2026-01-20 02:48:45[0m] Beginning epoch 349...
[[34m2026-01-20 02:51:37[0m] (step=0163500) Train Loss: 0.7788, Train Steps/Sec: 0.47
[[34m2026-01-20 02:55:08[0m] (step=0163600) Train Loss: 0.7826, Train Steps/Sec: 0.47
[[34m2026-01-20 02:58:42[0m] (step=0163700) Train Loss: 0.7838, Train Steps/Sec: 0.47
[[34m2026-01-20 03:02:14[0m] (step=0163800) Train Loss: 0.7800, Train Steps/Sec: 0.47
[[34m2026-01-20 03:02:14[0m] Beginning epoch 350...
[[34m2026-01-20 03:05:48[0m] (step=0163900) Train Loss: 0.7805, Train Steps/Sec: 0.47
[[34m2026-01-20 03:09:20[0m] (step=0164000) Train Loss: 0.7817, Train Steps/Sec: 0.47
[[34m2026-01-20 03:12:54[0m] (step=0164100) Train Loss: 0.7813, Train Steps/Sec: 0.47
[[34m2026-01-20 03:15:45[0m] Beginning epoch 351...
[[34m2026-01-20 03:16:30[0m] (step=0164200) Train Loss: 0.7789, Train Steps/Sec: 0.46
[[34m2026-01-20 03:20:03[0m] (step=0164300) Train Loss: 0.7812, Train Steps/Sec: 0.47
[[34m2026-01-20 03:23:35[0m] (step=0164400) Train Loss: 0.7820, Train Steps/Sec: 0.47
[[34m2026-01-20 03:27:06[0m] (step=0164500) Train Loss: 0.7812, Train Steps/Sec: 0.47
[[34m2026-01-20 03:29:14[0m] Beginning epoch 352...
[[34m2026-01-20 03:30:41[0m] (step=0164600) Train Loss: 0.7805, Train Steps/Sec: 0.47
[[34m2026-01-20 03:34:14[0m] (step=0164700) Train Loss: 0.7809, Train Steps/Sec: 0.47
[[34m2026-01-20 03:37:46[0m] (step=0164800) Train Loss: 0.7796, Train Steps/Sec: 0.47
[[34m2026-01-20 03:41:19[0m] (step=0164900) Train Loss: 0.7811, Train Steps/Sec: 0.47
[[34m2026-01-20 03:42:44[0m] Beginning epoch 353...
[[34m2026-01-20 03:44:53[0m] (step=0165000) Train Loss: 0.7795, Train Steps/Sec: 0.47
[[34m2026-01-20 03:44:58[0m] Saved checkpoint to /home/venky/dkarthik/baselines/SiT/results/004-SiT-B-2-Linear-velocity-None/checkpoints/353_0165000.pt
[[34m2026-01-20 03:48:31[0m] (step=0165100) Train Loss: 0.7814, Train Steps/Sec: 0.46
[[34m2026-01-20 03:52:03[0m] (step=0165200) Train Loss: 0.7823, Train Steps/Sec: 0.47
[[34m2026-01-20 03:55:35[0m] (step=0165300) Train Loss: 0.7787, Train Steps/Sec: 0.47
[[34m2026-01-20 03:56:18[0m] Beginning epoch 354...
[[34m2026-01-20 03:59:10[0m] (step=0165400) Train Loss: 0.7811, Train Steps/Sec: 0.47
[[34m2026-01-20 04:02:42[0m] (step=0165500) Train Loss: 0.7808, Train Steps/Sec: 0.47
[[34m2026-01-20 04:06:15[0m] (step=0165600) Train Loss: 0.7819, Train Steps/Sec: 0.47
[[34m2026-01-20 04:09:48[0m] (step=0165700) Train Loss: 0.7797, Train Steps/Sec: 0.47
[[34m2026-01-20 04:09:48[0m] Beginning epoch 355...
[[34m2026-01-20 04:13:22[0m] (step=0165800) Train Loss: 0.7798, Train Steps/Sec: 0.47
[[34m2026-01-20 04:16:54[0m] (step=0165900) Train Loss: 0.7805, Train Steps/Sec: 0.47
[[34m2026-01-20 04:20:28[0m] (step=0166000) Train Loss: 0.7819, Train Steps/Sec: 0.47
[[34m2026-01-20 04:23:17[0m] Beginning epoch 356...
[[34m2026-01-20 04:24:01[0m] (step=0166100) Train Loss: 0.7803, Train Steps/Sec: 0.47
[[34m2026-01-20 04:27:34[0m] (step=0166200) Train Loss: 0.7794, Train Steps/Sec: 0.47
[[34m2026-01-20 04:31:06[0m] (step=0166300) Train Loss: 0.7795, Train Steps/Sec: 0.47
[[34m2026-01-20 04:34:39[0m] (step=0166400) Train Loss: 0.7813, Train Steps/Sec: 0.47
[[34m2026-01-20 04:36:46[0m] Beginning epoch 357...
[[34m2026-01-20 04:38:13[0m] (step=0166500) Train Loss: 0.7800, Train Steps/Sec: 0.47
[[34m2026-01-20 04:41:45[0m] (step=0166600) Train Loss: 0.7811, Train Steps/Sec: 0.47
[[34m2026-01-20 04:45:18[0m] (step=0166700) Train Loss: 0.7794, Train Steps/Sec: 0.47
[[34m2026-01-20 04:48:50[0m] (step=0166800) Train Loss: 0.7812, Train Steps/Sec: 0.47
[[34m2026-01-20 04:50:14[0m] Beginning epoch 358...
[[34m2026-01-20 04:52:24[0m] (step=0166900) Train Loss: 0.7802, Train Steps/Sec: 0.47
[[34m2026-01-20 04:55:56[0m] (step=0167000) Train Loss: 0.7797, Train Steps/Sec: 0.47
[[34m2026-01-20 04:59:27[0m] (step=0167100) Train Loss: 0.7790, Train Steps/Sec: 0.47
[[34m2026-01-20 05:02:59[0m] (step=0167200) Train Loss: 0.7809, Train Steps/Sec: 0.47
[[34m2026-01-20 05:03:41[0m] Beginning epoch 359...
[[34m2026-01-20 05:06:32[0m] (step=0167300) Train Loss: 0.7821, Train Steps/Sec: 0.47
[[34m2026-01-20 05:10:04[0m] (step=0167400) Train Loss: 0.7793, Train Steps/Sec: 0.47
[[34m2026-01-20 05:13:37[0m] (step=0167500) Train Loss: 0.7793, Train Steps/Sec: 0.47
[[34m2026-01-20 05:17:10[0m] (step=0167600) Train Loss: 0.7805, Train Steps/Sec: 0.47
[[34m2026-01-20 05:17:10[0m] Beginning epoch 360...
[[34m2026-01-20 05:20:43[0m] (step=0167700) Train Loss: 0.7809, Train Steps/Sec: 0.47
[[34m2026-01-20 05:24:16[0m] (step=0167800) Train Loss: 0.7796, Train Steps/Sec: 0.47
[[34m2026-01-20 05:27:48[0m] (step=0167900) Train Loss: 0.7790, Train Steps/Sec: 0.47
[[34m2026-01-20 05:30:38[0m] Beginning epoch 361...
[[34m2026-01-20 05:31:22[0m] (step=0168000) Train Loss: 0.7790, Train Steps/Sec: 0.47
[[34m2026-01-20 05:34:53[0m] (step=0168100) Train Loss: 0.7797, Train Steps/Sec: 0.47
[[34m2026-01-20 05:38:26[0m] (step=0168200) Train Loss: 0.7807, Train Steps/Sec: 0.47
[[34m2026-01-20 05:41:58[0m] (step=0168300) Train Loss: 0.7804, Train Steps/Sec: 0.47
[[34m2026-01-20 05:44:06[0m] Beginning epoch 362...
[[34m2026-01-20 05:45:32[0m] (step=0168400) Train Loss: 0.7800, Train Steps/Sec: 0.47
[[34m2026-01-20 05:49:03[0m] (step=0168500) Train Loss: 0.7818, Train Steps/Sec: 0.47
[[34m2026-01-20 05:52:36[0m] (step=0168600) Train Loss: 0.7801, Train Steps/Sec: 0.47
[[34m2026-01-20 05:56:07[0m] (step=0168700) Train Loss: 0.7794, Train Steps/Sec: 0.47
[[34m2026-01-20 05:57:32[0m] Beginning epoch 363...
[[34m2026-01-20 05:59:42[0m] (step=0168800) Train Loss: 0.7807, Train Steps/Sec: 0.47
[[34m2026-01-20 06:03:14[0m] (step=0168900) Train Loss: 0.7806, Train Steps/Sec: 0.47
[[34m2026-01-20 06:06:46[0m] (step=0169000) Train Loss: 0.7815, Train Steps/Sec: 0.47
[[34m2026-01-20 06:10:19[0m] (step=0169100) Train Loss: 0.7801, Train Steps/Sec: 0.47
[[34m2026-01-20 06:11:01[0m] Beginning epoch 364...
[[34m2026-01-20 06:13:52[0m] (step=0169200) Train Loss: 0.7801, Train Steps/Sec: 0.47
[[34m2026-01-20 06:17:24[0m] (step=0169300) Train Loss: 0.7791, Train Steps/Sec: 0.47
[[34m2026-01-20 06:20:58[0m] (step=0169400) Train Loss: 0.7806, Train Steps/Sec: 0.47
[[34m2026-01-20 06:24:31[0m] (step=0169500) Train Loss: 0.7815, Train Steps/Sec: 0.47
[[34m2026-01-20 06:24:31[0m] Beginning epoch 365...
[[34m2026-01-20 06:28:06[0m] (step=0169600) Train Loss: 0.7806, Train Steps/Sec: 0.47
[[34m2026-01-20 06:31:39[0m] (step=0169700) Train Loss: 0.7799, Train Steps/Sec: 0.47
[[34m2026-01-20 06:35:11[0m] (step=0169800) Train Loss: 0.7826, Train Steps/Sec: 0.47
[[34m2026-01-20 06:38:02[0m] Beginning epoch 366...
[[34m2026-01-20 06:38:46[0m] (step=0169900) Train Loss: 0.7818, Train Steps/Sec: 0.47
[[34m2026-01-20 06:42:18[0m] (step=0170000) Train Loss: 0.7811, Train Steps/Sec: 0.47
[[34m2026-01-20 06:42:18[0m] Generating EMA samples...
[[34m2026-01-20 06:43:13[0m] Generating EMA samples done.
[[34m2026-01-20 06:46:44[0m] (step=0170100) Train Loss: 0.7828, Train Steps/Sec: 0.38
[[34m2026-01-20 06:50:18[0m] (step=0170200) Train Loss: 0.7807, Train Steps/Sec: 0.47
[[34m2026-01-20 06:52:26[0m] Beginning epoch 367...
[[34m2026-01-20 06:53:52[0m] (step=0170300) Train Loss: 0.7808, Train Steps/Sec: 0.47
[[34m2026-01-20 06:57:24[0m] (step=0170400) Train Loss: 0.7814, Train Steps/Sec: 0.47
[[34m2026-01-20 07:00:56[0m] (step=0170500) Train Loss: 0.7799, Train Steps/Sec: 0.47
[[34m2026-01-20 07:04:28[0m] (step=0170600) Train Loss: 0.7797, Train Steps/Sec: 0.47
[[34m2026-01-20 07:05:53[0m] Beginning epoch 368...
[[34m2026-01-20 07:08:02[0m] (step=0170700) Train Loss: 0.7792, Train Steps/Sec: 0.47
[[34m2026-01-20 07:11:35[0m] (step=0170800) Train Loss: 0.7791, Train Steps/Sec: 0.47
[[34m2026-01-20 07:15:08[0m] (step=0170900) Train Loss: 0.7797, Train Steps/Sec: 0.47
[[34m2026-01-20 07:18:41[0m] (step=0171000) Train Loss: 0.7802, Train Steps/Sec: 0.47
[[34m2026-01-20 07:19:23[0m] Beginning epoch 369...
[[34m2026-01-20 07:22:15[0m] (step=0171100) Train Loss: 0.7802, Train Steps/Sec: 0.47
[[34m2026-01-20 07:25:48[0m] (step=0171200) Train Loss: 0.7814, Train Steps/Sec: 0.47
[[34m2026-01-20 07:29:22[0m] (step=0171300) Train Loss: 0.7811, Train Steps/Sec: 0.47
[[34m2026-01-20 07:32:55[0m] (step=0171400) Train Loss: 0.7807, Train Steps/Sec: 0.47
[[34m2026-01-20 07:32:55[0m] Beginning epoch 370...
[[34m2026-01-20 07:36:30[0m] (step=0171500) Train Loss: 0.7808, Train Steps/Sec: 0.47
[[34m2026-01-20 07:40:03[0m] (step=0171600) Train Loss: 0.7804, Train Steps/Sec: 0.47
[[34m2026-01-20 07:43:37[0m] (step=0171700) Train Loss: 0.7816, Train Steps/Sec: 0.47
[[34m2026-01-20 07:46:28[0m] Beginning epoch 371...
[[34m2026-01-20 07:47:12[0m] (step=0171800) Train Loss: 0.7791, Train Steps/Sec: 0.46
[[34m2026-01-20 07:50:45[0m] (step=0171900) Train Loss: 0.7787, Train Steps/Sec: 0.47
[[34m2026-01-20 07:54:18[0m] (step=0172000) Train Loss: 0.7778, Train Steps/Sec: 0.47
[[34m2026-01-20 07:57:52[0m] (step=0172100) Train Loss: 0.7813, Train Steps/Sec: 0.47
[[34m2026-01-20 07:59:59[0m] Beginning epoch 372...
[[34m2026-01-20 08:01:26[0m] (step=0172200) Train Loss: 0.7809, Train Steps/Sec: 0.47
[[34m2026-01-20 08:04:59[0m] (step=0172300) Train Loss: 0.7808, Train Steps/Sec: 0.47
[[34m2026-01-20 08:08:32[0m] (step=0172400) Train Loss: 0.7791, Train Steps/Sec: 0.47
[[34m2026-01-20 08:12:05[0m] (step=0172500) Train Loss: 0.7807, Train Steps/Sec: 0.47
[[34m2026-01-20 08:13:30[0m] Beginning epoch 373...
[[34m2026-01-20 08:15:40[0m] (step=0172600) Train Loss: 0.7811, Train Steps/Sec: 0.46
[[34m2026-01-20 08:19:14[0m] (step=0172700) Train Loss: 0.7808, Train Steps/Sec: 0.47
[[34m2026-01-20 08:22:46[0m] (step=0172800) Train Loss: 0.7808, Train Steps/Sec: 0.47
[[34m2026-01-20 08:26:19[0m] (step=0172900) Train Loss: 0.7808, Train Steps/Sec: 0.47
[[34m2026-01-20 08:27:02[0m] Beginning epoch 374...
[[34m2026-01-20 08:29:53[0m] (step=0173000) Train Loss: 0.7802, Train Steps/Sec: 0.47
[[34m2026-01-20 08:33:26[0m] (step=0173100) Train Loss: 0.7813, Train Steps/Sec: 0.47
[[34m2026-01-20 08:36:59[0m] (step=0173200) Train Loss: 0.7796, Train Steps/Sec: 0.47
[[34m2026-01-20 08:40:32[0m] (step=0173300) Train Loss: 0.7807, Train Steps/Sec: 0.47
[[34m2026-01-20 08:40:32[0m] Beginning epoch 375...
[[34m2026-01-20 08:44:05[0m] (step=0173400) Train Loss: 0.7801, Train Steps/Sec: 0.47
[[34m2026-01-20 08:47:38[0m] (step=0173500) Train Loss: 0.7815, Train Steps/Sec: 0.47
[[34m2026-01-20 08:51:11[0m] (step=0173600) Train Loss: 0.7799, Train Steps/Sec: 0.47
[[34m2026-01-20 08:54:01[0m] Beginning epoch 376...
[[34m2026-01-20 08:54:45[0m] (step=0173700) Train Loss: 0.7791, Train Steps/Sec: 0.47
[[34m2026-01-20 08:58:19[0m] (step=0173800) Train Loss: 0.7802, Train Steps/Sec: 0.47
[[34m2026-01-20 09:01:51[0m] (step=0173900) Train Loss: 0.7790, Train Steps/Sec: 0.47
[[34m2026-01-20 09:05:24[0m] (step=0174000) Train Loss: 0.7792, Train Steps/Sec: 0.47
[[34m2026-01-20 09:07:32[0m] Beginning epoch 377...
[[34m2026-01-20 09:08:59[0m] (step=0174100) Train Loss: 0.7805, Train Steps/Sec: 0.47
[[34m2026-01-20 09:12:31[0m] (step=0174200) Train Loss: 0.7801, Train Steps/Sec: 0.47
[[34m2026-01-20 09:16:05[0m] (step=0174300) Train Loss: 0.7802, Train Steps/Sec: 0.47
[[34m2026-01-20 09:19:38[0m] (step=0174400) Train Loss: 0.7801, Train Steps/Sec: 0.47
[[34m2026-01-20 09:21:04[0m] Beginning epoch 378...
[[34m2026-01-20 09:23:13[0m] (step=0174500) Train Loss: 0.7801, Train Steps/Sec: 0.47
[[34m2026-01-20 09:26:45[0m] (step=0174600) Train Loss: 0.7803, Train Steps/Sec: 0.47
[[34m2026-01-20 09:30:19[0m] (step=0174700) Train Loss: 0.7799, Train Steps/Sec: 0.47
[[34m2026-01-20 09:33:52[0m] (step=0174800) Train Loss: 0.7809, Train Steps/Sec: 0.47
[[34m2026-01-20 09:34:35[0m] Beginning epoch 379...
[[34m2026-01-20 09:37:27[0m] (step=0174900) Train Loss: 0.7800, Train Steps/Sec: 0.46
[[34m2026-01-20 09:41:01[0m] (step=0175000) Train Loss: 0.7805, Train Steps/Sec: 0.47
[[34m2026-01-20 09:44:33[0m] (step=0175100) Train Loss: 0.7792, Train Steps/Sec: 0.47
[[34m2026-01-20 09:48:06[0m] (step=0175200) Train Loss: 0.7817, Train Steps/Sec: 0.47
[[34m2026-01-20 09:48:06[0m] Beginning epoch 380...
[[34m2026-01-20 09:51:41[0m] (step=0175300) Train Loss: 0.7810, Train Steps/Sec: 0.47
[[34m2026-01-20 09:55:13[0m] (step=0175400) Train Loss: 0.7799, Train Steps/Sec: 0.47
[[34m2026-01-20 09:58:45[0m] (step=0175500) Train Loss: 0.7802, Train Steps/Sec: 0.47
[[34m2026-01-20 10:01:35[0m] Beginning epoch 381...
[[34m2026-01-20 10:02:19[0m] (step=0175600) Train Loss: 0.7814, Train Steps/Sec: 0.47
[[34m2026-01-20 10:05:52[0m] (step=0175700) Train Loss: 0.7791, Train Steps/Sec: 0.47
[[34m2026-01-20 10:09:25[0m] (step=0175800) Train Loss: 0.7791, Train Steps/Sec: 0.47
[[34m2026-01-20 10:12:57[0m] (step=0175900) Train Loss: 0.7809, Train Steps/Sec: 0.47
[[34m2026-01-20 10:15:05[0m] Beginning epoch 382...
[[34m2026-01-20 10:16:32[0m] (step=0176000) Train Loss: 0.7784, Train Steps/Sec: 0.47
[[34m2026-01-20 10:20:05[0m] (step=0176100) Train Loss: 0.7796, Train Steps/Sec: 0.47
[[34m2026-01-20 10:23:38[0m] (step=0176200) Train Loss: 0.7781, Train Steps/Sec: 0.47
[[34m2026-01-20 10:27:11[0m] (step=0176300) Train Loss: 0.7812, Train Steps/Sec: 0.47
[[34m2026-01-20 10:28:36[0m] Beginning epoch 383...
[[34m2026-01-20 10:30:45[0m] (step=0176400) Train Loss: 0.7805, Train Steps/Sec: 0.47
[[34m2026-01-20 10:34:16[0m] (step=0176500) Train Loss: 0.7797, Train Steps/Sec: 0.47
[[34m2026-01-20 10:37:49[0m] (step=0176600) Train Loss: 0.7804, Train Steps/Sec: 0.47
[[34m2026-01-20 10:41:22[0m] (step=0176700) Train Loss: 0.7814, Train Steps/Sec: 0.47
[[34m2026-01-20 10:42:04[0m] Beginning epoch 384...
[[34m2026-01-20 10:44:54[0m] (step=0176800) Train Loss: 0.7805, Train Steps/Sec: 0.47
[[34m2026-01-20 10:48:27[0m] (step=0176900) Train Loss: 0.7786, Train Steps/Sec: 0.47
[[34m2026-01-20 10:52:01[0m] (step=0177000) Train Loss: 0.7800, Train Steps/Sec: 0.47
[[34m2026-01-20 10:55:35[0m] (step=0177100) Train Loss: 0.7785, Train Steps/Sec: 0.47
[[34m2026-01-20 10:55:35[0m] Beginning epoch 385...
[[34m2026-01-20 10:59:10[0m] (step=0177200) Train Loss: 0.7822, Train Steps/Sec: 0.46
[[34m2026-01-20 11:02:43[0m] (step=0177300) Train Loss: 0.7785, Train Steps/Sec: 0.47
[[34m2026-01-20 11:06:17[0m] (step=0177400) Train Loss: 0.7794, Train Steps/Sec: 0.47
[[34m2026-01-20 11:09:07[0m] Beginning epoch 386...
[[34m2026-01-20 11:09:51[0m] (step=0177500) Train Loss: 0.7791, Train Steps/Sec: 0.47
[[34m2026-01-20 11:13:24[0m] (step=0177600) Train Loss: 0.7803, Train Steps/Sec: 0.47
[[34m2026-01-20 11:16:57[0m] (step=0177700) Train Loss: 0.7796, Train Steps/Sec: 0.47
[[34m2026-01-20 11:20:29[0m] (step=0177800) Train Loss: 0.7799, Train Steps/Sec: 0.47
[[34m2026-01-20 11:22:38[0m] Beginning epoch 387...
[[34m2026-01-20 11:24:04[0m] (step=0177900) Train Loss: 0.7807, Train Steps/Sec: 0.47
[[34m2026-01-20 11:27:37[0m] (step=0178000) Train Loss: 0.7796, Train Steps/Sec: 0.47
[[34m2026-01-20 11:31:12[0m] (step=0178100) Train Loss: 0.7795, Train Steps/Sec: 0.47
[[34m2026-01-20 11:34:46[0m] (step=0178200) Train Loss: 0.7803, Train Steps/Sec: 0.47
[[34m2026-01-20 11:36:11[0m] Beginning epoch 388...
[[34m2026-01-20 11:38:20[0m] (step=0178300) Train Loss: 0.7790, Train Steps/Sec: 0.47
[[34m2026-01-20 11:41:54[0m] (step=0178400) Train Loss: 0.7789, Train Steps/Sec: 0.47
[[34m2026-01-20 11:45:26[0m] (step=0178500) Train Loss: 0.7800, Train Steps/Sec: 0.47
[[34m2026-01-20 11:48:59[0m] (step=0178600) Train Loss: 0.7810, Train Steps/Sec: 0.47
[[34m2026-01-20 11:49:42[0m] Beginning epoch 389...
[[34m2026-01-20 11:52:33[0m] (step=0178700) Train Loss: 0.7810, Train Steps/Sec: 0.47
[[34m2026-01-20 11:56:05[0m] (step=0178800) Train Loss: 0.7814, Train Steps/Sec: 0.47
[[34m2026-01-20 11:59:37[0m] (step=0178900) Train Loss: 0.7787, Train Steps/Sec: 0.47
[[34m2026-01-20 12:03:10[0m] (step=0179000) Train Loss: 0.7810, Train Steps/Sec: 0.47
[[34m2026-01-20 12:03:10[0m] Beginning epoch 390...
[[34m2026-01-20 12:06:44[0m] (step=0179100) Train Loss: 0.7805, Train Steps/Sec: 0.47
[[34m2026-01-20 12:10:17[0m] (step=0179200) Train Loss: 0.7790, Train Steps/Sec: 0.47
[[34m2026-01-20 12:13:50[0m] (step=0179300) Train Loss: 0.7790, Train Steps/Sec: 0.47
[[34m2026-01-20 12:16:41[0m] Beginning epoch 391...
[[34m2026-01-20 12:17:25[0m] (step=0179400) Train Loss: 0.7795, Train Steps/Sec: 0.47
[[34m2026-01-20 12:20:58[0m] (step=0179500) Train Loss: 0.7817, Train Steps/Sec: 0.47
[[34m2026-01-20 12:24:31[0m] (step=0179600) Train Loss: 0.7801, Train Steps/Sec: 0.47
[[34m2026-01-20 12:28:03[0m] (step=0179700) Train Loss: 0.7788, Train Steps/Sec: 0.47
[[34m2026-01-20 12:30:11[0m] Beginning epoch 392...
[[34m2026-01-20 12:31:38[0m] (step=0179800) Train Loss: 0.7800, Train Steps/Sec: 0.47
[[34m2026-01-20 12:35:10[0m] (step=0179900) Train Loss: 0.7786, Train Steps/Sec: 0.47
[[34m2026-01-20 12:38:43[0m] (step=0180000) Train Loss: 0.7803, Train Steps/Sec: 0.47
[[34m2026-01-20 12:38:49[0m] Saved checkpoint to /home/venky/dkarthik/baselines/SiT/results/004-SiT-B-2-Linear-velocity-None/checkpoints/392_0180000.pt
[[34m2026-01-20 12:38:49[0m] Generating EMA samples...
[[34m2026-01-20 12:39:36[0m] Generating EMA samples done.
[[34m2026-01-20 12:43:07[0m] (step=0180100) Train Loss: 0.7794, Train Steps/Sec: 0.38
[[34m2026-01-20 12:44:32[0m] Beginning epoch 393...
[[34m2026-01-20 12:46:42[0m] (step=0180200) Train Loss: 0.7790, Train Steps/Sec: 0.47
[[34m2026-01-20 12:50:16[0m] (step=0180300) Train Loss: 0.7797, Train Steps/Sec: 0.47
[[34m2026-01-20 12:53:49[0m] (step=0180400) Train Loss: 0.7799, Train Steps/Sec: 0.47
[[34m2026-01-20 12:57:22[0m] (step=0180500) Train Loss: 0.7794, Train Steps/Sec: 0.47
[[34m2026-01-20 12:58:05[0m] Beginning epoch 394...
[[34m2026-01-20 13:00:57[0m] (step=0180600) Train Loss: 0.7782, Train Steps/Sec: 0.47
[[34m2026-01-20 13:04:29[0m] (step=0180700) Train Loss: 0.7793, Train Steps/Sec: 0.47
[[34m2026-01-20 13:08:03[0m] (step=0180800) Train Loss: 0.7796, Train Steps/Sec: 0.47
[[34m2026-01-20 13:11:37[0m] (step=0180900) Train Loss: 0.7804, Train Steps/Sec: 0.47
[[34m2026-01-20 13:11:37[0m] Beginning epoch 395...
[[34m2026-01-20 13:15:11[0m] (step=0181000) Train Loss: 0.7779, Train Steps/Sec: 0.47
[[34m2026-01-20 13:18:43[0m] (step=0181100) Train Loss: 0.7779, Train Steps/Sec: 0.47
[[34m2026-01-20 13:22:17[0m] (step=0181200) Train Loss: 0.7811, Train Steps/Sec: 0.47
[[34m2026-01-20 13:25:07[0m] Beginning epoch 396...
[[34m2026-01-20 13:25:52[0m] (step=0181300) Train Loss: 0.7808, Train Steps/Sec: 0.46
[[34m2026-01-20 13:29:24[0m] (step=0181400) Train Loss: 0.7783, Train Steps/Sec: 0.47
[[34m2026-01-20 13:32:58[0m] (step=0181500) Train Loss: 0.7790, Train Steps/Sec: 0.47
[[34m2026-01-20 13:36:30[0m] (step=0181600) Train Loss: 0.7814, Train Steps/Sec: 0.47
[[34m2026-01-20 13:38:38[0m] Beginning epoch 397...
[[34m2026-01-20 13:40:04[0m] (step=0181700) Train Loss: 0.7780, Train Steps/Sec: 0.47
[[34m2026-01-20 13:43:37[0m] (step=0181800) Train Loss: 0.7793, Train Steps/Sec: 0.47
[[34m2026-01-20 13:47:10[0m] (step=0181900) Train Loss: 0.7806, Train Steps/Sec: 0.47
[[34m2026-01-20 13:50:44[0m] (step=0182000) Train Loss: 0.7798, Train Steps/Sec: 0.47
[[34m2026-01-20 13:52:09[0m] Beginning epoch 398...
[[34m2026-01-20 13:54:18[0m] (step=0182100) Train Loss: 0.7807, Train Steps/Sec: 0.47
[[34m2026-01-20 13:57:51[0m] (step=0182200) Train Loss: 0.7803, Train Steps/Sec: 0.47
[[34m2026-01-20 14:01:25[0m] (step=0182300) Train Loss: 0.7798, Train Steps/Sec: 0.47
[[34m2026-01-20 14:04:58[0m] (step=0182400) Train Loss: 0.7805, Train Steps/Sec: 0.47
[[34m2026-01-20 14:05:41[0m] Beginning epoch 399...
[[34m2026-01-20 14:08:33[0m] (step=0182500) Train Loss: 0.7793, Train Steps/Sec: 0.47
[[34m2026-01-20 14:12:06[0m] (step=0182600) Train Loss: 0.7786, Train Steps/Sec: 0.47
[[34m2026-01-20 14:15:39[0m] (step=0182700) Train Loss: 0.7776, Train Steps/Sec: 0.47
[[34m2026-01-20 14:19:11[0m] (step=0182800) Train Loss: 0.7792, Train Steps/Sec: 0.47
[[34m2026-01-20 14:19:11[0m] Beginning epoch 400...
[[34m2026-01-20 14:22:45[0m] (step=0182900) Train Loss: 0.7790, Train Steps/Sec: 0.47
[[34m2026-01-20 14:26:18[0m] (step=0183000) Train Loss: 0.7802, Train Steps/Sec: 0.47
[[34m2026-01-20 14:29:50[0m] (step=0183100) Train Loss: 0.7797, Train Steps/Sec: 0.47
[[34m2026-01-20 14:32:40[0m] Beginning epoch 401...
[[34m2026-01-20 14:33:23[0m] (step=0183200) Train Loss: 0.7801, Train Steps/Sec: 0.47
[[34m2026-01-20 14:36:55[0m] (step=0183300) Train Loss: 0.7784, Train Steps/Sec: 0.47
[[34m2026-01-20 14:40:28[0m] (step=0183400) Train Loss: 0.7806, Train Steps/Sec: 0.47
[[34m2026-01-20 14:44:00[0m] (step=0183500) Train Loss: 0.7810, Train Steps/Sec: 0.47
[[34m2026-01-20 14:46:07[0m] Beginning epoch 402...
[[34m2026-01-20 14:47:33[0m] (step=0183600) Train Loss: 0.7810, Train Steps/Sec: 0.47
[[34m2026-01-20 14:51:06[0m] (step=0183700) Train Loss: 0.7810, Train Steps/Sec: 0.47
[[34m2026-01-20 14:54:39[0m] (step=0183800) Train Loss: 0.7786, Train Steps/Sec: 0.47
[[34m2026-01-20 14:58:12[0m] (step=0183900) Train Loss: 0.7767, Train Steps/Sec: 0.47
[[34m2026-01-20 14:59:37[0m] Beginning epoch 403...
[[34m2026-01-20 15:01:47[0m] (step=0184000) Train Loss: 0.7791, Train Steps/Sec: 0.47
[[34m2026-01-20 15:05:20[0m] (step=0184100) Train Loss: 0.7783, Train Steps/Sec: 0.47
[[34m2026-01-20 15:08:53[0m] (step=0184200) Train Loss: 0.7808, Train Steps/Sec: 0.47
[[34m2026-01-20 15:12:25[0m] (step=0184300) Train Loss: 0.7787, Train Steps/Sec: 0.47
[[34m2026-01-20 15:13:08[0m] Beginning epoch 404...
[[34m2026-01-20 15:16:00[0m] (step=0184400) Train Loss: 0.7786, Train Steps/Sec: 0.46
[[34m2026-01-20 15:19:33[0m] (step=0184500) Train Loss: 0.7797, Train Steps/Sec: 0.47
[[34m2026-01-20 15:23:05[0m] (step=0184600) Train Loss: 0.7789, Train Steps/Sec: 0.47
[[34m2026-01-20 15:26:37[0m] (step=0184700) Train Loss: 0.7808, Train Steps/Sec: 0.47
[[34m2026-01-20 15:26:37[0m] Beginning epoch 405...
[[34m2026-01-20 15:30:10[0m] (step=0184800) Train Loss: 0.7787, Train Steps/Sec: 0.47
[[34m2026-01-20 15:33:42[0m] (step=0184900) Train Loss: 0.7800, Train Steps/Sec: 0.47
[[34m2026-01-20 15:37:13[0m] (step=0185000) Train Loss: 0.7802, Train Steps/Sec: 0.47
[[34m2026-01-20 15:40:04[0m] Beginning epoch 406...
[[34m2026-01-20 15:40:48[0m] (step=0185100) Train Loss: 0.7786, Train Steps/Sec: 0.47
[[34m2026-01-20 15:44:21[0m] (step=0185200) Train Loss: 0.7803, Train Steps/Sec: 0.47
[[34m2026-01-20 15:47:54[0m] (step=0185300) Train Loss: 0.7772, Train Steps/Sec: 0.47
[[34m2026-01-20 15:51:26[0m] (step=0185400) Train Loss: 0.7777, Train Steps/Sec: 0.47
[[34m2026-01-20 15:53:34[0m] Beginning epoch 407...
[[34m2026-01-20 15:55:01[0m] (step=0185500) Train Loss: 0.7805, Train Steps/Sec: 0.47
[[34m2026-01-20 15:58:34[0m] (step=0185600) Train Loss: 0.7780, Train Steps/Sec: 0.47
[[34m2026-01-20 16:02:07[0m] (step=0185700) Train Loss: 0.7792, Train Steps/Sec: 0.47
[[34m2026-01-20 16:05:40[0m] (step=0185800) Train Loss: 0.7789, Train Steps/Sec: 0.47
[[34m2026-01-20 16:07:04[0m] Beginning epoch 408...
[[34m2026-01-20 16:09:13[0m] (step=0185900) Train Loss: 0.7784, Train Steps/Sec: 0.47
[[34m2026-01-20 16:12:46[0m] (step=0186000) Train Loss: 0.7798, Train Steps/Sec: 0.47
[[34m2026-01-20 16:16:19[0m] (step=0186100) Train Loss: 0.7782, Train Steps/Sec: 0.47
[[34m2026-01-20 16:19:52[0m] (step=0186200) Train Loss: 0.7807, Train Steps/Sec: 0.47
[[34m2026-01-20 16:20:34[0m] Beginning epoch 409...
[[34m2026-01-20 16:23:26[0m] (step=0186300) Train Loss: 0.7783, Train Steps/Sec: 0.47
[[34m2026-01-20 16:26:58[0m] (step=0186400) Train Loss: 0.7780, Train Steps/Sec: 0.47
[[34m2026-01-20 16:30:31[0m] (step=0186500) Train Loss: 0.7803, Train Steps/Sec: 0.47
[[34m2026-01-20 16:34:05[0m] (step=0186600) Train Loss: 0.7798, Train Steps/Sec: 0.47
[[34m2026-01-20 16:34:05[0m] Beginning epoch 410...
[[34m2026-01-20 16:37:40[0m] (step=0186700) Train Loss: 0.7786, Train Steps/Sec: 0.47
[[34m2026-01-20 16:41:13[0m] (step=0186800) Train Loss: 0.7780, Train Steps/Sec: 0.47
[[34m2026-01-20 16:44:46[0m] (step=0186900) Train Loss: 0.7797, Train Steps/Sec: 0.47
[[34m2026-01-20 16:47:37[0m] Beginning epoch 411...
[[34m2026-01-20 16:48:21[0m] (step=0187000) Train Loss: 0.7781, Train Steps/Sec: 0.47
[[34m2026-01-20 16:51:53[0m] (step=0187100) Train Loss: 0.7807, Train Steps/Sec: 0.47
[[34m2026-01-20 16:55:26[0m] (step=0187200) Train Loss: 0.7793, Train Steps/Sec: 0.47
[[34m2026-01-20 16:58:58[0m] (step=0187300) Train Loss: 0.7815, Train Steps/Sec: 0.47
[[34m2026-01-20 17:01:06[0m] Beginning epoch 412...
[[34m2026-01-20 17:02:33[0m] (step=0187400) Train Loss: 0.7771, Train Steps/Sec: 0.46
[[34m2026-01-20 17:06:06[0m] (step=0187500) Train Loss: 0.7797, Train Steps/Sec: 0.47
[[34m2026-01-20 17:09:39[0m] (step=0187600) Train Loss: 0.7795, Train Steps/Sec: 0.47
[[34m2026-01-20 17:13:11[0m] (step=0187700) Train Loss: 0.7807, Train Steps/Sec: 0.47
[[34m2026-01-20 17:14:36[0m] Beginning epoch 413...
[[34m2026-01-20 17:16:44[0m] (step=0187800) Train Loss: 0.7788, Train Steps/Sec: 0.47
[[34m2026-01-20 17:20:17[0m] (step=0187900) Train Loss: 0.7798, Train Steps/Sec: 0.47
[[34m2026-01-20 17:23:50[0m] (step=0188000) Train Loss: 0.7784, Train Steps/Sec: 0.47
[[34m2026-01-20 17:27:22[0m] (step=0188100) Train Loss: 0.7790, Train Steps/Sec: 0.47
[[34m2026-01-20 17:28:05[0m] Beginning epoch 414...
[[34m2026-01-20 17:30:56[0m] (step=0188200) Train Loss: 0.7795, Train Steps/Sec: 0.47
[[34m2026-01-20 17:34:29[0m] (step=0188300) Train Loss: 0.7759, Train Steps/Sec: 0.47
[[34m2026-01-20 17:38:01[0m] (step=0188400) Train Loss: 0.7785, Train Steps/Sec: 0.47
[[34m2026-01-20 17:41:32[0m] (step=0188500) Train Loss: 0.7805, Train Steps/Sec: 0.47
[[34m2026-01-20 17:41:32[0m] Beginning epoch 415...
[[34m2026-01-20 17:45:04[0m] (step=0188600) Train Loss: 0.7790, Train Steps/Sec: 0.47
[[34m2026-01-20 17:48:38[0m] (step=0188700) Train Loss: 0.7799, Train Steps/Sec: 0.47
[[34m2026-01-20 17:52:10[0m] (step=0188800) Train Loss: 0.7777, Train Steps/Sec: 0.47
[[34m2026-01-20 17:55:01[0m] Beginning epoch 416...
[[34m2026-01-20 17:55:45[0m] (step=0188900) Train Loss: 0.7794, Train Steps/Sec: 0.47
[[34m2026-01-20 17:59:16[0m] (step=0189000) Train Loss: 0.7792, Train Steps/Sec: 0.47
[[34m2026-01-20 18:02:48[0m] (step=0189100) Train Loss: 0.7792, Train Steps/Sec: 0.47
[[34m2026-01-20 18:06:20[0m] (step=0189200) Train Loss: 0.7792, Train Steps/Sec: 0.47
[[34m2026-01-20 18:08:28[0m] Beginning epoch 417...
[[34m2026-01-20 18:09:55[0m] (step=0189300) Train Loss: 0.7775, Train Steps/Sec: 0.47
[[34m2026-01-20 18:13:27[0m] (step=0189400) Train Loss: 0.7801, Train Steps/Sec: 0.47
[[34m2026-01-20 18:16:59[0m] (step=0189500) Train Loss: 0.7778, Train Steps/Sec: 0.47
[[34m2026-01-20 18:20:32[0m] (step=0189600) Train Loss: 0.7798, Train Steps/Sec: 0.47
[[34m2026-01-20 18:21:57[0m] Beginning epoch 418...
[[34m2026-01-20 18:24:06[0m] (step=0189700) Train Loss: 0.7788, Train Steps/Sec: 0.47
[[34m2026-01-20 18:27:39[0m] (step=0189800) Train Loss: 0.7783, Train Steps/Sec: 0.47
[[34m2026-01-20 18:31:12[0m] (step=0189900) Train Loss: 0.7800, Train Steps/Sec: 0.47
[[34m2026-01-20 18:34:45[0m] (step=0190000) Train Loss: 0.7793, Train Steps/Sec: 0.47
[[34m2026-01-20 18:34:45[0m] Generating EMA samples...
[[34m2026-01-20 18:35:32[0m] Generating EMA samples done.
[[34m2026-01-20 18:36:14[0m] Beginning epoch 419...
[[34m2026-01-20 18:39:05[0m] (step=0190100) Train Loss: 0.7784, Train Steps/Sec: 0.38
[[34m2026-01-20 18:42:37[0m] (step=0190200) Train Loss: 0.7800, Train Steps/Sec: 0.47
[[34m2026-01-20 18:46:10[0m] (step=0190300) Train Loss: 0.7782, Train Steps/Sec: 0.47
[[34m2026-01-20 18:49:44[0m] (step=0190400) Train Loss: 0.7789, Train Steps/Sec: 0.47
[[34m2026-01-20 18:49:44[0m] Beginning epoch 420...
[[34m2026-01-20 18:53:18[0m] (step=0190500) Train Loss: 0.7784, Train Steps/Sec: 0.47
[[34m2026-01-20 18:56:52[0m] (step=0190600) Train Loss: 0.7779, Train Steps/Sec: 0.47
[[34m2026-01-20 19:00:24[0m] (step=0190700) Train Loss: 0.7798, Train Steps/Sec: 0.47
[[34m2026-01-20 19:03:15[0m] Beginning epoch 421...
[[34m2026-01-20 19:03:59[0m] (step=0190800) Train Loss: 0.7796, Train Steps/Sec: 0.46
[[34m2026-01-20 19:07:33[0m] (step=0190900) Train Loss: 0.7807, Train Steps/Sec: 0.47
[[34m2026-01-20 19:11:06[0m] (step=0191000) Train Loss: 0.7794, Train Steps/Sec: 0.47
[[34m2026-01-20 19:14:38[0m] (step=0191100) Train Loss: 0.7793, Train Steps/Sec: 0.47
[[34m2026-01-20 19:16:46[0m] Beginning epoch 422...
[[34m2026-01-20 19:18:13[0m] (step=0191200) Train Loss: 0.7797, Train Steps/Sec: 0.47
[[34m2026-01-20 19:21:45[0m] (step=0191300) Train Loss: 0.7794, Train Steps/Sec: 0.47
[[34m2026-01-20 19:25:17[0m] (step=0191400) Train Loss: 0.7766, Train Steps/Sec: 0.47
[[34m2026-01-20 19:28:50[0m] (step=0191500) Train Loss: 0.7787, Train Steps/Sec: 0.47
[[34m2026-01-20 19:30:15[0m] Beginning epoch 423...
[[34m2026-01-20 19:32:25[0m] (step=0191600) Train Loss: 0.7793, Train Steps/Sec: 0.46
[[34m2026-01-20 19:35:59[0m] (step=0191700) Train Loss: 0.7786, Train Steps/Sec: 0.47
[[34m2026-01-20 19:39:33[0m] (step=0191800) Train Loss: 0.7791, Train Steps/Sec: 0.47
[[34m2026-01-20 19:43:07[0m] (step=0191900) Train Loss: 0.7783, Train Steps/Sec: 0.47
[[34m2026-01-20 19:43:50[0m] Beginning epoch 424...
[[34m2026-01-20 19:46:41[0m] (step=0192000) Train Loss: 0.7785, Train Steps/Sec: 0.47
[[34m2026-01-20 19:50:15[0m] (step=0192100) Train Loss: 0.7793, Train Steps/Sec: 0.47
[[34m2026-01-20 19:53:47[0m] (step=0192200) Train Loss: 0.7787, Train Steps/Sec: 0.47
[[34m2026-01-20 19:57:20[0m] (step=0192300) Train Loss: 0.7795, Train Steps/Sec: 0.47
[[34m2026-01-20 19:57:20[0m] Beginning epoch 425...
[[34m2026-01-20 20:00:55[0m] (step=0192400) Train Loss: 0.7790, Train Steps/Sec: 0.47
[[34m2026-01-20 20:04:27[0m] (step=0192500) Train Loss: 0.7795, Train Steps/Sec: 0.47
[[34m2026-01-20 20:08:00[0m] (step=0192600) Train Loss: 0.7784, Train Steps/Sec: 0.47
[[34m2026-01-20 20:10:50[0m] Beginning epoch 426...
[[34m2026-01-20 20:11:34[0m] (step=0192700) Train Loss: 0.7798, Train Steps/Sec: 0.47
[[34m2026-01-20 20:15:08[0m] (step=0192800) Train Loss: 0.7787, Train Steps/Sec: 0.47
[[34m2026-01-20 20:18:40[0m] (step=0192900) Train Loss: 0.7800, Train Steps/Sec: 0.47
[[34m2026-01-20 20:22:13[0m] (step=0193000) Train Loss: 0.7798, Train Steps/Sec: 0.47
[[34m2026-01-20 20:24:20[0m] Beginning epoch 427...
[[34m2026-01-20 20:25:47[0m] (step=0193100) Train Loss: 0.7799, Train Steps/Sec: 0.47
[[34m2026-01-20 20:29:19[0m] (step=0193200) Train Loss: 0.7780, Train Steps/Sec: 0.47
[[34m2026-01-20 20:32:52[0m] (step=0193300) Train Loss: 0.7789, Train Steps/Sec: 0.47
[[34m2026-01-20 20:36:25[0m] (step=0193400) Train Loss: 0.7805, Train Steps/Sec: 0.47
[[34m2026-01-20 20:37:50[0m] Beginning epoch 428...
[[34m2026-01-20 20:39:58[0m] (step=0193500) Train Loss: 0.7779, Train Steps/Sec: 0.47
[[34m2026-01-20 20:43:30[0m] (step=0193600) Train Loss: 0.7787, Train Steps/Sec: 0.47
[[34m2026-01-20 20:47:03[0m] (step=0193700) Train Loss: 0.7799, Train Steps/Sec: 0.47
[[34m2026-01-20 20:50:36[0m] (step=0193800) Train Loss: 0.7789, Train Steps/Sec: 0.47
[[34m2026-01-20 20:51:19[0m] Beginning epoch 429...
[[34m2026-01-20 20:54:10[0m] (step=0193900) Train Loss: 0.7776, Train Steps/Sec: 0.47
[[34m2026-01-20 20:57:43[0m] (step=0194000) Train Loss: 0.7792, Train Steps/Sec: 0.47
[[34m2026-01-20 21:01:16[0m] (step=0194100) Train Loss: 0.7783, Train Steps/Sec: 0.47
[[34m2026-01-20 21:04:49[0m] (step=0194200) Train Loss: 0.7799, Train Steps/Sec: 0.47
[[34m2026-01-20 21:04:49[0m] Beginning epoch 430...
[[34m2026-01-20 21:08:23[0m] (step=0194300) Train Loss: 0.7782, Train Steps/Sec: 0.47
[[34m2026-01-20 21:11:56[0m] (step=0194400) Train Loss: 0.7790, Train Steps/Sec: 0.47
[[34m2026-01-20 21:15:28[0m] (step=0194500) Train Loss: 0.7807, Train Steps/Sec: 0.47
[[34m2026-01-20 21:18:18[0m] Beginning epoch 431...
[[34m2026-01-20 21:19:02[0m] (step=0194600) Train Loss: 0.7798, Train Steps/Sec: 0.47
[[34m2026-01-20 21:22:35[0m] (step=0194700) Train Loss: 0.7788, Train Steps/Sec: 0.47
[[34m2026-01-20 21:26:08[0m] (step=0194800) Train Loss: 0.7784, Train Steps/Sec: 0.47
[[34m2026-01-20 21:29:40[0m] (step=0194900) Train Loss: 0.7785, Train Steps/Sec: 0.47
[[34m2026-01-20 21:31:48[0m] Beginning epoch 432...
[[34m2026-01-20 21:33:15[0m] (step=0195000) Train Loss: 0.7804, Train Steps/Sec: 0.47
[[34m2026-01-20 21:33:19[0m] Saved checkpoint to /home/venky/dkarthik/baselines/SiT/results/004-SiT-B-2-Linear-velocity-None/checkpoints/432_0195000.pt
[[34m2026-01-20 21:36:51[0m] (step=0195100) Train Loss: 0.7782, Train Steps/Sec: 0.46
[[34m2026-01-20 21:40:24[0m] (step=0195200) Train Loss: 0.7810, Train Steps/Sec: 0.47
[[34m2026-01-20 21:43:56[0m] (step=0195300) Train Loss: 0.7785, Train Steps/Sec: 0.47
[[34m2026-01-20 21:45:21[0m] Beginning epoch 433...
[[34m2026-01-20 21:47:29[0m] (step=0195400) Train Loss: 0.7780, Train Steps/Sec: 0.47
[[34m2026-01-20 21:51:02[0m] (step=0195500) Train Loss: 0.7794, Train Steps/Sec: 0.47
[[34m2026-01-20 21:54:35[0m] (step=0195600) Train Loss: 0.7779, Train Steps/Sec: 0.47
[[34m2026-01-20 21:58:07[0m] (step=0195700) Train Loss: 0.7779, Train Steps/Sec: 0.47
[[34m2026-01-20 21:58:49[0m] Beginning epoch 434...
[[34m2026-01-20 22:01:41[0m] (step=0195800) Train Loss: 0.7780, Train Steps/Sec: 0.47
[[34m2026-01-20 22:05:13[0m] (step=0195900) Train Loss: 0.7785, Train Steps/Sec: 0.47
[[34m2026-01-20 22:08:46[0m] (step=0196000) Train Loss: 0.7778, Train Steps/Sec: 0.47
[[34m2026-01-20 22:12:18[0m] (step=0196100) Train Loss: 0.7812, Train Steps/Sec: 0.47
[[34m2026-01-20 22:12:18[0m] Beginning epoch 435...
[[34m2026-01-20 22:15:53[0m] (step=0196200) Train Loss: 0.7792, Train Steps/Sec: 0.47
[[34m2026-01-20 22:19:27[0m] (step=0196300) Train Loss: 0.7800, Train Steps/Sec: 0.47
[[34m2026-01-20 22:23:00[0m] (step=0196400) Train Loss: 0.7787, Train Steps/Sec: 0.47
[[34m2026-01-20 22:25:51[0m] Beginning epoch 436...
[[34m2026-01-20 22:26:35[0m] (step=0196500) Train Loss: 0.7799, Train Steps/Sec: 0.47
[[34m2026-01-20 22:30:07[0m] (step=0196600) Train Loss: 0.7789, Train Steps/Sec: 0.47
[[34m2026-01-20 22:33:40[0m] (step=0196700) Train Loss: 0.7800, Train Steps/Sec: 0.47
[[34m2026-01-20 22:37:12[0m] (step=0196800) Train Loss: 0.7795, Train Steps/Sec: 0.47
[[34m2026-01-20 22:39:19[0m] Beginning epoch 437...
[[34m2026-01-20 22:40:46[0m] (step=0196900) Train Loss: 0.7787, Train Steps/Sec: 0.47
[[34m2026-01-20 22:44:19[0m] (step=0197000) Train Loss: 0.7794, Train Steps/Sec: 0.47
[[34m2026-01-20 22:47:51[0m] (step=0197100) Train Loss: 0.7778, Train Steps/Sec: 0.47
[[34m2026-01-20 22:51:24[0m] (step=0197200) Train Loss: 0.7796, Train Steps/Sec: 0.47
[[34m2026-01-20 22:52:50[0m] Beginning epoch 438...
[[34m2026-01-20 22:54:58[0m] (step=0197300) Train Loss: 0.7792, Train Steps/Sec: 0.47
[[34m2026-01-20 22:58:30[0m] (step=0197400) Train Loss: 0.7788, Train Steps/Sec: 0.47
[[34m2026-01-20 23:02:03[0m] (step=0197500) Train Loss: 0.7780, Train Steps/Sec: 0.47
[[34m2026-01-20 23:05:36[0m] (step=0197600) Train Loss: 0.7771, Train Steps/Sec: 0.47
[[34m2026-01-20 23:06:19[0m] Beginning epoch 439...
[[34m2026-01-20 23:09:10[0m] (step=0197700) Train Loss: 0.7780, Train Steps/Sec: 0.47
[[34m2026-01-20 23:12:41[0m] (step=0197800) Train Loss: 0.7791, Train Steps/Sec: 0.47
[[34m2026-01-20 23:16:14[0m] (step=0197900) Train Loss: 0.7791, Train Steps/Sec: 0.47
[[34m2026-01-20 23:19:47[0m] (step=0198000) Train Loss: 0.7777, Train Steps/Sec: 0.47
[[34m2026-01-20 23:19:47[0m] Beginning epoch 440...
[[34m2026-01-20 23:23:21[0m] (step=0198100) Train Loss: 0.7779, Train Steps/Sec: 0.47
[[34m2026-01-20 23:26:54[0m] (step=0198200) Train Loss: 0.7809, Train Steps/Sec: 0.47
[[34m2026-01-20 23:30:26[0m] (step=0198300) Train Loss: 0.7768, Train Steps/Sec: 0.47
[[34m2026-01-20 23:33:17[0m] Beginning epoch 441...
[[34m2026-01-20 23:34:01[0m] (step=0198400) Train Loss: 0.7769, Train Steps/Sec: 0.47
[[34m2026-01-20 23:37:32[0m] (step=0198500) Train Loss: 0.7788, Train Steps/Sec: 0.47
[[34m2026-01-20 23:41:05[0m] (step=0198600) Train Loss: 0.7800, Train Steps/Sec: 0.47
[[34m2026-01-20 23:44:38[0m] (step=0198700) Train Loss: 0.7776, Train Steps/Sec: 0.47
[[34m2026-01-20 23:46:45[0m] Beginning epoch 442...
[[34m2026-01-20 23:48:11[0m] (step=0198800) Train Loss: 0.7781, Train Steps/Sec: 0.47
[[34m2026-01-20 23:51:43[0m] (step=0198900) Train Loss: 0.7802, Train Steps/Sec: 0.47
[[34m2026-01-20 23:55:16[0m] (step=0199000) Train Loss: 0.7787, Train Steps/Sec: 0.47
[[34m2026-01-20 23:58:50[0m] (step=0199100) Train Loss: 0.7781, Train Steps/Sec: 0.47
[[34m2026-01-21 00:00:15[0m] Beginning epoch 443...
[[34m2026-01-21 00:02:23[0m] (step=0199200) Train Loss: 0.7805, Train Steps/Sec: 0.47
[[34m2026-01-21 00:05:56[0m] (step=0199300) Train Loss: 0.7786, Train Steps/Sec: 0.47
[[34m2026-01-21 00:09:27[0m] (step=0199400) Train Loss: 0.7780, Train Steps/Sec: 0.47
[[34m2026-01-21 00:13:00[0m] (step=0199500) Train Loss: 0.7786, Train Steps/Sec: 0.47
[[34m2026-01-21 00:13:42[0m] Beginning epoch 444...
[[34m2026-01-21 00:16:34[0m] (step=0199600) Train Loss: 0.7778, Train Steps/Sec: 0.47
[[34m2026-01-21 00:20:06[0m] (step=0199700) Train Loss: 0.7793, Train Steps/Sec: 0.47
[[34m2026-01-21 00:23:40[0m] (step=0199800) Train Loss: 0.7789, Train Steps/Sec: 0.47
[[34m2026-01-21 00:27:13[0m] (step=0199900) Train Loss: 0.7793, Train Steps/Sec: 0.47
[[34m2026-01-21 00:27:13[0m] Beginning epoch 445...
[[34m2026-01-21 00:30:48[0m] (step=0200000) Train Loss: 0.7775, Train Steps/Sec: 0.47
[[34m2026-01-21 00:30:48[0m] Generating EMA samples...
[[34m2026-01-21 00:31:47[0m] Generating EMA samples done.
[[34m2026-01-21 00:35:18[0m] (step=0200100) Train Loss: 0.7780, Train Steps/Sec: 0.37
[[34m2026-01-21 00:38:51[0m] (step=0200200) Train Loss: 0.7781, Train Steps/Sec: 0.47
[[34m2026-01-21 00:41:42[0m] Beginning epoch 446...
[[34m2026-01-21 00:42:27[0m] (step=0200300) Train Loss: 0.7775, Train Steps/Sec: 0.46
[[34m2026-01-21 00:45:59[0m] (step=0200400) Train Loss: 0.7781, Train Steps/Sec: 0.47
[[34m2026-01-21 00:49:31[0m] (step=0200500) Train Loss: 0.7793, Train Steps/Sec: 0.47
[[34m2026-01-21 00:53:04[0m] (step=0200600) Train Loss: 0.7800, Train Steps/Sec: 0.47
[[34m2026-01-21 00:55:11[0m] Beginning epoch 447...
[[34m2026-01-21 00:56:38[0m] (step=0200700) Train Loss: 0.7796, Train Steps/Sec: 0.47
[[34m2026-01-21 01:00:11[0m] (step=0200800) Train Loss: 0.7783, Train Steps/Sec: 0.47
[[34m2026-01-21 01:03:43[0m] (step=0200900) Train Loss: 0.7779, Train Steps/Sec: 0.47
[[34m2026-01-21 01:07:15[0m] (step=0201000) Train Loss: 0.7788, Train Steps/Sec: 0.47
[[34m2026-01-21 01:08:40[0m] Beginning epoch 448...
[[34m2026-01-21 01:10:50[0m] (step=0201100) Train Loss: 0.7788, Train Steps/Sec: 0.47
[[34m2026-01-21 01:14:23[0m] (step=0201200) Train Loss: 0.7762, Train Steps/Sec: 0.47
[[34m2026-01-21 01:17:54[0m] (step=0201300) Train Loss: 0.7812, Train Steps/Sec: 0.47
[[34m2026-01-21 01:21:26[0m] (step=0201400) Train Loss: 0.7804, Train Steps/Sec: 0.47
[[34m2026-01-21 01:22:09[0m] Beginning epoch 449...
[[34m2026-01-21 01:25:01[0m] (step=0201500) Train Loss: 0.7785, Train Steps/Sec: 0.47
[[34m2026-01-21 01:28:34[0m] (step=0201600) Train Loss: 0.7775, Train Steps/Sec: 0.47
[[34m2026-01-21 01:32:07[0m] (step=0201700) Train Loss: 0.7782, Train Steps/Sec: 0.47
[[34m2026-01-21 01:35:40[0m] (step=0201800) Train Loss: 0.7776, Train Steps/Sec: 0.47
[[34m2026-01-21 01:35:40[0m] Beginning epoch 450...
[[34m2026-01-21 01:39:14[0m] (step=0201900) Train Loss: 0.7788, Train Steps/Sec: 0.47
[[34m2026-01-21 01:42:47[0m] (step=0202000) Train Loss: 0.7788, Train Steps/Sec: 0.47
[[34m2026-01-21 01:46:19[0m] (step=0202100) Train Loss: 0.7767, Train Steps/Sec: 0.47
[[34m2026-01-21 01:49:10[0m] Beginning epoch 451...
[[34m2026-01-21 01:49:53[0m] (step=0202200) Train Loss: 0.7793, Train Steps/Sec: 0.47
[[34m2026-01-21 01:53:26[0m] (step=0202300) Train Loss: 0.7791, Train Steps/Sec: 0.47
[[34m2026-01-21 01:56:58[0m] (step=0202400) Train Loss: 0.7791, Train Steps/Sec: 0.47
[[34m2026-01-21 02:00:31[0m] (step=0202500) Train Loss: 0.7788, Train Steps/Sec: 0.47
[[34m2026-01-21 02:02:39[0m] Beginning epoch 452...
[[34m2026-01-21 02:04:06[0m] (step=0202600) Train Loss: 0.7795, Train Steps/Sec: 0.47
[[34m2026-01-21 02:07:39[0m] (step=0202700) Train Loss: 0.7788, Train Steps/Sec: 0.47
[[34m2026-01-21 02:11:11[0m] (step=0202800) Train Loss: 0.7800, Train Steps/Sec: 0.47
[[34m2026-01-21 02:14:44[0m] (step=0202900) Train Loss: 0.7767, Train Steps/Sec: 0.47
[[34m2026-01-21 02:16:09[0m] Beginning epoch 453...
[[34m2026-01-21 02:18:18[0m] (step=0203000) Train Loss: 0.7786, Train Steps/Sec: 0.47
[[34m2026-01-21 02:21:51[0m] (step=0203100) Train Loss: 0.7783, Train Steps/Sec: 0.47
[[34m2026-01-21 02:25:21[0m] (step=0203200) Train Loss: 0.7785, Train Steps/Sec: 0.48
[[34m2026-01-21 02:28:52[0m] (step=0203300) Train Loss: 0.7785, Train Steps/Sec: 0.47
[[34m2026-01-21 02:29:35[0m] Beginning epoch 454...
[[34m2026-01-21 02:32:26[0m] (step=0203400) Train Loss: 0.7767, Train Steps/Sec: 0.47
[[34m2026-01-21 02:35:58[0m] (step=0203500) Train Loss: 0.7783, Train Steps/Sec: 0.47
[[34m2026-01-21 02:39:31[0m] (step=0203600) Train Loss: 0.7783, Train Steps/Sec: 0.47
[[34m2026-01-21 02:43:03[0m] (step=0203700) Train Loss: 0.7792, Train Steps/Sec: 0.47
[[34m2026-01-21 02:43:03[0m] Beginning epoch 455...
[[34m2026-01-21 02:46:37[0m] (step=0203800) Train Loss: 0.7778, Train Steps/Sec: 0.47
[[34m2026-01-21 02:50:10[0m] (step=0203900) Train Loss: 0.7785, Train Steps/Sec: 0.47
[[34m2026-01-21 02:53:42[0m] (step=0204000) Train Loss: 0.7791, Train Steps/Sec: 0.47
[[34m2026-01-21 02:56:32[0m] Beginning epoch 456...
[[34m2026-01-21 02:57:15[0m] (step=0204100) Train Loss: 0.7771, Train Steps/Sec: 0.47
[[34m2026-01-21 03:00:47[0m] (step=0204200) Train Loss: 0.7794, Train Steps/Sec: 0.47
[[34m2026-01-21 03:04:20[0m] (step=0204300) Train Loss: 0.7783, Train Steps/Sec: 0.47
[[34m2026-01-21 03:07:53[0m] (step=0204400) Train Loss: 0.7794, Train Steps/Sec: 0.47
[[34m2026-01-21 03:10:00[0m] Beginning epoch 457...
[[34m2026-01-21 03:11:27[0m] (step=0204500) Train Loss: 0.7786, Train Steps/Sec: 0.47
[[34m2026-01-21 03:15:00[0m] (step=0204600) Train Loss: 0.7762, Train Steps/Sec: 0.47
[[34m2026-01-21 03:18:32[0m] (step=0204700) Train Loss: 0.7788, Train Steps/Sec: 0.47
[[34m2026-01-21 03:22:05[0m] (step=0204800) Train Loss: 0.7773, Train Steps/Sec: 0.47
[[34m2026-01-21 03:23:30[0m] Beginning epoch 458...
[[34m2026-01-21 03:25:39[0m] (step=0204900) Train Loss: 0.7775, Train Steps/Sec: 0.47
[[34m2026-01-21 03:29:11[0m] (step=0205000) Train Loss: 0.7780, Train Steps/Sec: 0.47
[[34m2026-01-21 03:32:44[0m] (step=0205100) Train Loss: 0.7793, Train Steps/Sec: 0.47
[[34m2026-01-21 03:36:17[0m] (step=0205200) Train Loss: 0.7781, Train Steps/Sec: 0.47
[[34m2026-01-21 03:37:00[0m] Beginning epoch 459...
[[34m2026-01-21 03:39:52[0m] (step=0205300) Train Loss: 0.7771, Train Steps/Sec: 0.47
[[34m2026-01-21 03:43:23[0m] (step=0205400) Train Loss: 0.7772, Train Steps/Sec: 0.47
[[34m2026-01-21 03:46:56[0m] (step=0205500) Train Loss: 0.7776, Train Steps/Sec: 0.47
[[34m2026-01-21 03:50:29[0m] (step=0205600) Train Loss: 0.7786, Train Steps/Sec: 0.47
[[34m2026-01-21 03:50:29[0m] Beginning epoch 460...
[[34m2026-01-21 03:54:03[0m] (step=0205700) Train Loss: 0.7780, Train Steps/Sec: 0.47
[[34m2026-01-21 03:57:34[0m] (step=0205800) Train Loss: 0.7772, Train Steps/Sec: 0.47
[[34m2026-01-21 04:01:07[0m] (step=0205900) Train Loss: 0.7785, Train Steps/Sec: 0.47
[[34m2026-01-21 04:03:57[0m] Beginning epoch 461...
[[34m2026-01-21 04:04:41[0m] (step=0206000) Train Loss: 0.7787, Train Steps/Sec: 0.47
[[34m2026-01-21 04:08:13[0m] (step=0206100) Train Loss: 0.7787, Train Steps/Sec: 0.47
[[34m2026-01-21 04:11:46[0m] (step=0206200) Train Loss: 0.7792, Train Steps/Sec: 0.47
[[34m2026-01-21 04:15:19[0m] (step=0206300) Train Loss: 0.7784, Train Steps/Sec: 0.47
[[34m2026-01-21 04:17:27[0m] Beginning epoch 462...
[[34m2026-01-21 04:18:54[0m] (step=0206400) Train Loss: 0.7785, Train Steps/Sec: 0.47
[[34m2026-01-21 04:22:26[0m] (step=0206500) Train Loss: 0.7793, Train Steps/Sec: 0.47
[[34m2026-01-21 04:25:59[0m] (step=0206600) Train Loss: 0.7779, Train Steps/Sec: 0.47
[[34m2026-01-21 04:29:32[0m] (step=0206700) Train Loss: 0.7781, Train Steps/Sec: 0.47
[[34m2026-01-21 04:30:58[0m] Beginning epoch 463...
[[34m2026-01-21 04:33:08[0m] (step=0206800) Train Loss: 0.7789, Train Steps/Sec: 0.46
[[34m2026-01-21 04:36:40[0m] (step=0206900) Train Loss: 0.7781, Train Steps/Sec: 0.47
[[34m2026-01-21 04:40:11[0m] (step=0207000) Train Loss: 0.7780, Train Steps/Sec: 0.47
[[34m2026-01-21 04:43:45[0m] (step=0207100) Train Loss: 0.7788, Train Steps/Sec: 0.47
[[34m2026-01-21 04:44:28[0m] Beginning epoch 464...
[[34m2026-01-21 04:47:20[0m] (step=0207200) Train Loss: 0.7781, Train Steps/Sec: 0.47
[[34m2026-01-21 04:50:53[0m] (step=0207300) Train Loss: 0.7766, Train Steps/Sec: 0.47
[[34m2026-01-21 04:54:25[0m] (step=0207400) Train Loss: 0.7784, Train Steps/Sec: 0.47
[[34m2026-01-21 04:57:58[0m] (step=0207500) Train Loss: 0.7776, Train Steps/Sec: 0.47
[[34m2026-01-21 04:57:58[0m] Beginning epoch 465...
[[34m2026-01-21 05:01:33[0m] (step=0207600) Train Loss: 0.7796, Train Steps/Sec: 0.47
[[34m2026-01-21 05:05:06[0m] (step=0207700) Train Loss: 0.7791, Train Steps/Sec: 0.47
[[34m2026-01-21 05:08:39[0m] (step=0207800) Train Loss: 0.7783, Train Steps/Sec: 0.47
[[34m2026-01-21 05:11:29[0m] Beginning epoch 466...
[[34m2026-01-21 05:12:13[0m] (step=0207900) Train Loss: 0.7771, Train Steps/Sec: 0.47
[[34m2026-01-21 05:15:45[0m] (step=0208000) Train Loss: 0.7789, Train Steps/Sec: 0.47
[[34m2026-01-21 05:19:18[0m] (step=0208100) Train Loss: 0.7775, Train Steps/Sec: 0.47
[[34m2026-01-21 05:22:51[0m] (step=0208200) Train Loss: 0.7783, Train Steps/Sec: 0.47
[[34m2026-01-21 05:24:59[0m] Beginning epoch 467...
[[34m2026-01-21 05:26:26[0m] (step=0208300) Train Loss: 0.7809, Train Steps/Sec: 0.47
[[34m2026-01-21 05:29:58[0m] (step=0208400) Train Loss: 0.7792, Train Steps/Sec: 0.47
[[34m2026-01-21 05:33:30[0m] (step=0208500) Train Loss: 0.7777, Train Steps/Sec: 0.47
[[34m2026-01-21 05:37:02[0m] (step=0208600) Train Loss: 0.7775, Train Steps/Sec: 0.47
[[34m2026-01-21 05:38:27[0m] Beginning epoch 468...
[[34m2026-01-21 05:40:36[0m] (step=0208700) Train Loss: 0.7782, Train Steps/Sec: 0.47
[[34m2026-01-21 05:44:09[0m] (step=0208800) Train Loss: 0.7798, Train Steps/Sec: 0.47
[[34m2026-01-21 05:47:42[0m] (step=0208900) Train Loss: 0.7779, Train Steps/Sec: 0.47
[[34m2026-01-21 05:51:14[0m] (step=0209000) Train Loss: 0.7794, Train Steps/Sec: 0.47
[[34m2026-01-21 05:51:57[0m] Beginning epoch 469...
[[34m2026-01-21 05:54:48[0m] (step=0209100) Train Loss: 0.7786, Train Steps/Sec: 0.47
[[34m2026-01-21 05:58:21[0m] (step=0209200) Train Loss: 0.7764, Train Steps/Sec: 0.47
[[34m2026-01-21 06:01:53[0m] (step=0209300) Train Loss: 0.7780, Train Steps/Sec: 0.47
[[34m2026-01-21 06:05:25[0m] (step=0209400) Train Loss: 0.7780, Train Steps/Sec: 0.47
[[34m2026-01-21 06:05:25[0m] Beginning epoch 470...
[[34m2026-01-21 06:08:58[0m] (step=0209500) Train Loss: 0.7788, Train Steps/Sec: 0.47
[[34m2026-01-21 06:12:30[0m] (step=0209600) Train Loss: 0.7772, Train Steps/Sec: 0.47
[[34m2026-01-21 06:16:01[0m] (step=0209700) Train Loss: 0.7767, Train Steps/Sec: 0.47
[[34m2026-01-21 06:18:50[0m] Beginning epoch 471...
[[34m2026-01-21 06:19:34[0m] (step=0209800) Train Loss: 0.7780, Train Steps/Sec: 0.47
[[34m2026-01-21 06:23:05[0m] (step=0209900) Train Loss: 0.7782, Train Steps/Sec: 0.48
[[34m2026-01-21 06:26:37[0m] (step=0210000) Train Loss: 0.7767, Train Steps/Sec: 0.47
[[34m2026-01-21 06:26:42[0m] Saved checkpoint to /home/venky/dkarthik/baselines/SiT/results/004-SiT-B-2-Linear-velocity-None/checkpoints/471_0210000.pt
[[34m2026-01-21 06:26:42[0m] Generating EMA samples...
[[34m2026-01-21 06:27:38[0m] Generating EMA samples done.
[[34m2026-01-21 06:31:08[0m] (step=0210100) Train Loss: 0.7779, Train Steps/Sec: 0.37
[[34m2026-01-21 06:33:16[0m] Beginning epoch 472...
[[34m2026-01-21 06:34:42[0m] (step=0210200) Train Loss: 0.7787, Train Steps/Sec: 0.47
[[34m2026-01-21 06:38:14[0m] (step=0210300) Train Loss: 0.7770, Train Steps/Sec: 0.47
[[34m2026-01-21 06:41:47[0m] (step=0210400) Train Loss: 0.7773, Train Steps/Sec: 0.47
[[34m2026-01-21 06:45:20[0m] (step=0210500) Train Loss: 0.7786, Train Steps/Sec: 0.47
[[34m2026-01-21 06:46:45[0m] Beginning epoch 473...
[[34m2026-01-21 06:48:54[0m] (step=0210600) Train Loss: 0.7785, Train Steps/Sec: 0.47
[[34m2026-01-21 06:52:26[0m] (step=0210700) Train Loss: 0.7777, Train Steps/Sec: 0.47
[[34m2026-01-21 06:55:58[0m] (step=0210800) Train Loss: 0.7782, Train Steps/Sec: 0.47
[[34m2026-01-21 06:59:31[0m] (step=0210900) Train Loss: 0.7792, Train Steps/Sec: 0.47
[[34m2026-01-21 07:00:13[0m] Beginning epoch 474...
[[34m2026-01-21 07:03:05[0m] (step=0211000) Train Loss: 0.7752, Train Steps/Sec: 0.47
[[34m2026-01-21 07:06:37[0m] (step=0211100) Train Loss: 0.7791, Train Steps/Sec: 0.47
[[34m2026-01-21 07:10:10[0m] (step=0211200) Train Loss: 0.7783, Train Steps/Sec: 0.47
[[34m2026-01-21 07:13:43[0m] (step=0211300) Train Loss: 0.7785, Train Steps/Sec: 0.47
[[34m2026-01-21 07:13:43[0m] Beginning epoch 475...
[[34m2026-01-21 07:17:17[0m] (step=0211400) Train Loss: 0.7790, Train Steps/Sec: 0.47
[[34m2026-01-21 07:20:49[0m] (step=0211500) Train Loss: 0.7772, Train Steps/Sec: 0.47
[[34m2026-01-21 07:24:22[0m] (step=0211600) Train Loss: 0.7775, Train Steps/Sec: 0.47
[[34m2026-01-21 07:27:12[0m] Beginning epoch 476...
[[34m2026-01-21 07:27:56[0m] (step=0211700) Train Loss: 0.7791, Train Steps/Sec: 0.47
[[34m2026-01-21 07:31:30[0m] (step=0211800) Train Loss: 0.7785, Train Steps/Sec: 0.47
[[34m2026-01-21 07:35:04[0m] (step=0211900) Train Loss: 0.7789, Train Steps/Sec: 0.47
[[34m2026-01-21 07:38:38[0m] (step=0212000) Train Loss: 0.7754, Train Steps/Sec: 0.47
[[34m2026-01-21 07:40:46[0m] Beginning epoch 477...
[[34m2026-01-21 07:42:14[0m] (step=0212100) Train Loss: 0.7782, Train Steps/Sec: 0.46
[[34m2026-01-21 07:45:47[0m] (step=0212200) Train Loss: 0.7771, Train Steps/Sec: 0.47
[[34m2026-01-21 07:49:20[0m] (step=0212300) Train Loss: 0.7783, Train Steps/Sec: 0.47
[[34m2026-01-21 07:52:53[0m] (step=0212400) Train Loss: 0.7785, Train Steps/Sec: 0.47
[[34m2026-01-21 07:54:18[0m] Beginning epoch 478...
[[34m2026-01-21 07:56:28[0m] (step=0212500) Train Loss: 0.7783, Train Steps/Sec: 0.47
[[34m2026-01-21 08:00:00[0m] (step=0212600) Train Loss: 0.7789, Train Steps/Sec: 0.47
[[34m2026-01-21 08:03:33[0m] (step=0212700) Train Loss: 0.7769, Train Steps/Sec: 0.47
[[34m2026-01-21 08:07:05[0m] (step=0212800) Train Loss: 0.7774, Train Steps/Sec: 0.47
[[34m2026-01-21 08:07:47[0m] Beginning epoch 479...
[[34m2026-01-21 08:10:39[0m] (step=0212900) Train Loss: 0.7782, Train Steps/Sec: 0.47
[[34m2026-01-21 08:14:11[0m] (step=0213000) Train Loss: 0.7773, Train Steps/Sec: 0.47
[[34m2026-01-21 08:17:43[0m] (step=0213100) Train Loss: 0.7772, Train Steps/Sec: 0.47
[[34m2026-01-21 08:21:15[0m] (step=0213200) Train Loss: 0.7777, Train Steps/Sec: 0.47
[[34m2026-01-21 08:21:15[0m] Beginning epoch 480...
[[34m2026-01-21 08:24:48[0m] (step=0213300) Train Loss: 0.7776, Train Steps/Sec: 0.47
[[34m2026-01-21 08:28:20[0m] (step=0213400) Train Loss: 0.7772, Train Steps/Sec: 0.47
[[34m2026-01-21 08:31:52[0m] (step=0213500) Train Loss: 0.7776, Train Steps/Sec: 0.47
[[34m2026-01-21 08:34:42[0m] Beginning epoch 481...
[[34m2026-01-21 08:35:26[0m] (step=0213600) Train Loss: 0.7771, Train Steps/Sec: 0.47
[[34m2026-01-21 08:38:59[0m] (step=0213700) Train Loss: 0.7769, Train Steps/Sec: 0.47
[[34m2026-01-21 08:42:31[0m] (step=0213800) Train Loss: 0.7775, Train Steps/Sec: 0.47
[[34m2026-01-21 08:46:04[0m] (step=0213900) Train Loss: 0.7785, Train Steps/Sec: 0.47
[[34m2026-01-21 08:48:11[0m] Beginning epoch 482...
[[34m2026-01-21 08:49:37[0m] (step=0214000) Train Loss: 0.7784, Train Steps/Sec: 0.47
[[34m2026-01-21 08:53:09[0m] (step=0214100) Train Loss: 0.7766, Train Steps/Sec: 0.47
[[34m2026-01-21 08:56:41[0m] (step=0214200) Train Loss: 0.7762, Train Steps/Sec: 0.47
[[34m2026-01-21 09:00:15[0m] (step=0214300) Train Loss: 0.7783, Train Steps/Sec: 0.47
[[34m2026-01-21 09:01:40[0m] Beginning epoch 483...
[[34m2026-01-21 09:03:47[0m] (step=0214400) Train Loss: 0.7761, Train Steps/Sec: 0.47
[[34m2026-01-21 09:07:19[0m] (step=0214500) Train Loss: 0.7800, Train Steps/Sec: 0.47
[[34m2026-01-21 09:10:50[0m] (step=0214600) Train Loss: 0.7782, Train Steps/Sec: 0.47
[[34m2026-01-21 09:14:22[0m] (step=0214700) Train Loss: 0.7785, Train Steps/Sec: 0.47
[[34m2026-01-21 09:15:05[0m] Beginning epoch 484...
[[34m2026-01-21 09:17:56[0m] (step=0214800) Train Loss: 0.7764, Train Steps/Sec: 0.47
[[34m2026-01-21 09:21:27[0m] (step=0214900) Train Loss: 0.7774, Train Steps/Sec: 0.47
[[34m2026-01-21 09:25:00[0m] (step=0215000) Train Loss: 0.7773, Train Steps/Sec: 0.47
[[34m2026-01-21 09:28:34[0m] (step=0215100) Train Loss: 0.7777, Train Steps/Sec: 0.47
[[34m2026-01-21 09:28:34[0m] Beginning epoch 485...
[[34m2026-01-21 09:32:08[0m] (step=0215200) Train Loss: 0.7777, Train Steps/Sec: 0.47
[[34m2026-01-21 09:35:40[0m] (step=0215300) Train Loss: 0.7770, Train Steps/Sec: 0.47
[[34m2026-01-21 09:39:13[0m] (step=0215400) Train Loss: 0.7784, Train Steps/Sec: 0.47
[[34m2026-01-21 09:42:04[0m] Beginning epoch 486...
[[34m2026-01-21 09:42:48[0m] (step=0215500) Train Loss: 0.7782, Train Steps/Sec: 0.47
[[34m2026-01-21 09:46:20[0m] (step=0215600) Train Loss: 0.7774, Train Steps/Sec: 0.47
[[34m2026-01-21 09:49:50[0m] (step=0215700) Train Loss: 0.7783, Train Steps/Sec: 0.48
[[34m2026-01-21 09:53:23[0m] (step=0215800) Train Loss: 0.7780, Train Steps/Sec: 0.47
[[34m2026-01-21 09:55:31[0m] Beginning epoch 487...
[[34m2026-01-21 09:56:58[0m] (step=0215900) Train Loss: 0.7791, Train Steps/Sec: 0.47
[[34m2026-01-21 10:00:31[0m] (step=0216000) Train Loss: 0.7762, Train Steps/Sec: 0.47
[[34m2026-01-21 10:04:03[0m] (step=0216100) Train Loss: 0.7775, Train Steps/Sec: 0.47
[[34m2026-01-21 10:07:35[0m] (step=0216200) Train Loss: 0.7775, Train Steps/Sec: 0.47
[[34m2026-01-21 10:08:59[0m] Beginning epoch 488...
[[34m2026-01-21 10:11:07[0m] (step=0216300) Train Loss: 0.7763, Train Steps/Sec: 0.47
[[34m2026-01-21 10:14:39[0m] (step=0216400) Train Loss: 0.7787, Train Steps/Sec: 0.47
[[34m2026-01-21 10:18:13[0m] (step=0216500) Train Loss: 0.7776, Train Steps/Sec: 0.47
[[34m2026-01-21 10:21:46[0m] (step=0216600) Train Loss: 0.7771, Train Steps/Sec: 0.47
[[34m2026-01-21 10:22:28[0m] Beginning epoch 489...
[[34m2026-01-21 10:25:21[0m] (step=0216700) Train Loss: 0.7776, Train Steps/Sec: 0.47
[[34m2026-01-21 10:28:52[0m] (step=0216800) Train Loss: 0.7791, Train Steps/Sec: 0.47
[[34m2026-01-21 10:32:25[0m] (step=0216900) Train Loss: 0.7781, Train Steps/Sec: 0.47
[[34m2026-01-21 10:35:58[0m] (step=0217000) Train Loss: 0.7785, Train Steps/Sec: 0.47
[[34m2026-01-21 10:35:58[0m] Beginning epoch 490...
[[34m2026-01-21 10:39:33[0m] (step=0217100) Train Loss: 0.7771, Train Steps/Sec: 0.47
[[34m2026-01-21 10:43:05[0m] (step=0217200) Train Loss: 0.7787, Train Steps/Sec: 0.47
[[34m2026-01-21 10:46:38[0m] (step=0217300) Train Loss: 0.7774, Train Steps/Sec: 0.47
[[34m2026-01-21 10:49:29[0m] Beginning epoch 491...
[[34m2026-01-21 10:50:12[0m] (step=0217400) Train Loss: 0.7761, Train Steps/Sec: 0.47
[[34m2026-01-21 10:53:45[0m] (step=0217500) Train Loss: 0.7772, Train Steps/Sec: 0.47
[[34m2026-01-21 10:57:17[0m] (step=0217600) Train Loss: 0.7772, Train Steps/Sec: 0.47
[[34m2026-01-21 11:00:49[0m] (step=0217700) Train Loss: 0.7786, Train Steps/Sec: 0.47
[[34m2026-01-21 11:02:57[0m] Beginning epoch 492...
[[34m2026-01-21 11:04:23[0m] (step=0217800) Train Loss: 0.7787, Train Steps/Sec: 0.47
[[34m2026-01-21 11:07:56[0m] (step=0217900) Train Loss: 0.7758, Train Steps/Sec: 0.47
[[34m2026-01-21 11:11:28[0m] (step=0218000) Train Loss: 0.7774, Train Steps/Sec: 0.47
[[34m2026-01-21 11:15:01[0m] (step=0218100) Train Loss: 0.7771, Train Steps/Sec: 0.47
[[34m2026-01-21 11:16:26[0m] Beginning epoch 493...
[[34m2026-01-21 11:18:35[0m] (step=0218200) Train Loss: 0.7780, Train Steps/Sec: 0.47
[[34m2026-01-21 11:22:07[0m] (step=0218300) Train Loss: 0.7763, Train Steps/Sec: 0.47
[[34m2026-01-21 11:25:39[0m] (step=0218400) Train Loss: 0.7786, Train Steps/Sec: 0.47
[[34m2026-01-21 11:29:11[0m] (step=0218500) Train Loss: 0.7780, Train Steps/Sec: 0.47
[[34m2026-01-21 11:29:53[0m] Beginning epoch 494...
[[34m2026-01-21 11:32:45[0m] (step=0218600) Train Loss: 0.7772, Train Steps/Sec: 0.47
[[34m2026-01-21 11:36:17[0m] (step=0218700) Train Loss: 0.7780, Train Steps/Sec: 0.47
[[34m2026-01-21 11:39:49[0m] (step=0218800) Train Loss: 0.7762, Train Steps/Sec: 0.47
[[34m2026-01-21 11:43:20[0m] (step=0218900) Train Loss: 0.7778, Train Steps/Sec: 0.47
[[34m2026-01-21 11:43:20[0m] Beginning epoch 495...
[[34m2026-01-21 11:46:53[0m] (step=0219000) Train Loss: 0.7784, Train Steps/Sec: 0.47
[[34m2026-01-21 11:50:25[0m] (step=0219100) Train Loss: 0.7788, Train Steps/Sec: 0.47
[[34m2026-01-21 11:53:57[0m] (step=0219200) Train Loss: 0.7779, Train Steps/Sec: 0.47
[[34m2026-01-21 11:56:47[0m] Beginning epoch 496...
[[34m2026-01-21 11:57:32[0m] (step=0219300) Train Loss: 0.7763, Train Steps/Sec: 0.46
[[34m2026-01-21 12:01:04[0m] (step=0219400) Train Loss: 0.7777, Train Steps/Sec: 0.47
[[34m2026-01-21 12:04:38[0m] (step=0219500) Train Loss: 0.7760, Train Steps/Sec: 0.47
[[34m2026-01-21 12:08:11[0m] (step=0219600) Train Loss: 0.7804, Train Steps/Sec: 0.47
[[34m2026-01-21 12:10:19[0m] Beginning epoch 497...
[[34m2026-01-21 12:11:46[0m] (step=0219700) Train Loss: 0.7772, Train Steps/Sec: 0.47
[[34m2026-01-21 12:15:19[0m] (step=0219800) Train Loss: 0.7754, Train Steps/Sec: 0.47
[[34m2026-01-21 12:18:51[0m] (step=0219900) Train Loss: 0.7786, Train Steps/Sec: 0.47
[[34m2026-01-21 12:22:23[0m] (step=0220000) Train Loss: 0.7779, Train Steps/Sec: 0.47
[[34m2026-01-21 12:22:23[0m] Generating EMA samples...
[[34m2026-01-21 12:23:20[0m] Generating EMA samples done.
[[34m2026-01-21 12:24:44[0m] Beginning epoch 498...
[[34m2026-01-21 12:26:54[0m] (step=0220100) Train Loss: 0.7759, Train Steps/Sec: 0.37
[[34m2026-01-21 12:30:26[0m] (step=0220200) Train Loss: 0.7769, Train Steps/Sec: 0.47
[[34m2026-01-21 12:33:58[0m] (step=0220300) Train Loss: 0.7786, Train Steps/Sec: 0.47
[[34m2026-01-21 12:37:31[0m] (step=0220400) Train Loss: 0.7772, Train Steps/Sec: 0.47
[[34m2026-01-21 12:38:13[0m] Beginning epoch 499...
[[34m2026-01-21 12:41:05[0m] (step=0220500) Train Loss: 0.7759, Train Steps/Sec: 0.47
[[34m2026-01-21 12:44:37[0m] (step=0220600) Train Loss: 0.7782, Train Steps/Sec: 0.47
[[34m2026-01-21 12:48:09[0m] (step=0220700) Train Loss: 0.7770, Train Steps/Sec: 0.47
[[34m2026-01-21 12:51:41[0m] (step=0220800) Train Loss: 0.7783, Train Steps/Sec: 0.47
[[34m2026-01-21 12:51:41[0m] Beginning epoch 500...
[[34m2026-01-21 12:55:16[0m] (step=0220900) Train Loss: 0.7774, Train Steps/Sec: 0.47
[[34m2026-01-21 12:58:49[0m] (step=0221000) Train Loss: 0.7787, Train Steps/Sec: 0.47
[[34m2026-01-21 13:02:22[0m] (step=0221100) Train Loss: 0.7765, Train Steps/Sec: 0.47
[[34m2026-01-21 13:05:12[0m] Beginning epoch 501...
[[34m2026-01-21 13:05:56[0m] (step=0221200) Train Loss: 0.7779, Train Steps/Sec: 0.47
[[34m2026-01-21 13:09:29[0m] (step=0221300) Train Loss: 0.7762, Train Steps/Sec: 0.47
[[34m2026-01-21 13:13:01[0m] (step=0221400) Train Loss: 0.7778, Train Steps/Sec: 0.47
[[34m2026-01-21 13:16:34[0m] (step=0221500) Train Loss: 0.7752, Train Steps/Sec: 0.47
[[34m2026-01-21 13:18:42[0m] Beginning epoch 502...
[[34m2026-01-21 13:20:08[0m] (step=0221600) Train Loss: 0.7794, Train Steps/Sec: 0.47
[[34m2026-01-21 13:23:40[0m] (step=0221700) Train Loss: 0.7777, Train Steps/Sec: 0.47
[[34m2026-01-21 13:27:13[0m] (step=0221800) Train Loss: 0.7789, Train Steps/Sec: 0.47
[[34m2026-01-21 13:30:46[0m] (step=0221900) Train Loss: 0.7777, Train Steps/Sec: 0.47
[[34m2026-01-21 13:32:11[0m] Beginning epoch 503...
[[34m2026-01-21 13:34:19[0m] (step=0222000) Train Loss: 0.7785, Train Steps/Sec: 0.47
[[34m2026-01-21 13:37:52[0m] (step=0222100) Train Loss: 0.7780, Train Steps/Sec: 0.47
[[34m2026-01-21 13:41:25[0m] (step=0222200) Train Loss: 0.7785, Train Steps/Sec: 0.47
[[34m2026-01-21 13:44:56[0m] (step=0222300) Train Loss: 0.7774, Train Steps/Sec: 0.47
[[34m2026-01-21 13:45:39[0m] Beginning epoch 504...
[[34m2026-01-21 13:48:30[0m] (step=0222400) Train Loss: 0.7791, Train Steps/Sec: 0.47
[[34m2026-01-21 13:52:03[0m] (step=0222500) Train Loss: 0.7778, Train Steps/Sec: 0.47
[[34m2026-01-21 13:55:36[0m] (step=0222600) Train Loss: 0.7772, Train Steps/Sec: 0.47
[[34m2026-01-21 13:59:09[0m] (step=0222700) Train Loss: 0.7763, Train Steps/Sec: 0.47
[[34m2026-01-21 13:59:09[0m] Beginning epoch 505...
[[34m2026-01-21 14:02:43[0m] (step=0222800) Train Loss: 0.7772, Train Steps/Sec: 0.47
[[34m2026-01-21 14:06:15[0m] (step=0222900) Train Loss: 0.7796, Train Steps/Sec: 0.47
[[34m2026-01-21 14:09:47[0m] (step=0223000) Train Loss: 0.7779, Train Steps/Sec: 0.47
[[34m2026-01-21 14:12:37[0m] Beginning epoch 506...
[[34m2026-01-21 14:13:22[0m] (step=0223100) Train Loss: 0.7774, Train Steps/Sec: 0.47
[[34m2026-01-21 14:16:54[0m] (step=0223200) Train Loss: 0.7750, Train Steps/Sec: 0.47
[[34m2026-01-21 14:20:27[0m] (step=0223300) Train Loss: 0.7780, Train Steps/Sec: 0.47
[[34m2026-01-21 14:23:59[0m] (step=0223400) Train Loss: 0.7777, Train Steps/Sec: 0.47
[[34m2026-01-21 14:26:07[0m] Beginning epoch 507...
[[34m2026-01-21 14:27:34[0m] (step=0223500) Train Loss: 0.7766, Train Steps/Sec: 0.46
[[34m2026-01-21 14:31:05[0m] (step=0223600) Train Loss: 0.7764, Train Steps/Sec: 0.47
[[34m2026-01-21 14:34:37[0m] (step=0223700) Train Loss: 0.7774, Train Steps/Sec: 0.47
[[34m2026-01-21 14:38:10[0m] (step=0223800) Train Loss: 0.7776, Train Steps/Sec: 0.47
[[34m2026-01-21 14:39:35[0m] Beginning epoch 508...
[[34m2026-01-21 14:41:44[0m] (step=0223900) Train Loss: 0.7776, Train Steps/Sec: 0.47
[[34m2026-01-21 14:45:17[0m] (step=0224000) Train Loss: 0.7777, Train Steps/Sec: 0.47
[[34m2026-01-21 14:48:49[0m] (step=0224100) Train Loss: 0.7791, Train Steps/Sec: 0.47
[[34m2026-01-21 14:52:21[0m] (step=0224200) Train Loss: 0.7789, Train Steps/Sec: 0.47
[[34m2026-01-21 14:53:03[0m] Beginning epoch 509...
[[34m2026-01-21 14:55:55[0m] (step=0224300) Train Loss: 0.7759, Train Steps/Sec: 0.47
[[34m2026-01-21 14:59:25[0m] (step=0224400) Train Loss: 0.7761, Train Steps/Sec: 0.47
[[34m2026-01-21 15:02:58[0m] (step=0224500) Train Loss: 0.7754, Train Steps/Sec: 0.47
[[34m2026-01-21 15:06:31[0m] (step=0224600) Train Loss: 0.7766, Train Steps/Sec: 0.47
[[34m2026-01-21 15:06:31[0m] Beginning epoch 510...
[[34m2026-01-21 15:10:05[0m] (step=0224700) Train Loss: 0.7771, Train Steps/Sec: 0.47
[[34m2026-01-21 15:13:38[0m] (step=0224800) Train Loss: 0.7771, Train Steps/Sec: 0.47
[[34m2026-01-21 15:17:11[0m] (step=0224900) Train Loss: 0.7757, Train Steps/Sec: 0.47
[[34m2026-01-21 15:20:01[0m] Beginning epoch 511...
[[34m2026-01-21 15:20:45[0m] (step=0225000) Train Loss: 0.7789, Train Steps/Sec: 0.47
[[34m2026-01-21 15:20:51[0m] Saved checkpoint to /home/venky/dkarthik/baselines/SiT/results/004-SiT-B-2-Linear-velocity-None/checkpoints/511_0225000.pt
[[34m2026-01-21 15:24:23[0m] (step=0225100) Train Loss: 0.7769, Train Steps/Sec: 0.46
[[34m2026-01-21 15:27:56[0m] (step=0225200) Train Loss: 0.7759, Train Steps/Sec: 0.47
[[34m2026-01-21 15:31:30[0m] (step=0225300) Train Loss: 0.7775, Train Steps/Sec: 0.47
[[34m2026-01-21 15:33:37[0m] Beginning epoch 512...
[[34m2026-01-21 15:35:03[0m] (step=0225400) Train Loss: 0.7783, Train Steps/Sec: 0.47
[[34m2026-01-21 15:38:36[0m] (step=0225500) Train Loss: 0.7781, Train Steps/Sec: 0.47
[[34m2026-01-21 15:42:10[0m] (step=0225600) Train Loss: 0.7778, Train Steps/Sec: 0.47
[[34m2026-01-21 15:45:42[0m] (step=0225700) Train Loss: 0.7776, Train Steps/Sec: 0.47
[[34m2026-01-21 15:47:08[0m] Beginning epoch 513...
[[34m2026-01-21 15:49:17[0m] (step=0225800) Train Loss: 0.7771, Train Steps/Sec: 0.47
[[34m2026-01-21 15:52:49[0m] (step=0225900) Train Loss: 0.7766, Train Steps/Sec: 0.47
[[34m2026-01-21 15:56:23[0m] (step=0226000) Train Loss: 0.7772, Train Steps/Sec: 0.47
[[34m2026-01-21 15:59:57[0m] (step=0226100) Train Loss: 0.7785, Train Steps/Sec: 0.47
[[34m2026-01-21 16:00:40[0m] Beginning epoch 514...
[[34m2026-01-21 16:03:32[0m] (step=0226200) Train Loss: 0.7762, Train Steps/Sec: 0.46
[[34m2026-01-21 16:07:05[0m] (step=0226300) Train Loss: 0.7783, Train Steps/Sec: 0.47
[[34m2026-01-21 16:10:38[0m] (step=0226400) Train Loss: 0.7782, Train Steps/Sec: 0.47
[[34m2026-01-21 16:14:11[0m] (step=0226500) Train Loss: 0.7783, Train Steps/Sec: 0.47
[[34m2026-01-21 16:14:11[0m] Beginning epoch 515...
[[34m2026-01-21 16:17:46[0m] (step=0226600) Train Loss: 0.7784, Train Steps/Sec: 0.47
[[34m2026-01-21 16:21:19[0m] (step=0226700) Train Loss: 0.7781, Train Steps/Sec: 0.47
[[34m2026-01-21 16:24:51[0m] (step=0226800) Train Loss: 0.7778, Train Steps/Sec: 0.47
[[34m2026-01-21 16:27:42[0m] Beginning epoch 516...
[[34m2026-01-21 16:28:27[0m] (step=0226900) Train Loss: 0.7764, Train Steps/Sec: 0.46
[[34m2026-01-21 16:32:01[0m] (step=0227000) Train Loss: 0.7773, Train Steps/Sec: 0.47
[[34m2026-01-21 16:35:34[0m] (step=0227100) Train Loss: 0.7762, Train Steps/Sec: 0.47
[[34m2026-01-21 16:39:06[0m] (step=0227200) Train Loss: 0.7767, Train Steps/Sec: 0.47
[[34m2026-01-21 16:41:14[0m] Beginning epoch 517...
[[34m2026-01-21 16:42:40[0m] (step=0227300) Train Loss: 0.7774, Train Steps/Sec: 0.47
[[34m2026-01-21 16:46:11[0m] (step=0227400) Train Loss: 0.7767, Train Steps/Sec: 0.47
[[34m2026-01-21 16:49:43[0m] (step=0227500) Train Loss: 0.7772, Train Steps/Sec: 0.47
[[34m2026-01-21 16:53:16[0m] (step=0227600) Train Loss: 0.7772, Train Steps/Sec: 0.47
[[34m2026-01-21 16:54:41[0m] Beginning epoch 518...
[[34m2026-01-21 16:56:51[0m] (step=0227700) Train Loss: 0.7767, Train Steps/Sec: 0.47
[[34m2026-01-21 17:00:24[0m] (step=0227800) Train Loss: 0.7770, Train Steps/Sec: 0.47
[[34m2026-01-21 17:03:56[0m] (step=0227900) Train Loss: 0.7795, Train Steps/Sec: 0.47
[[34m2026-01-21 17:07:29[0m] (step=0228000) Train Loss: 0.7766, Train Steps/Sec: 0.47
[[34m2026-01-21 17:08:12[0m] Beginning epoch 519...
[[34m2026-01-21 17:11:04[0m] (step=0228100) Train Loss: 0.7754, Train Steps/Sec: 0.47
[[34m2026-01-21 17:14:37[0m] (step=0228200) Train Loss: 0.7774, Train Steps/Sec: 0.47
[[34m2026-01-21 17:18:10[0m] (step=0228300) Train Loss: 0.7781, Train Steps/Sec: 0.47
[[34m2026-01-21 17:21:42[0m] (step=0228400) Train Loss: 0.7772, Train Steps/Sec: 0.47
[[34m2026-01-21 17:21:42[0m] Beginning epoch 520...
[[34m2026-01-21 17:25:17[0m] (step=0228500) Train Loss: 0.7781, Train Steps/Sec: 0.47
[[34m2026-01-21 17:28:49[0m] (step=0228600) Train Loss: 0.7761, Train Steps/Sec: 0.47
[[34m2026-01-21 17:32:22[0m] (step=0228700) Train Loss: 0.7783, Train Steps/Sec: 0.47
[[34m2026-01-21 17:35:13[0m] Beginning epoch 521...
[[34m2026-01-21 17:35:58[0m] (step=0228800) Train Loss: 0.7769, Train Steps/Sec: 0.46
[[34m2026-01-21 17:39:31[0m] (step=0228900) Train Loss: 0.7780, Train Steps/Sec: 0.47
[[34m2026-01-21 17:43:04[0m] (step=0229000) Train Loss: 0.7776, Train Steps/Sec: 0.47
[[34m2026-01-21 17:46:37[0m] (step=0229100) Train Loss: 0.7750, Train Steps/Sec: 0.47
[[34m2026-01-21 17:48:45[0m] Beginning epoch 522...
[[34m2026-01-21 17:50:12[0m] (step=0229200) Train Loss: 0.7759, Train Steps/Sec: 0.47
[[34m2026-01-21 17:53:45[0m] (step=0229300) Train Loss: 0.7774, Train Steps/Sec: 0.47
[[34m2026-01-21 17:57:18[0m] (step=0229400) Train Loss: 0.7773, Train Steps/Sec: 0.47
[[34m2026-01-21 18:00:50[0m] (step=0229500) Train Loss: 0.7775, Train Steps/Sec: 0.47
[[34m2026-01-21 18:02:16[0m] Beginning epoch 523...
[[34m2026-01-21 18:04:25[0m] (step=0229600) Train Loss: 0.7781, Train Steps/Sec: 0.46
[[34m2026-01-21 18:07:59[0m] (step=0229700) Train Loss: 0.7773, Train Steps/Sec: 0.47
[[34m2026-01-21 18:11:32[0m] (step=0229800) Train Loss: 0.7772, Train Steps/Sec: 0.47
[[34m2026-01-21 18:15:04[0m] (step=0229900) Train Loss: 0.7775, Train Steps/Sec: 0.47
[[34m2026-01-21 18:15:47[0m] Beginning epoch 524...
[[34m2026-01-21 18:18:39[0m] (step=0230000) Train Loss: 0.7749, Train Steps/Sec: 0.47
[[34m2026-01-21 18:18:39[0m] Generating EMA samples...
[[34m2026-01-21 18:19:27[0m] Generating EMA samples done.
[[34m2026-01-21 18:22:58[0m] (step=0230100) Train Loss: 0.7768, Train Steps/Sec: 0.39
[[34m2026-01-21 18:26:31[0m] (step=0230200) Train Loss: 0.7758, Train Steps/Sec: 0.47
[[34m2026-01-21 18:30:04[0m] (step=0230300) Train Loss: 0.7765, Train Steps/Sec: 0.47
[[34m2026-01-21 18:30:04[0m] Beginning epoch 525...
[[34m2026-01-21 18:33:39[0m] (step=0230400) Train Loss: 0.7765, Train Steps/Sec: 0.46
[[34m2026-01-21 18:37:14[0m] (step=0230500) Train Loss: 0.7771, Train Steps/Sec: 0.47
[[34m2026-01-21 18:40:47[0m] (step=0230600) Train Loss: 0.7763, Train Steps/Sec: 0.47
[[34m2026-01-21 18:43:37[0m] Beginning epoch 526...
[[34m2026-01-21 18:44:21[0m] (step=0230700) Train Loss: 0.7765, Train Steps/Sec: 0.47
[[34m2026-01-21 18:47:54[0m] (step=0230800) Train Loss: 0.7780, Train Steps/Sec: 0.47
[[34m2026-01-21 18:51:28[0m] (step=0230900) Train Loss: 0.7763, Train Steps/Sec: 0.47
[[34m2026-01-21 18:55:01[0m] (step=0231000) Train Loss: 0.7782, Train Steps/Sec: 0.47
[[34m2026-01-21 18:57:09[0m] Beginning epoch 527...
[[34m2026-01-21 18:58:36[0m] (step=0231100) Train Loss: 0.7766, Train Steps/Sec: 0.46
[[34m2026-01-21 19:02:09[0m] (step=0231200) Train Loss: 0.7763, Train Steps/Sec: 0.47
[[34m2026-01-21 19:05:42[0m] (step=0231300) Train Loss: 0.7781, Train Steps/Sec: 0.47
[[34m2026-01-21 19:09:14[0m] (step=0231400) Train Loss: 0.7759, Train Steps/Sec: 0.47
[[34m2026-01-21 19:10:39[0m] Beginning epoch 528...
[[34m2026-01-21 19:12:48[0m] (step=0231500) Train Loss: 0.7764, Train Steps/Sec: 0.47
[[34m2026-01-21 19:16:22[0m] (step=0231600) Train Loss: 0.7777, Train Steps/Sec: 0.47
[[34m2026-01-21 19:19:56[0m] (step=0231700) Train Loss: 0.7749, Train Steps/Sec: 0.47
[[34m2026-01-21 19:23:29[0m] (step=0231800) Train Loss: 0.7780, Train Steps/Sec: 0.47
[[34m2026-01-21 19:24:12[0m] Beginning epoch 529...
[[34m2026-01-21 19:27:05[0m] (step=0231900) Train Loss: 0.7792, Train Steps/Sec: 0.46
[[34m2026-01-21 19:30:38[0m] (step=0232000) Train Loss: 0.7752, Train Steps/Sec: 0.47
[[34m2026-01-21 19:34:11[0m] (step=0232100) Train Loss: 0.7760, Train Steps/Sec: 0.47
[[34m2026-01-21 19:37:45[0m] (step=0232200) Train Loss: 0.7761, Train Steps/Sec: 0.47
[[34m2026-01-21 19:37:45[0m] Beginning epoch 530...
[[34m2026-01-21 19:41:20[0m] (step=0232300) Train Loss: 0.7765, Train Steps/Sec: 0.46
[[34m2026-01-21 19:44:54[0m] (step=0232400) Train Loss: 0.7777, Train Steps/Sec: 0.47
[[34m2026-01-21 19:48:28[0m] (step=0232500) Train Loss: 0.7763, Train Steps/Sec: 0.47
[[34m2026-01-21 19:51:20[0m] Beginning epoch 531...
[[34m2026-01-21 19:52:04[0m] (step=0232600) Train Loss: 0.7773, Train Steps/Sec: 0.46
[[34m2026-01-21 19:55:38[0m] (step=0232700) Train Loss: 0.7757, Train Steps/Sec: 0.47
[[34m2026-01-21 19:59:11[0m] (step=0232800) Train Loss: 0.7769, Train Steps/Sec: 0.47
[[34m2026-01-21 20:02:43[0m] (step=0232900) Train Loss: 0.7756, Train Steps/Sec: 0.47
[[34m2026-01-21 20:04:50[0m] Beginning epoch 532...
[[34m2026-01-21 20:06:16[0m] (step=0233000) Train Loss: 0.7770, Train Steps/Sec: 0.47
[[34m2026-01-21 20:09:50[0m] (step=0233100) Train Loss: 0.7777, Train Steps/Sec: 0.47
[[34m2026-01-21 20:13:23[0m] (step=0233200) Train Loss: 0.7759, Train Steps/Sec: 0.47
[[34m2026-01-21 20:16:55[0m] (step=0233300) Train Loss: 0.7765, Train Steps/Sec: 0.47
[[34m2026-01-21 20:18:21[0m] Beginning epoch 533...
[[34m2026-01-21 20:20:29[0m] (step=0233400) Train Loss: 0.7762, Train Steps/Sec: 0.47
[[34m2026-01-21 20:24:03[0m] (step=0233500) Train Loss: 0.7772, Train Steps/Sec: 0.47
[[34m2026-01-21 20:27:37[0m] (step=0233600) Train Loss: 0.7784, Train Steps/Sec: 0.47
[[34m2026-01-21 20:31:10[0m] (step=0233700) Train Loss: 0.7769, Train Steps/Sec: 0.47
[[34m2026-01-21 20:31:53[0m] Beginning epoch 534...
[[34m2026-01-21 20:34:46[0m] (step=0233800) Train Loss: 0.7775, Train Steps/Sec: 0.46
[[34m2026-01-21 20:38:18[0m] (step=0233900) Train Loss: 0.7773, Train Steps/Sec: 0.47
[[34m2026-01-21 20:41:53[0m] (step=0234000) Train Loss: 0.7770, Train Steps/Sec: 0.47
[[34m2026-01-21 20:45:26[0m] (step=0234100) Train Loss: 0.7762, Train Steps/Sec: 0.47
[[34m2026-01-21 20:45:26[0m] Beginning epoch 535...
[[34m2026-01-21 20:49:01[0m] (step=0234200) Train Loss: 0.7777, Train Steps/Sec: 0.47
[[34m2026-01-21 20:52:35[0m] (step=0234300) Train Loss: 0.7779, Train Steps/Sec: 0.47
[[34m2026-01-21 20:56:08[0m] (step=0234400) Train Loss: 0.7776, Train Steps/Sec: 0.47
[[34m2026-01-21 20:58:59[0m] Beginning epoch 536...
[[34m2026-01-21 20:59:43[0m] (step=0234500) Train Loss: 0.7769, Train Steps/Sec: 0.47
[[34m2026-01-21 21:03:16[0m] (step=0234600) Train Loss: 0.7748, Train Steps/Sec: 0.47
[[34m2026-01-21 21:06:50[0m] (step=0234700) Train Loss: 0.7760, Train Steps/Sec: 0.47
[[34m2026-01-21 21:10:23[0m] (step=0234800) Train Loss: 0.7785, Train Steps/Sec: 0.47
[[34m2026-01-21 21:12:31[0m] Beginning epoch 537...
[[34m2026-01-21 21:13:58[0m] (step=0234900) Train Loss: 0.7762, Train Steps/Sec: 0.47
[[34m2026-01-21 21:17:32[0m] (step=0235000) Train Loss: 0.7764, Train Steps/Sec: 0.47
[[34m2026-01-21 21:21:06[0m] (step=0235100) Train Loss: 0.7775, Train Steps/Sec: 0.47
[[34m2026-01-21 21:24:39[0m] (step=0235200) Train Loss: 0.7777, Train Steps/Sec: 0.47
[[34m2026-01-21 21:26:04[0m] Beginning epoch 538...
[[34m2026-01-21 21:28:14[0m] (step=0235300) Train Loss: 0.7779, Train Steps/Sec: 0.47
[[34m2026-01-21 21:31:47[0m] (step=0235400) Train Loss: 0.7754, Train Steps/Sec: 0.47
[[34m2026-01-21 21:35:20[0m] (step=0235500) Train Loss: 0.7774, Train Steps/Sec: 0.47
[[34m2026-01-21 21:38:54[0m] (step=0235600) Train Loss: 0.7783, Train Steps/Sec: 0.47
[[34m2026-01-21 21:39:37[0m] Beginning epoch 539...
[[34m2026-01-21 21:42:29[0m] (step=0235700) Train Loss: 0.7762, Train Steps/Sec: 0.47
[[34m2026-01-21 21:46:02[0m] (step=0235800) Train Loss: 0.7774, Train Steps/Sec: 0.47
[[34m2026-01-21 21:49:35[0m] (step=0235900) Train Loss: 0.7775, Train Steps/Sec: 0.47
[[34m2026-01-21 21:53:09[0m] (step=0236000) Train Loss: 0.7788, Train Steps/Sec: 0.47
[[34m2026-01-21 21:53:09[0m] Beginning epoch 540...
[[34m2026-01-21 21:56:44[0m] (step=0236100) Train Loss: 0.7759, Train Steps/Sec: 0.46
[[34m2026-01-21 22:00:17[0m] (step=0236200) Train Loss: 0.7762, Train Steps/Sec: 0.47
[[34m2026-01-21 22:03:51[0m] (step=0236300) Train Loss: 0.7781, Train Steps/Sec: 0.47
[[34m2026-01-21 22:06:41[0m] Beginning epoch 541...
[[34m2026-01-21 22:07:26[0m] (step=0236400) Train Loss: 0.7772, Train Steps/Sec: 0.47
[[34m2026-01-21 22:10:58[0m] (step=0236500) Train Loss: 0.7776, Train Steps/Sec: 0.47
[[34m2026-01-21 22:14:30[0m] (step=0236600) Train Loss: 0.7771, Train Steps/Sec: 0.47
[[34m2026-01-21 22:18:01[0m] (step=0236700) Train Loss: 0.7757, Train Steps/Sec: 0.47
[[34m2026-01-21 22:20:08[0m] Beginning epoch 542...
[[34m2026-01-21 22:21:34[0m] (step=0236800) Train Loss: 0.7774, Train Steps/Sec: 0.47
[[34m2026-01-21 22:25:06[0m] (step=0236900) Train Loss: 0.7776, Train Steps/Sec: 0.47
[[34m2026-01-21 22:28:36[0m] (step=0237000) Train Loss: 0.7772, Train Steps/Sec: 0.48
[[34m2026-01-21 22:32:07[0m] (step=0237100) Train Loss: 0.7755, Train Steps/Sec: 0.47
[[34m2026-01-21 22:33:32[0m] Beginning epoch 543...
[[34m2026-01-21 22:35:39[0m] (step=0237200) Train Loss: 0.7756, Train Steps/Sec: 0.47
[[34m2026-01-21 22:39:08[0m] (step=0237300) Train Loss: 0.7754, Train Steps/Sec: 0.48
[[34m2026-01-21 22:42:40[0m] (step=0237400) Train Loss: 0.7781, Train Steps/Sec: 0.47
[[34m2026-01-21 22:46:12[0m] (step=0237500) Train Loss: 0.7793, Train Steps/Sec: 0.47
[[34m2026-01-21 22:46:55[0m] Beginning epoch 544...
[[34m2026-01-21 22:49:45[0m] (step=0237600) Train Loss: 0.7765, Train Steps/Sec: 0.47
[[34m2026-01-21 22:53:17[0m] (step=0237700) Train Loss: 0.7775, Train Steps/Sec: 0.47
[[34m2026-01-21 22:56:48[0m] (step=0237800) Train Loss: 0.7760, Train Steps/Sec: 0.47
[[34m2026-01-21 23:00:22[0m] (step=0237900) Train Loss: 0.7783, Train Steps/Sec: 0.47
[[34m2026-01-21 23:00:22[0m] Beginning epoch 545...
[[34m2026-01-21 23:03:56[0m] (step=0238000) Train Loss: 0.7772, Train Steps/Sec: 0.47
[[34m2026-01-21 23:07:27[0m] (step=0238100) Train Loss: 0.7765, Train Steps/Sec: 0.47
[[34m2026-01-21 23:10:58[0m] (step=0238200) Train Loss: 0.7768, Train Steps/Sec: 0.48
[[34m2026-01-21 23:13:47[0m] Beginning epoch 546...
[[34m2026-01-21 23:14:31[0m] (step=0238300) Train Loss: 0.7751, Train Steps/Sec: 0.47
[[34m2026-01-21 23:18:04[0m] (step=0238400) Train Loss: 0.7786, Train Steps/Sec: 0.47
[[34m2026-01-21 23:21:37[0m] (step=0238500) Train Loss: 0.7772, Train Steps/Sec: 0.47
[[34m2026-01-21 23:25:09[0m] (step=0238600) Train Loss: 0.7765, Train Steps/Sec: 0.47
[[34m2026-01-21 23:27:16[0m] Beginning epoch 547...
[[34m2026-01-21 23:28:43[0m] (step=0238700) Train Loss: 0.7765, Train Steps/Sec: 0.47
[[34m2026-01-21 23:32:15[0m] (step=0238800) Train Loss: 0.7772, Train Steps/Sec: 0.47
[[34m2026-01-21 23:35:48[0m] (step=0238900) Train Loss: 0.7759, Train Steps/Sec: 0.47
[[34m2026-01-21 23:39:18[0m] (step=0239000) Train Loss: 0.7777, Train Steps/Sec: 0.47
[[34m2026-01-21 23:40:43[0m] Beginning epoch 548...
[[34m2026-01-21 23:42:51[0m] (step=0239100) Train Loss: 0.7763, Train Steps/Sec: 0.47
[[34m2026-01-21 23:46:23[0m] (step=0239200) Train Loss: 0.7773, Train Steps/Sec: 0.47
[[34m2026-01-21 23:49:55[0m] (step=0239300) Train Loss: 0.7753, Train Steps/Sec: 0.47
[[34m2026-01-21 23:53:28[0m] (step=0239400) Train Loss: 0.7773, Train Steps/Sec: 0.47
[[34m2026-01-21 23:54:10[0m] Beginning epoch 549...
[[34m2026-01-21 23:57:03[0m] (step=0239500) Train Loss: 0.7756, Train Steps/Sec: 0.47
[[34m2026-01-22 00:00:36[0m] (step=0239600) Train Loss: 0.7766, Train Steps/Sec: 0.47
[[34m2026-01-22 00:04:08[0m] (step=0239700) Train Loss: 0.7761, Train Steps/Sec: 0.47
[[34m2026-01-22 00:07:41[0m] (step=0239800) Train Loss: 0.7790, Train Steps/Sec: 0.47
[[34m2026-01-22 00:07:41[0m] Beginning epoch 550...
[[34m2026-01-22 00:11:14[0m] (step=0239900) Train Loss: 0.7784, Train Steps/Sec: 0.47
[[34m2026-01-22 00:14:46[0m] (step=0240000) Train Loss: 0.7770, Train Steps/Sec: 0.47
[[34m2026-01-22 00:14:59[0m] Saved checkpoint to /home/venky/dkarthik/baselines/SiT/results/004-SiT-B-2-Linear-velocity-None/checkpoints/550_0240000.pt
[[34m2026-01-22 00:14:59[0m] Generating EMA samples...
[[34m2026-01-22 00:15:57[0m] Generating EMA samples done.
[[34m2026-01-22 00:19:26[0m] (step=0240100) Train Loss: 0.7762, Train Steps/Sec: 0.36
[[34m2026-01-22 00:22:16[0m] Beginning epoch 551...
[[34m2026-01-22 00:23:00[0m] (step=0240200) Train Loss: 0.7771, Train Steps/Sec: 0.47
[[34m2026-01-22 00:26:32[0m] (step=0240300) Train Loss: 0.7766, Train Steps/Sec: 0.47
[[34m2026-01-22 00:30:02[0m] (step=0240400) Train Loss: 0.7788, Train Steps/Sec: 0.48
[[34m2026-01-22 00:33:33[0m] (step=0240500) Train Loss: 0.7769, Train Steps/Sec: 0.47
[[34m2026-01-22 00:35:40[0m] Beginning epoch 552...
[[34m2026-01-22 00:37:06[0m] (step=0240600) Train Loss: 0.7772, Train Steps/Sec: 0.47
[[34m2026-01-22 00:40:38[0m] (step=0240700) Train Loss: 0.7768, Train Steps/Sec: 0.47
[[34m2026-01-22 00:44:08[0m] (step=0240800) Train Loss: 0.7760, Train Steps/Sec: 0.48
slurmstepd: error: *** JOB 11274 ON cn9 CANCELLED AT 2026-01-22T00:45:32 DUE TO TIME LIMIT ***
