The following values were not passed to `accelerate launch` and had defaults used instead:
	`--num_machines` was set to a value of `1`
	`--dynamo_backend` was set to a value of `'no'`
To avoid this warning pass in values for each of the problematic parameters or run `accelerate config`.
Traceback (most recent call last):
Traceback (most recent call last):
  File "/home/venky/dkarthik/baselines/SiT/train.py", line 475, in <module>
    loaded_state_dict = find_model(args.ckpt)
  File "/home/venky/dkarthik/baselines/SiT/download.py", line 22, in find_model
    assert os.path.isfile(model_name), f'Could not find SiT checkpoint at {model_name}'
           ~~~~~~~~~~~~~~^^^^^^^^^^^^
  File "/home/venky/dkarthik/baselines/SiT/train.py", line 475, in <module>
    loaded_state_dict = find_model(args.ckpt)
AssertionError: Could not find SiT checkpoint at /home/venky/dkarthik/baselines/SiT/results/004-SiT-B-2-Linear-velocity-None/checkpoints/1124_0405000.pt.pt
  File "/home/venky/dkarthik/baselines/SiT/download.py", line 22, in find_model
    assert os.path.isfile(model_name), f'Could not find SiT checkpoint at {model_name}'
           ~~~~~~~~~~~~~~^^^^^^^^^^^^
AssertionError: Could not find SiT checkpoint at /home/venky/dkarthik/baselines/SiT/results/004-SiT-B-2-Linear-velocity-None/checkpoints/1124_0405000.pt.pt
E0129 15:16:39.007000 458275 site-packages/torch/distributed/elastic/multiprocessing/api.py:882] failed (exitcode: 1) local_rank: 0 (pid: 458335) of binary: /home/venky/dkarthik/miniconda3/envs/ekam/bin/python
Traceback (most recent call last):
  File "/home/venky/dkarthik/miniconda3/envs/ekam/bin/accelerate", line 7, in <module>
    sys.exit(main())
             ~~~~^^
  File "/home/venky/dkarthik/miniconda3/envs/ekam/lib/python3.13/site-packages/accelerate/commands/accelerate_cli.py", line 50, in main
    args.func(args)
    ~~~~~~~~~^^^^^^
  File "/home/venky/dkarthik/miniconda3/envs/ekam/lib/python3.13/site-packages/accelerate/commands/launch.py", line 1226, in launch_command
    multi_gpu_launcher(args)
    ~~~~~~~~~~~~~~~~~~^^^^^^
  File "/home/venky/dkarthik/miniconda3/envs/ekam/lib/python3.13/site-packages/accelerate/commands/launch.py", line 853, in multi_gpu_launcher
    distrib_run.run(args)
    ~~~~~~~~~~~~~~~^^^^^^
  File "/home/venky/dkarthik/miniconda3/envs/ekam/lib/python3.13/site-packages/torch/distributed/run.py", line 927, in run
    elastic_launch(
    ~~~~~~~~~~~~~~~
        config=config,
        ~~~~~~~~~~~~~~
        entrypoint=cmd,
        ~~~~~~~~~~~~~~~
    )(*cmd_args)
    ~^^^^^^^^^^^
  File "/home/venky/dkarthik/miniconda3/envs/ekam/lib/python3.13/site-packages/torch/distributed/launcher/api.py", line 156, in __call__
    return launch_agent(self._config, self._entrypoint, list(args))
  File "/home/venky/dkarthik/miniconda3/envs/ekam/lib/python3.13/site-packages/torch/distributed/launcher/api.py", line 293, in launch_agent
    raise ChildFailedError(
    ...<2 lines>...
    )
torch.distributed.elastic.multiprocessing.errors.ChildFailedError: 
============================================================
train.py FAILED
------------------------------------------------------------
Failures:
[1]:
  time      : 2026-01-29_15:16:39
  host      : cn9.cds.iisc.in
  rank      : 1 (local_rank: 1)
  exitcode  : 1 (pid: 458336)
  error_file: <N/A>
  traceback : To enable traceback see: https://pytorch.org/docs/stable/elastic/errors.html
------------------------------------------------------------
Root Cause (first observed failure):
[0]:
  time      : 2026-01-29_15:16:39
  host      : cn9.cds.iisc.in
  rank      : 0 (local_rank: 0)
  exitcode  : 1 (pid: 458335)
  error_file: <N/A>
  traceback : To enable traceback see: https://pytorch.org/docs/stable/elastic/errors.html
============================================================
