The following values were not passed to `accelerate launch` and had defaults used instead:
	`--num_machines` was set to a value of `1`
	`--dynamo_backend` was set to a value of `'no'`
To avoid this warning pass in values for each of the problematic parameters or run `accelerate config`.
[[34m2026-01-14 14:00:33[0m] Experiment directory created at results/005-SiT-L-2-Linear-velocity-None
wandb: Currently logged in as: karthikndasaraju (karthikndasaraju-indian-institute-of-science) to https://api.wandb.ai. Use `wandb login --relogin` to force relogin
wandb: setting up run tbqjdo0k
wandb: Tracking run with wandb version 0.23.1
wandb: Run data is saved locally in /home/venky/dkarthik/baselines/SiT/wandb/run-20260114_140036-tbqjdo0k
wandb: Run `wandb offline` to turn off syncing.
wandb: Syncing run 005-SiT-L-2-Linear-velocity-None
wandb: ⭐️ View project at https://wandb.ai/karthikndasaraju-indian-institute-of-science/SiT-L-2-ImageNet100
wandb: 🚀 View run at https://wandb.ai/karthikndasaraju-indian-institute-of-science/SiT-L-2-ImageNet100/runs/tbqjdo0k
[[34m2026-01-14 14:00:50[0m] SiT Parameters: 457,181,216
[[34m2026-01-14 14:03:05[0m] Filtering dataset: Keeping 100/1000 classes.
[[34m2026-01-14 14:03:05[0m] Class 0: n01440764
[[34m2026-01-14 14:03:05[0m] Class 99: n01855672
[[34m2026-01-14 14:03:05[0m] Saved class mapping to results/005-SiT-L-2-Linear-velocity-None/class_labels.json
[[34m2026-01-14 14:03:08[0m] Training for 1400 epochs...
[[34m2026-01-14 14:03:08[0m] Beginning epoch 0...
[[34m2026-01-14 14:06:07[0m] (step=0000100) Train Loss: 1.3124, Train Steps/Sec: 0.56
[[34m2026-01-14 14:08:40[0m] (step=0000200) Train Loss: 1.0075, Train Steps/Sec: 0.65
[[34m2026-01-14 14:11:25[0m] (step=0000300) Train Loss: 0.9453, Train Steps/Sec: 0.61
[[34m2026-01-14 14:14:16[0m] (step=0000400) Train Loss: 0.9320, Train Steps/Sec: 0.58
[[34m2026-01-14 14:17:26[0m] (step=0000500) Train Loss: 0.9177, Train Steps/Sec: 0.53
[[34m2026-01-14 14:20:50[0m] (step=0000600) Train Loss: 0.9089, Train Steps/Sec: 0.49
[[34m2026-01-14 14:24:02[0m] (step=0000700) Train Loss: 0.8988, Train Steps/Sec: 0.52
[[34m2026-01-14 14:27:28[0m] (step=0000800) Train Loss: 0.8960, Train Steps/Sec: 0.49
[[34m2026-01-14 14:30:47[0m] Beginning epoch 1...
[[34m2026-01-14 14:30:50[0m] (step=0000900) Train Loss: 0.8897, Train Steps/Sec: 0.49
[[34m2026-01-14 14:33:19[0m] (step=0001000) Train Loss: 0.8823, Train Steps/Sec: 0.67
[[34m2026-01-14 14:35:49[0m] (step=0001100) Train Loss: 0.8797, Train Steps/Sec: 0.67
[[34m2026-01-14 14:38:20[0m] (step=0001200) Train Loss: 0.8773, Train Steps/Sec: 0.66
[[34m2026-01-14 14:40:50[0m] (step=0001300) Train Loss: 0.8743, Train Steps/Sec: 0.66
[[34m2026-01-14 14:43:21[0m] (step=0001400) Train Loss: 0.8716, Train Steps/Sec: 0.66
[[34m2026-01-14 14:45:52[0m] (step=0001500) Train Loss: 0.8726, Train Steps/Sec: 0.66
[[34m2026-01-14 14:48:22[0m] (step=0001600) Train Loss: 0.8668, Train Steps/Sec: 0.67
[[34m2026-01-14 14:50:53[0m] (step=0001700) Train Loss: 0.8693, Train Steps/Sec: 0.66
[[34m2026-01-14 14:53:18[0m] Beginning epoch 2...
[[34m2026-01-14 14:53:25[0m] (step=0001800) Train Loss: 0.8655, Train Steps/Sec: 0.66
[[34m2026-01-14 14:55:55[0m] (step=0001900) Train Loss: 0.8626, Train Steps/Sec: 0.66
[[34m2026-01-14 14:58:25[0m] (step=0002000) Train Loss: 0.8619, Train Steps/Sec: 0.67
[[34m2026-01-14 15:00:56[0m] (step=0002100) Train Loss: 0.8613, Train Steps/Sec: 0.66
[[34m2026-01-14 15:03:27[0m] (step=0002200) Train Loss: 0.8579, Train Steps/Sec: 0.66
[[34m2026-01-14 15:05:58[0m] (step=0002300) Train Loss: 0.8581, Train Steps/Sec: 0.66
[[34m2026-01-14 15:08:28[0m] (step=0002400) Train Loss: 0.8560, Train Steps/Sec: 0.66
[[34m2026-01-14 15:11:00[0m] (step=0002500) Train Loss: 0.8560, Train Steps/Sec: 0.66
[[34m2026-01-14 15:13:30[0m] (step=0002600) Train Loss: 0.8547, Train Steps/Sec: 0.66
[[34m2026-01-14 15:15:53[0m] Beginning epoch 3...
[[34m2026-01-14 15:16:03[0m] (step=0002700) Train Loss: 0.8522, Train Steps/Sec: 0.66
[[34m2026-01-14 15:18:34[0m] (step=0002800) Train Loss: 0.8509, Train Steps/Sec: 0.66
[[34m2026-01-14 15:21:04[0m] (step=0002900) Train Loss: 0.8506, Train Steps/Sec: 0.66
[[34m2026-01-14 15:23:35[0m] (step=0003000) Train Loss: 0.8524, Train Steps/Sec: 0.66
[[34m2026-01-14 15:26:07[0m] (step=0003100) Train Loss: 0.8514, Train Steps/Sec: 0.66
[[34m2026-01-14 15:28:38[0m] (step=0003200) Train Loss: 0.8512, Train Steps/Sec: 0.66
[[34m2026-01-14 15:31:08[0m] (step=0003300) Train Loss: 0.8465, Train Steps/Sec: 0.66
[[34m2026-01-14 15:33:39[0m] (step=0003400) Train Loss: 0.8531, Train Steps/Sec: 0.66
[[34m2026-01-14 15:36:11[0m] (step=0003500) Train Loss: 0.8466, Train Steps/Sec: 0.66
[[34m2026-01-14 15:38:30[0m] Beginning epoch 4...
[[34m2026-01-14 15:38:43[0m] (step=0003600) Train Loss: 0.8487, Train Steps/Sec: 0.66
[[34m2026-01-14 15:41:15[0m] (step=0003700) Train Loss: 0.8444, Train Steps/Sec: 0.66
[[34m2026-01-14 15:43:46[0m] (step=0003800) Train Loss: 0.8440, Train Steps/Sec: 0.66
[[34m2026-01-14 15:46:17[0m] (step=0003900) Train Loss: 0.8449, Train Steps/Sec: 0.66
[[34m2026-01-14 15:48:47[0m] (step=0004000) Train Loss: 0.8444, Train Steps/Sec: 0.66
[[34m2026-01-14 15:51:19[0m] (step=0004100) Train Loss: 0.8456, Train Steps/Sec: 0.66
[[34m2026-01-14 15:53:50[0m] (step=0004200) Train Loss: 0.8437, Train Steps/Sec: 0.66
[[34m2026-01-14 15:56:21[0m] (step=0004300) Train Loss: 0.8422, Train Steps/Sec: 0.66
[[34m2026-01-14 15:58:52[0m] (step=0004400) Train Loss: 0.8435, Train Steps/Sec: 0.66
[[34m2026-01-14 16:01:07[0m] Beginning epoch 5...
[[34m2026-01-14 16:01:23[0m] (step=0004500) Train Loss: 0.8399, Train Steps/Sec: 0.66
[[34m2026-01-14 16:03:53[0m] (step=0004600) Train Loss: 0.8380, Train Steps/Sec: 0.67
[[34m2026-01-14 16:06:24[0m] (step=0004700) Train Loss: 0.8394, Train Steps/Sec: 0.67
[[34m2026-01-14 16:08:54[0m] (step=0004800) Train Loss: 0.8399, Train Steps/Sec: 0.66
[[34m2026-01-14 16:11:25[0m] (step=0004900) Train Loss: 0.8375, Train Steps/Sec: 0.66
[[34m2026-01-14 16:13:56[0m] (step=0005000) Train Loss: 0.8380, Train Steps/Sec: 0.66
[[34m2026-01-14 16:16:27[0m] (step=0005100) Train Loss: 0.8377, Train Steps/Sec: 0.66
[[34m2026-01-14 16:18:58[0m] (step=0005200) Train Loss: 0.8404, Train Steps/Sec: 0.66
[[34m2026-01-14 16:21:28[0m] (step=0005300) Train Loss: 0.8357, Train Steps/Sec: 0.66
[[34m2026-01-14 16:23:42[0m] Beginning epoch 6...
[[34m2026-01-14 16:24:01[0m] (step=0005400) Train Loss: 0.8381, Train Steps/Sec: 0.66
[[34m2026-01-14 16:26:32[0m] (step=0005500) Train Loss: 0.8364, Train Steps/Sec: 0.66
[[34m2026-01-14 16:29:02[0m] (step=0005600) Train Loss: 0.8353, Train Steps/Sec: 0.66
[[34m2026-01-14 16:31:34[0m] (step=0005700) Train Loss: 0.8337, Train Steps/Sec: 0.66
[[34m2026-01-14 16:34:04[0m] (step=0005800) Train Loss: 0.8354, Train Steps/Sec: 0.67
[[34m2026-01-14 16:36:34[0m] (step=0005900) Train Loss: 0.8334, Train Steps/Sec: 0.67
[[34m2026-01-14 16:39:05[0m] (step=0006000) Train Loss: 0.8343, Train Steps/Sec: 0.66
[[34m2026-01-14 16:41:36[0m] (step=0006100) Train Loss: 0.8336, Train Steps/Sec: 0.66
[[34m2026-01-14 16:44:07[0m] (step=0006200) Train Loss: 0.8353, Train Steps/Sec: 0.66
[[34m2026-01-14 16:46:16[0m] Beginning epoch 7...
[[34m2026-01-14 16:46:38[0m] (step=0006300) Train Loss: 0.8324, Train Steps/Sec: 0.66
[[34m2026-01-14 16:49:09[0m] (step=0006400) Train Loss: 0.8318, Train Steps/Sec: 0.66
[[34m2026-01-14 16:51:40[0m] (step=0006500) Train Loss: 0.8314, Train Steps/Sec: 0.66
[[34m2026-01-14 16:54:11[0m] (step=0006600) Train Loss: 0.8312, Train Steps/Sec: 0.66
[[34m2026-01-14 16:56:42[0m] (step=0006700) Train Loss: 0.8318, Train Steps/Sec: 0.66
[[34m2026-01-14 16:59:13[0m] (step=0006800) Train Loss: 0.8298, Train Steps/Sec: 0.66
[[34m2026-01-14 17:01:44[0m] (step=0006900) Train Loss: 0.8309, Train Steps/Sec: 0.66
[[34m2026-01-14 17:04:16[0m] (step=0007000) Train Loss: 0.8291, Train Steps/Sec: 0.66
[[34m2026-01-14 17:06:47[0m] (step=0007100) Train Loss: 0.8325, Train Steps/Sec: 0.66
[[34m2026-01-14 17:08:54[0m] Beginning epoch 8...
[[34m2026-01-14 17:09:19[0m] (step=0007200) Train Loss: 0.8296, Train Steps/Sec: 0.66
[[34m2026-01-14 17:11:50[0m] (step=0007300) Train Loss: 0.8313, Train Steps/Sec: 0.66
[[34m2026-01-14 17:14:21[0m] (step=0007400) Train Loss: 0.8263, Train Steps/Sec: 0.66
[[34m2026-01-14 17:16:52[0m] (step=0007500) Train Loss: 0.8294, Train Steps/Sec: 0.66
[[34m2026-01-14 17:19:23[0m] (step=0007600) Train Loss: 0.8288, Train Steps/Sec: 0.66
[[34m2026-01-14 17:21:54[0m] (step=0007700) Train Loss: 0.8298, Train Steps/Sec: 0.66
[[34m2026-01-14 17:24:25[0m] (step=0007800) Train Loss: 0.8252, Train Steps/Sec: 0.66
[[34m2026-01-14 17:26:56[0m] (step=0007900) Train Loss: 0.8268, Train Steps/Sec: 0.66
[[34m2026-01-14 17:29:27[0m] (step=0008000) Train Loss: 0.8290, Train Steps/Sec: 0.66
[[34m2026-01-14 17:31:31[0m] Beginning epoch 9...
[[34m2026-01-14 17:31:59[0m] (step=0008100) Train Loss: 0.8268, Train Steps/Sec: 0.66
[[34m2026-01-14 17:34:31[0m] (step=0008200) Train Loss: 0.8275, Train Steps/Sec: 0.66
[[34m2026-01-14 17:37:01[0m] (step=0008300) Train Loss: 0.8275, Train Steps/Sec: 0.66
[[34m2026-01-14 17:39:32[0m] (step=0008400) Train Loss: 0.8278, Train Steps/Sec: 0.66
[[34m2026-01-14 17:42:02[0m] (step=0008500) Train Loss: 0.8274, Train Steps/Sec: 0.67
[[34m2026-01-14 17:44:33[0m] (step=0008600) Train Loss: 0.8264, Train Steps/Sec: 0.66
[[34m2026-01-14 17:47:04[0m] (step=0008700) Train Loss: 0.8273, Train Steps/Sec: 0.66
[[34m2026-01-14 17:49:35[0m] (step=0008800) Train Loss: 0.8237, Train Steps/Sec: 0.66
[[34m2026-01-14 17:52:06[0m] (step=0008900) Train Loss: 0.8238, Train Steps/Sec: 0.66
[[34m2026-01-14 17:54:07[0m] Beginning epoch 10...
[[34m2026-01-14 17:54:38[0m] (step=0009000) Train Loss: 0.8253, Train Steps/Sec: 0.66
[[34m2026-01-14 17:57:08[0m] (step=0009100) Train Loss: 0.8243, Train Steps/Sec: 0.66
[[34m2026-01-14 17:59:39[0m] (step=0009200) Train Loss: 0.8227, Train Steps/Sec: 0.66
[[34m2026-01-14 18:02:10[0m] (step=0009300) Train Loss: 0.8249, Train Steps/Sec: 0.66
[[34m2026-01-14 18:04:41[0m] (step=0009400) Train Loss: 0.8249, Train Steps/Sec: 0.66
[[34m2026-01-14 18:07:12[0m] (step=0009500) Train Loss: 0.8244, Train Steps/Sec: 0.66
[[34m2026-01-14 18:09:42[0m] (step=0009600) Train Loss: 0.8223, Train Steps/Sec: 0.67
[[34m2026-01-14 18:12:12[0m] (step=0009700) Train Loss: 0.8240, Train Steps/Sec: 0.66
[[34m2026-01-14 18:14:42[0m] (step=0009800) Train Loss: 0.8244, Train Steps/Sec: 0.67
[[34m2026-01-14 18:16:40[0m] Beginning epoch 11...
[[34m2026-01-14 18:17:14[0m] (step=0009900) Train Loss: 0.8209, Train Steps/Sec: 0.66
[[34m2026-01-14 18:19:45[0m] (step=0010000) Train Loss: 0.8237, Train Steps/Sec: 0.66
[[34m2026-01-14 18:19:45[0m] Generating EMA samples...
[[34m2026-01-14 18:20:08[0m] Generating EMA samples done.
[[34m2026-01-14 18:22:38[0m] (step=0010100) Train Loss: 0.8196, Train Steps/Sec: 0.58
[[34m2026-01-14 18:25:08[0m] (step=0010200) Train Loss: 0.8185, Train Steps/Sec: 0.66
[[34m2026-01-14 18:27:39[0m] (step=0010300) Train Loss: 0.8206, Train Steps/Sec: 0.66
[[34m2026-01-14 18:30:09[0m] (step=0010400) Train Loss: 0.8225, Train Steps/Sec: 0.66
[[34m2026-01-14 18:32:39[0m] (step=0010500) Train Loss: 0.8197, Train Steps/Sec: 0.67
[[34m2026-01-14 18:35:09[0m] (step=0010600) Train Loss: 0.8213, Train Steps/Sec: 0.67
[[34m2026-01-14 18:37:40[0m] (step=0010700) Train Loss: 0.8183, Train Steps/Sec: 0.66
[[34m2026-01-14 18:39:34[0m] Beginning epoch 12...
[[34m2026-01-14 18:40:11[0m] (step=0010800) Train Loss: 0.8217, Train Steps/Sec: 0.66
[[34m2026-01-14 18:42:42[0m] (step=0010900) Train Loss: 0.8187, Train Steps/Sec: 0.66
[[34m2026-01-14 18:45:13[0m] (step=0011000) Train Loss: 0.8231, Train Steps/Sec: 0.66
[[34m2026-01-14 18:47:43[0m] (step=0011100) Train Loss: 0.8205, Train Steps/Sec: 0.67
[[34m2026-01-14 18:50:13[0m] (step=0011200) Train Loss: 0.8216, Train Steps/Sec: 0.66
[[34m2026-01-14 18:52:44[0m] (step=0011300) Train Loss: 0.8181, Train Steps/Sec: 0.66
[[34m2026-01-14 18:55:15[0m] (step=0011400) Train Loss: 0.8197, Train Steps/Sec: 0.66
[[34m2026-01-14 18:57:45[0m] (step=0011500) Train Loss: 0.8186, Train Steps/Sec: 0.66
[[34m2026-01-14 19:00:15[0m] (step=0011600) Train Loss: 0.8168, Train Steps/Sec: 0.67
[[34m2026-01-14 19:02:07[0m] Beginning epoch 13...
[[34m2026-01-14 19:02:47[0m] (step=0011700) Train Loss: 0.8187, Train Steps/Sec: 0.66
[[34m2026-01-14 19:05:18[0m] (step=0011800) Train Loss: 0.8210, Train Steps/Sec: 0.66
[[34m2026-01-14 19:07:49[0m] (step=0011900) Train Loss: 0.8194, Train Steps/Sec: 0.66
[[34m2026-01-14 19:10:21[0m] (step=0012000) Train Loss: 0.8193, Train Steps/Sec: 0.66
[[34m2026-01-14 19:12:52[0m] (step=0012100) Train Loss: 0.8190, Train Steps/Sec: 0.66
[[34m2026-01-14 19:15:23[0m] (step=0012200) Train Loss: 0.8176, Train Steps/Sec: 0.66
[[34m2026-01-14 19:17:53[0m] (step=0012300) Train Loss: 0.8203, Train Steps/Sec: 0.66
[[34m2026-01-14 19:20:24[0m] (step=0012400) Train Loss: 0.8203, Train Steps/Sec: 0.66
[[34m2026-01-14 19:22:55[0m] (step=0012500) Train Loss: 0.8191, Train Steps/Sec: 0.66
[[34m2026-01-14 19:24:44[0m] Beginning epoch 14...
[[34m2026-01-14 19:25:27[0m] (step=0012600) Train Loss: 0.8208, Train Steps/Sec: 0.66
[[34m2026-01-14 19:27:57[0m] (step=0012700) Train Loss: 0.8158, Train Steps/Sec: 0.66
[[34m2026-01-14 19:30:28[0m] (step=0012800) Train Loss: 0.8158, Train Steps/Sec: 0.66
[[34m2026-01-14 19:33:00[0m] (step=0012900) Train Loss: 0.8165, Train Steps/Sec: 0.66
[[34m2026-01-14 19:35:30[0m] (step=0013000) Train Loss: 0.8176, Train Steps/Sec: 0.67
[[34m2026-01-14 19:38:00[0m] (step=0013100) Train Loss: 0.8153, Train Steps/Sec: 0.67
[[34m2026-01-14 19:40:30[0m] (step=0013200) Train Loss: 0.8164, Train Steps/Sec: 0.66
[[34m2026-01-14 19:43:00[0m] (step=0013300) Train Loss: 0.8145, Train Steps/Sec: 0.67
[[34m2026-01-14 19:45:30[0m] (step=0013400) Train Loss: 0.8195, Train Steps/Sec: 0.67
[[34m2026-01-14 19:47:15[0m] Beginning epoch 15...
[[34m2026-01-14 19:48:01[0m] (step=0013500) Train Loss: 0.8167, Train Steps/Sec: 0.66
[[34m2026-01-14 19:50:31[0m] (step=0013600) Train Loss: 0.8174, Train Steps/Sec: 0.67
[[34m2026-01-14 19:53:02[0m] (step=0013700) Train Loss: 0.8174, Train Steps/Sec: 0.66
[[34m2026-01-14 19:55:33[0m] (step=0013800) Train Loss: 0.8181, Train Steps/Sec: 0.66
[[34m2026-01-14 19:58:03[0m] (step=0013900) Train Loss: 0.8143, Train Steps/Sec: 0.67
[[34m2026-01-14 20:00:34[0m] (step=0014000) Train Loss: 0.8169, Train Steps/Sec: 0.66
[[34m2026-01-14 20:03:04[0m] (step=0014100) Train Loss: 0.8186, Train Steps/Sec: 0.67
[[34m2026-01-14 20:05:35[0m] (step=0014200) Train Loss: 0.8130, Train Steps/Sec: 0.66
[[34m2026-01-14 20:08:05[0m] (step=0014300) Train Loss: 0.8154, Train Steps/Sec: 0.67
[[34m2026-01-14 20:09:47[0m] Beginning epoch 16...
[[34m2026-01-14 20:10:36[0m] (step=0014400) Train Loss: 0.8159, Train Steps/Sec: 0.66
[[34m2026-01-14 20:13:05[0m] (step=0014500) Train Loss: 0.8167, Train Steps/Sec: 0.67
[[34m2026-01-14 20:15:36[0m] (step=0014600) Train Loss: 0.8138, Train Steps/Sec: 0.67
[[34m2026-01-14 20:18:06[0m] (step=0014700) Train Loss: 0.8153, Train Steps/Sec: 0.66
[[34m2026-01-14 20:20:36[0m] (step=0014800) Train Loss: 0.8203, Train Steps/Sec: 0.67
[[34m2026-01-14 20:23:07[0m] (step=0014900) Train Loss: 0.8150, Train Steps/Sec: 0.66
[[34m2026-01-14 20:25:38[0m] (step=0015000) Train Loss: 0.8124, Train Steps/Sec: 0.66
[[34m2026-01-14 20:28:09[0m] (step=0015100) Train Loss: 0.8135, Train Steps/Sec: 0.66
[[34m2026-01-14 20:30:39[0m] (step=0015200) Train Loss: 0.8163, Train Steps/Sec: 0.66
[[34m2026-01-14 20:32:19[0m] Beginning epoch 17...
[[34m2026-01-14 20:33:11[0m] (step=0015300) Train Loss: 0.8155, Train Steps/Sec: 0.66
[[34m2026-01-14 20:35:41[0m] (step=0015400) Train Loss: 0.8122, Train Steps/Sec: 0.66
[[34m2026-01-14 20:38:12[0m] (step=0015500) Train Loss: 0.8141, Train Steps/Sec: 0.66
[[34m2026-01-14 20:40:42[0m] (step=0015600) Train Loss: 0.8132, Train Steps/Sec: 0.67
[[34m2026-01-14 20:43:13[0m] (step=0015700) Train Loss: 0.8135, Train Steps/Sec: 0.66
[[34m2026-01-14 20:45:44[0m] (step=0015800) Train Loss: 0.8139, Train Steps/Sec: 0.66
[[34m2026-01-14 20:48:14[0m] (step=0015900) Train Loss: 0.8127, Train Steps/Sec: 0.67
[[34m2026-01-14 20:50:44[0m] (step=0016000) Train Loss: 0.8107, Train Steps/Sec: 0.67
[[34m2026-01-14 20:53:16[0m] (step=0016100) Train Loss: 0.8139, Train Steps/Sec: 0.66
[[34m2026-01-14 20:54:52[0m] Beginning epoch 18...
[[34m2026-01-14 20:55:47[0m] (step=0016200) Train Loss: 0.8132, Train Steps/Sec: 0.66
[[34m2026-01-14 20:58:18[0m] (step=0016300) Train Loss: 0.8106, Train Steps/Sec: 0.66
[[34m2026-01-14 21:00:49[0m] (step=0016400) Train Loss: 0.8127, Train Steps/Sec: 0.66
[[34m2026-01-14 21:03:21[0m] (step=0016500) Train Loss: 0.8112, Train Steps/Sec: 0.66
[[34m2026-01-14 21:05:52[0m] (step=0016600) Train Loss: 0.8137, Train Steps/Sec: 0.66
[[34m2026-01-14 21:08:22[0m] (step=0016700) Train Loss: 0.8114, Train Steps/Sec: 0.66
[[34m2026-01-14 21:10:53[0m] (step=0016800) Train Loss: 0.8092, Train Steps/Sec: 0.66
[[34m2026-01-14 21:13:24[0m] (step=0016900) Train Loss: 0.8135, Train Steps/Sec: 0.66
[[34m2026-01-14 21:15:55[0m] (step=0017000) Train Loss: 0.8132, Train Steps/Sec: 0.66
[[34m2026-01-14 21:17:28[0m] Beginning epoch 19...
[[34m2026-01-14 21:18:26[0m] (step=0017100) Train Loss: 0.8113, Train Steps/Sec: 0.66
[[34m2026-01-14 21:20:57[0m] (step=0017200) Train Loss: 0.8110, Train Steps/Sec: 0.66
[[34m2026-01-14 21:23:28[0m] (step=0017300) Train Loss: 0.8103, Train Steps/Sec: 0.66
[[34m2026-01-14 21:25:58[0m] (step=0017400) Train Loss: 0.8113, Train Steps/Sec: 0.66
[[34m2026-01-14 21:28:29[0m] (step=0017500) Train Loss: 0.8127, Train Steps/Sec: 0.66
[[34m2026-01-14 21:31:00[0m] (step=0017600) Train Loss: 0.8119, Train Steps/Sec: 0.66
[[34m2026-01-14 21:33:31[0m] (step=0017700) Train Loss: 0.8144, Train Steps/Sec: 0.66
[[34m2026-01-14 21:36:02[0m] (step=0017800) Train Loss: 0.8118, Train Steps/Sec: 0.66
[[34m2026-01-14 21:38:33[0m] (step=0017900) Train Loss: 0.8130, Train Steps/Sec: 0.66
[[34m2026-01-14 21:40:03[0m] Beginning epoch 20...
[[34m2026-01-14 21:41:04[0m] (step=0018000) Train Loss: 0.8133, Train Steps/Sec: 0.66
[[34m2026-01-14 21:43:35[0m] (step=0018100) Train Loss: 0.8089, Train Steps/Sec: 0.66
[[34m2026-01-14 21:46:05[0m] (step=0018200) Train Loss: 0.8102, Train Steps/Sec: 0.66
[[34m2026-01-14 21:48:36[0m] (step=0018300) Train Loss: 0.8084, Train Steps/Sec: 0.66
[[34m2026-01-14 21:51:06[0m] (step=0018400) Train Loss: 0.8093, Train Steps/Sec: 0.67
[[34m2026-01-14 21:53:38[0m] (step=0018500) Train Loss: 0.8105, Train Steps/Sec: 0.66
[[34m2026-01-14 21:56:09[0m] (step=0018600) Train Loss: 0.8096, Train Steps/Sec: 0.66
[[34m2026-01-14 21:58:39[0m] (step=0018700) Train Loss: 0.8104, Train Steps/Sec: 0.66
[[34m2026-01-14 22:01:10[0m] (step=0018800) Train Loss: 0.8112, Train Steps/Sec: 0.66
[[34m2026-01-14 22:02:38[0m] Beginning epoch 21...
[[34m2026-01-14 22:03:42[0m] (step=0018900) Train Loss: 0.8128, Train Steps/Sec: 0.66
[[34m2026-01-14 22:06:12[0m] (step=0019000) Train Loss: 0.8064, Train Steps/Sec: 0.67
[[34m2026-01-14 22:08:43[0m] (step=0019100) Train Loss: 0.8099, Train Steps/Sec: 0.66
[[34m2026-01-14 22:11:13[0m] (step=0019200) Train Loss: 0.8094, Train Steps/Sec: 0.66
[[34m2026-01-14 22:13:44[0m] (step=0019300) Train Loss: 0.8107, Train Steps/Sec: 0.66
[[34m2026-01-14 22:16:15[0m] (step=0019400) Train Loss: 0.8106, Train Steps/Sec: 0.66
[[34m2026-01-14 22:18:45[0m] (step=0019500) Train Loss: 0.8074, Train Steps/Sec: 0.67
[[34m2026-01-14 22:21:16[0m] (step=0019600) Train Loss: 0.8095, Train Steps/Sec: 0.66
[[34m2026-01-14 22:23:47[0m] (step=0019700) Train Loss: 0.8098, Train Steps/Sec: 0.66
[[34m2026-01-14 22:25:11[0m] Beginning epoch 22...
[[34m2026-01-14 22:26:18[0m] (step=0019800) Train Loss: 0.8091, Train Steps/Sec: 0.66
[[34m2026-01-14 22:28:49[0m] (step=0019900) Train Loss: 0.8060, Train Steps/Sec: 0.66
[[34m2026-01-14 22:31:20[0m] (step=0020000) Train Loss: 0.8083, Train Steps/Sec: 0.66
[[34m2026-01-14 22:31:20[0m] Generating EMA samples...
[[34m2026-01-14 22:31:49[0m] Generating EMA samples done.
[[34m2026-01-14 22:34:19[0m] (step=0020100) Train Loss: 0.8065, Train Steps/Sec: 0.56
[[34m2026-01-14 22:36:50[0m] (step=0020200) Train Loss: 0.8080, Train Steps/Sec: 0.66
[[34m2026-01-14 22:39:21[0m] (step=0020300) Train Loss: 0.8093, Train Steps/Sec: 0.67
[[34m2026-01-14 22:41:51[0m] (step=0020400) Train Loss: 0.8074, Train Steps/Sec: 0.66
[[34m2026-01-14 22:44:22[0m] (step=0020500) Train Loss: 0.8093, Train Steps/Sec: 0.66
[[34m2026-01-14 22:46:53[0m] (step=0020600) Train Loss: 0.8102, Train Steps/Sec: 0.66
[[34m2026-01-14 22:48:14[0m] Beginning epoch 23...
[[34m2026-01-14 22:49:24[0m] (step=0020700) Train Loss: 0.8068, Train Steps/Sec: 0.66
[[34m2026-01-14 22:51:54[0m] (step=0020800) Train Loss: 0.8081, Train Steps/Sec: 0.67
[[34m2026-01-14 22:54:25[0m] (step=0020900) Train Loss: 0.8069, Train Steps/Sec: 0.66
[[34m2026-01-14 22:56:56[0m] (step=0021000) Train Loss: 0.8067, Train Steps/Sec: 0.66
[[34m2026-01-14 22:59:27[0m] (step=0021100) Train Loss: 0.8088, Train Steps/Sec: 0.66
[[34m2026-01-14 23:01:58[0m] (step=0021200) Train Loss: 0.8122, Train Steps/Sec: 0.66
[[34m2026-01-14 23:04:28[0m] (step=0021300) Train Loss: 0.8089, Train Steps/Sec: 0.66
[[34m2026-01-14 23:06:59[0m] (step=0021400) Train Loss: 0.8063, Train Steps/Sec: 0.66
[[34m2026-01-14 23:09:29[0m] (step=0021500) Train Loss: 0.8067, Train Steps/Sec: 0.67
[[34m2026-01-14 23:10:47[0m] Beginning epoch 24...
[[34m2026-01-14 23:12:00[0m] (step=0021600) Train Loss: 0.8061, Train Steps/Sec: 0.66
[[34m2026-01-14 23:14:31[0m] (step=0021700) Train Loss: 0.8091, Train Steps/Sec: 0.66
[[34m2026-01-14 23:17:01[0m] (step=0021800) Train Loss: 0.8064, Train Steps/Sec: 0.66
[[34m2026-01-14 23:19:33[0m] (step=0021900) Train Loss: 0.8100, Train Steps/Sec: 0.66
[[34m2026-01-14 23:22:03[0m] (step=0022000) Train Loss: 0.8078, Train Steps/Sec: 0.66
[[34m2026-01-14 23:24:34[0m] (step=0022100) Train Loss: 0.8045, Train Steps/Sec: 0.66
[[34m2026-01-14 23:27:04[0m] (step=0022200) Train Loss: 0.8053, Train Steps/Sec: 0.67
[[34m2026-01-14 23:29:34[0m] (step=0022300) Train Loss: 0.8053, Train Steps/Sec: 0.66
[[34m2026-01-14 23:32:05[0m] (step=0022400) Train Loss: 0.8058, Train Steps/Sec: 0.66
[[34m2026-01-14 23:33:20[0m] Beginning epoch 25...
[[34m2026-01-14 23:34:36[0m] (step=0022500) Train Loss: 0.8061, Train Steps/Sec: 0.66
[[34m2026-01-14 23:37:07[0m] (step=0022600) Train Loss: 0.8050, Train Steps/Sec: 0.66
[[34m2026-01-14 23:39:37[0m] (step=0022700) Train Loss: 0.8062, Train Steps/Sec: 0.67
[[34m2026-01-14 23:42:07[0m] (step=0022800) Train Loss: 0.8065, Train Steps/Sec: 0.67
[[34m2026-01-14 23:44:38[0m] (step=0022900) Train Loss: 0.8025, Train Steps/Sec: 0.66
[[34m2026-01-14 23:47:09[0m] (step=0023000) Train Loss: 0.8050, Train Steps/Sec: 0.66
[[34m2026-01-14 23:49:39[0m] (step=0023100) Train Loss: 0.8066, Train Steps/Sec: 0.66
[[34m2026-01-14 23:52:10[0m] (step=0023200) Train Loss: 0.8031, Train Steps/Sec: 0.66
[[34m2026-01-14 23:54:40[0m] (step=0023300) Train Loss: 0.8066, Train Steps/Sec: 0.66
[[34m2026-01-14 23:55:53[0m] Beginning epoch 26...
[[34m2026-01-14 23:57:12[0m] (step=0023400) Train Loss: 0.8046, Train Steps/Sec: 0.66
[[34m2026-01-14 23:59:42[0m] (step=0023500) Train Loss: 0.8045, Train Steps/Sec: 0.66
[[34m2026-01-15 00:02:13[0m] (step=0023600) Train Loss: 0.8067, Train Steps/Sec: 0.66
[[34m2026-01-15 00:04:44[0m] (step=0023700) Train Loss: 0.8048, Train Steps/Sec: 0.66
[[34m2026-01-15 00:07:15[0m] (step=0023800) Train Loss: 0.8074, Train Steps/Sec: 0.66
[[34m2026-01-15 00:09:46[0m] (step=0023900) Train Loss: 0.8050, Train Steps/Sec: 0.66
[[34m2026-01-15 00:12:16[0m] (step=0024000) Train Loss: 0.8069, Train Steps/Sec: 0.66
[[34m2026-01-15 00:14:47[0m] (step=0024100) Train Loss: 0.8077, Train Steps/Sec: 0.66
[[34m2026-01-15 00:17:18[0m] (step=0024200) Train Loss: 0.8026, Train Steps/Sec: 0.66
[[34m2026-01-15 00:18:28[0m] Beginning epoch 27...
[[34m2026-01-15 00:19:50[0m] (step=0024300) Train Loss: 0.8045, Train Steps/Sec: 0.66
[[34m2026-01-15 00:22:20[0m] (step=0024400) Train Loss: 0.8056, Train Steps/Sec: 0.67
[[34m2026-01-15 00:24:50[0m] (step=0024500) Train Loss: 0.8055, Train Steps/Sec: 0.66
[[34m2026-01-15 00:27:22[0m] (step=0024600) Train Loss: 0.8042, Train Steps/Sec: 0.66
[[34m2026-01-15 00:29:53[0m] (step=0024700) Train Loss: 0.8045, Train Steps/Sec: 0.66
[[34m2026-01-15 00:32:24[0m] (step=0024800) Train Loss: 0.8051, Train Steps/Sec: 0.66
[[34m2026-01-15 00:34:54[0m] (step=0024900) Train Loss: 0.8047, Train Steps/Sec: 0.66
[[34m2026-01-15 00:37:25[0m] (step=0025000) Train Loss: 0.8040, Train Steps/Sec: 0.66
[[34m2026-01-15 00:39:55[0m] (step=0025100) Train Loss: 0.8029, Train Steps/Sec: 0.66
[[34m2026-01-15 00:41:02[0m] Beginning epoch 28...
[[34m2026-01-15 00:42:27[0m] (step=0025200) Train Loss: 0.8076, Train Steps/Sec: 0.66
[[34m2026-01-15 00:44:58[0m] (step=0025300) Train Loss: 0.8063, Train Steps/Sec: 0.66
[[34m2026-01-15 00:47:29[0m] (step=0025400) Train Loss: 0.8038, Train Steps/Sec: 0.66
[[34m2026-01-15 00:50:01[0m] (step=0025500) Train Loss: 0.8041, Train Steps/Sec: 0.66
[[34m2026-01-15 00:52:31[0m] (step=0025600) Train Loss: 0.8061, Train Steps/Sec: 0.66
[[34m2026-01-15 00:55:03[0m] (step=0025700) Train Loss: 0.8027, Train Steps/Sec: 0.66
[[34m2026-01-15 00:57:34[0m] (step=0025800) Train Loss: 0.8040, Train Steps/Sec: 0.66
[[34m2026-01-15 01:00:05[0m] (step=0025900) Train Loss: 0.8026, Train Steps/Sec: 0.66
[[34m2026-01-15 01:02:36[0m] (step=0026000) Train Loss: 0.8034, Train Steps/Sec: 0.66
[[34m2026-01-15 01:03:40[0m] Beginning epoch 29...
[[34m2026-01-15 01:05:08[0m] (step=0026100) Train Loss: 0.8027, Train Steps/Sec: 0.66
[[34m2026-01-15 01:07:40[0m] (step=0026200) Train Loss: 0.8048, Train Steps/Sec: 0.66
[[34m2026-01-15 01:10:12[0m] (step=0026300) Train Loss: 0.8015, Train Steps/Sec: 0.66
[[34m2026-01-15 01:12:43[0m] (step=0026400) Train Loss: 0.8051, Train Steps/Sec: 0.66
[[34m2026-01-15 01:15:14[0m] (step=0026500) Train Loss: 0.8045, Train Steps/Sec: 0.66
[[34m2026-01-15 01:17:45[0m] (step=0026600) Train Loss: 0.8024, Train Steps/Sec: 0.66
[[34m2026-01-15 01:20:16[0m] (step=0026700) Train Loss: 0.8038, Train Steps/Sec: 0.66
[[34m2026-01-15 01:22:47[0m] (step=0026800) Train Loss: 0.8024, Train Steps/Sec: 0.66
[[34m2026-01-15 01:25:17[0m] (step=0026900) Train Loss: 0.8056, Train Steps/Sec: 0.66
[[34m2026-01-15 01:26:17[0m] Beginning epoch 30...
[[34m2026-01-15 01:27:48[0m] (step=0027000) Train Loss: 0.8043, Train Steps/Sec: 0.66
[[34m2026-01-15 01:30:19[0m] (step=0027100) Train Loss: 0.8032, Train Steps/Sec: 0.66
[[34m2026-01-15 01:32:50[0m] (step=0027200) Train Loss: 0.8028, Train Steps/Sec: 0.66
[[34m2026-01-15 01:35:21[0m] (step=0027300) Train Loss: 0.8057, Train Steps/Sec: 0.66
[[34m2026-01-15 01:37:52[0m] (step=0027400) Train Loss: 0.8057, Train Steps/Sec: 0.66
[[34m2026-01-15 01:40:23[0m] (step=0027500) Train Loss: 0.8051, Train Steps/Sec: 0.66
[[34m2026-01-15 01:42:54[0m] (step=0027600) Train Loss: 0.8032, Train Steps/Sec: 0.66
[[34m2026-01-15 01:45:25[0m] (step=0027700) Train Loss: 0.8022, Train Steps/Sec: 0.66
[[34m2026-01-15 01:47:56[0m] (step=0027800) Train Loss: 0.8044, Train Steps/Sec: 0.66
[[34m2026-01-15 01:48:54[0m] Beginning epoch 31...
[[34m2026-01-15 01:50:29[0m] (step=0027900) Train Loss: 0.8024, Train Steps/Sec: 0.66
[[34m2026-01-15 01:52:59[0m] (step=0028000) Train Loss: 0.8033, Train Steps/Sec: 0.66
[[34m2026-01-15 01:55:30[0m] (step=0028100) Train Loss: 0.8039, Train Steps/Sec: 0.67
[[34m2026-01-15 01:58:00[0m] (step=0028200) Train Loss: 0.8006, Train Steps/Sec: 0.66
[[34m2026-01-15 02:00:32[0m] (step=0028300) Train Loss: 0.8043, Train Steps/Sec: 0.66
[[34m2026-01-15 02:03:04[0m] (step=0028400) Train Loss: 0.8036, Train Steps/Sec: 0.66
[[34m2026-01-15 02:05:35[0m] (step=0028500) Train Loss: 0.8046, Train Steps/Sec: 0.66
[[34m2026-01-15 02:08:06[0m] (step=0028600) Train Loss: 0.7996, Train Steps/Sec: 0.66
[[34m2026-01-15 02:10:37[0m] (step=0028700) Train Loss: 0.8044, Train Steps/Sec: 0.67
[[34m2026-01-15 02:11:31[0m] Beginning epoch 32...
[[34m2026-01-15 02:13:08[0m] (step=0028800) Train Loss: 0.8003, Train Steps/Sec: 0.66
[[34m2026-01-15 02:15:39[0m] (step=0028900) Train Loss: 0.8021, Train Steps/Sec: 0.66
[[34m2026-01-15 02:18:10[0m] (step=0029000) Train Loss: 0.8041, Train Steps/Sec: 0.66
[[34m2026-01-15 02:20:41[0m] (step=0029100) Train Loss: 0.8034, Train Steps/Sec: 0.66
[[34m2026-01-15 02:23:12[0m] (step=0029200) Train Loss: 0.8037, Train Steps/Sec: 0.66
[[34m2026-01-15 02:25:43[0m] (step=0029300) Train Loss: 0.8017, Train Steps/Sec: 0.66
[[34m2026-01-15 02:28:14[0m] (step=0029400) Train Loss: 0.8037, Train Steps/Sec: 0.66
[[34m2026-01-15 02:30:45[0m] (step=0029500) Train Loss: 0.8032, Train Steps/Sec: 0.66
[[34m2026-01-15 02:33:17[0m] (step=0029600) Train Loss: 0.8039, Train Steps/Sec: 0.66
[[34m2026-01-15 02:34:08[0m] Beginning epoch 33...
[[34m2026-01-15 02:35:49[0m] (step=0029700) Train Loss: 0.8031, Train Steps/Sec: 0.66
[[34m2026-01-15 02:38:20[0m] (step=0029800) Train Loss: 0.8008, Train Steps/Sec: 0.66
[[34m2026-01-15 02:40:51[0m] (step=0029900) Train Loss: 0.8001, Train Steps/Sec: 0.66
[[34m2026-01-15 02:43:22[0m] (step=0030000) Train Loss: 0.8037, Train Steps/Sec: 0.66
[[34m2026-01-15 02:43:22[0m] Generating EMA samples...
[[34m2026-01-15 02:43:52[0m] Generating EMA samples done.
[[34m2026-01-15 02:46:23[0m] (step=0030100) Train Loss: 0.8016, Train Steps/Sec: 0.55
[[34m2026-01-15 02:48:54[0m] (step=0030200) Train Loss: 0.8018, Train Steps/Sec: 0.66
[[34m2026-01-15 02:51:25[0m] (step=0030300) Train Loss: 0.8024, Train Steps/Sec: 0.66
[[34m2026-01-15 02:53:55[0m] (step=0030400) Train Loss: 0.8011, Train Steps/Sec: 0.67
[[34m2026-01-15 02:56:26[0m] (step=0030500) Train Loss: 0.8013, Train Steps/Sec: 0.66
[[34m2026-01-15 02:57:15[0m] Beginning epoch 34...
[[34m2026-01-15 02:58:58[0m] (step=0030600) Train Loss: 0.7991, Train Steps/Sec: 0.66
[[34m2026-01-15 03:01:29[0m] (step=0030700) Train Loss: 0.8008, Train Steps/Sec: 0.66
[[34m2026-01-15 03:04:00[0m] (step=0030800) Train Loss: 0.8003, Train Steps/Sec: 0.66
[[34m2026-01-15 03:06:31[0m] (step=0030900) Train Loss: 0.8035, Train Steps/Sec: 0.66
[[34m2026-01-15 03:09:03[0m] (step=0031000) Train Loss: 0.8025, Train Steps/Sec: 0.66
[[34m2026-01-15 03:11:34[0m] (step=0031100) Train Loss: 0.8021, Train Steps/Sec: 0.66
[[34m2026-01-15 03:14:05[0m] (step=0031200) Train Loss: 0.8059, Train Steps/Sec: 0.66
[[34m2026-01-15 03:16:36[0m] (step=0031300) Train Loss: 0.8012, Train Steps/Sec: 0.66
[[34m2026-01-15 03:19:07[0m] (step=0031400) Train Loss: 0.8021, Train Steps/Sec: 0.66
[[34m2026-01-15 03:19:52[0m] Beginning epoch 35...
[[34m2026-01-15 03:21:38[0m] (step=0031500) Train Loss: 0.8021, Train Steps/Sec: 0.66
[[34m2026-01-15 03:24:09[0m] (step=0031600) Train Loss: 0.8000, Train Steps/Sec: 0.66
[[34m2026-01-15 03:26:40[0m] (step=0031700) Train Loss: 0.8007, Train Steps/Sec: 0.66
[[34m2026-01-15 03:29:11[0m] (step=0031800) Train Loss: 0.8045, Train Steps/Sec: 0.66
[[34m2026-01-15 03:31:42[0m] (step=0031900) Train Loss: 0.7996, Train Steps/Sec: 0.66
[[34m2026-01-15 03:34:13[0m] (step=0032000) Train Loss: 0.8003, Train Steps/Sec: 0.66
[[34m2026-01-15 03:36:44[0m] (step=0032100) Train Loss: 0.8021, Train Steps/Sec: 0.66
[[34m2026-01-15 03:39:15[0m] (step=0032200) Train Loss: 0.8008, Train Steps/Sec: 0.66
[[34m2026-01-15 03:41:47[0m] (step=0032300) Train Loss: 0.8019, Train Steps/Sec: 0.66
[[34m2026-01-15 03:42:29[0m] Beginning epoch 36...
[[34m2026-01-15 03:44:18[0m] (step=0032400) Train Loss: 0.7992, Train Steps/Sec: 0.66
[[34m2026-01-15 03:46:48[0m] (step=0032500) Train Loss: 0.7997, Train Steps/Sec: 0.66
[[34m2026-01-15 03:49:19[0m] (step=0032600) Train Loss: 0.7993, Train Steps/Sec: 0.67
[[34m2026-01-15 03:51:49[0m] (step=0032700) Train Loss: 0.8013, Train Steps/Sec: 0.66
[[34m2026-01-15 03:54:20[0m] (step=0032800) Train Loss: 0.8031, Train Steps/Sec: 0.66
[[34m2026-01-15 03:56:51[0m] (step=0032900) Train Loss: 0.8002, Train Steps/Sec: 0.66
[[34m2026-01-15 03:59:22[0m] (step=0033000) Train Loss: 0.8010, Train Steps/Sec: 0.66
[[34m2026-01-15 04:01:52[0m] (step=0033100) Train Loss: 0.8033, Train Steps/Sec: 0.67
[[34m2026-01-15 04:04:23[0m] (step=0033200) Train Loss: 0.7989, Train Steps/Sec: 0.66
[[34m2026-01-15 04:05:03[0m] Beginning epoch 37...
[[34m2026-01-15 04:06:55[0m] (step=0033300) Train Loss: 0.7998, Train Steps/Sec: 0.66
[[34m2026-01-15 04:09:26[0m] (step=0033400) Train Loss: 0.8024, Train Steps/Sec: 0.66
[[34m2026-01-15 04:11:56[0m] (step=0033500) Train Loss: 0.7984, Train Steps/Sec: 0.66
[[34m2026-01-15 04:14:28[0m] (step=0033600) Train Loss: 0.7992, Train Steps/Sec: 0.66
[[34m2026-01-15 04:16:59[0m] (step=0033700) Train Loss: 0.7992, Train Steps/Sec: 0.66
[[34m2026-01-15 04:19:30[0m] (step=0033800) Train Loss: 0.8005, Train Steps/Sec: 0.66
[[34m2026-01-15 04:22:01[0m] (step=0033900) Train Loss: 0.8000, Train Steps/Sec: 0.66
[[34m2026-01-15 04:24:33[0m] (step=0034000) Train Loss: 0.8006, Train Steps/Sec: 0.66
[[34m2026-01-15 04:27:03[0m] (step=0034100) Train Loss: 0.7962, Train Steps/Sec: 0.66
[[34m2026-01-15 04:27:39[0m] Beginning epoch 38...
[[34m2026-01-15 04:29:34[0m] (step=0034200) Train Loss: 0.7976, Train Steps/Sec: 0.66
[[34m2026-01-15 04:32:05[0m] (step=0034300) Train Loss: 0.8017, Train Steps/Sec: 0.66
[[34m2026-01-15 04:34:36[0m] (step=0034400) Train Loss: 0.8000, Train Steps/Sec: 0.66
[[34m2026-01-15 04:37:07[0m] (step=0034500) Train Loss: 0.7950, Train Steps/Sec: 0.67
[[34m2026-01-15 04:39:37[0m] (step=0034600) Train Loss: 0.8001, Train Steps/Sec: 0.67
[[34m2026-01-15 04:42:08[0m] (step=0034700) Train Loss: 0.7978, Train Steps/Sec: 0.66
[[34m2026-01-15 04:44:39[0m] (step=0034800) Train Loss: 0.7988, Train Steps/Sec: 0.66
[[34m2026-01-15 04:47:10[0m] (step=0034900) Train Loss: 0.8014, Train Steps/Sec: 0.66
[[34m2026-01-15 04:49:42[0m] (step=0035000) Train Loss: 0.8004, Train Steps/Sec: 0.66
[[34m2026-01-15 04:50:15[0m] Beginning epoch 39...
[[34m2026-01-15 04:52:13[0m] (step=0035100) Train Loss: 0.7969, Train Steps/Sec: 0.66
[[34m2026-01-15 04:54:44[0m] (step=0035200) Train Loss: 0.7967, Train Steps/Sec: 0.66
[[34m2026-01-15 04:57:15[0m] (step=0035300) Train Loss: 0.7991, Train Steps/Sec: 0.66
[[34m2026-01-15 04:59:46[0m] (step=0035400) Train Loss: 0.7988, Train Steps/Sec: 0.66
[[34m2026-01-15 05:02:17[0m] (step=0035500) Train Loss: 0.8003, Train Steps/Sec: 0.66
[[34m2026-01-15 05:04:48[0m] (step=0035600) Train Loss: 0.7991, Train Steps/Sec: 0.66
[[34m2026-01-15 05:07:18[0m] (step=0035700) Train Loss: 0.8005, Train Steps/Sec: 0.67
[[34m2026-01-15 05:09:49[0m] (step=0035800) Train Loss: 0.8029, Train Steps/Sec: 0.66
[[34m2026-01-15 05:12:21[0m] (step=0035900) Train Loss: 0.7992, Train Steps/Sec: 0.66
[[34m2026-01-15 05:12:51[0m] Beginning epoch 40...
[[34m2026-01-15 05:14:53[0m] (step=0036000) Train Loss: 0.7975, Train Steps/Sec: 0.66
[[34m2026-01-15 05:17:24[0m] (step=0036100) Train Loss: 0.7996, Train Steps/Sec: 0.66
[[34m2026-01-15 05:19:55[0m] (step=0036200) Train Loss: 0.7967, Train Steps/Sec: 0.66
[[34m2026-01-15 05:22:26[0m] (step=0036300) Train Loss: 0.8002, Train Steps/Sec: 0.66
[[34m2026-01-15 05:24:56[0m] (step=0036400) Train Loss: 0.7985, Train Steps/Sec: 0.66
[[34m2026-01-15 05:27:26[0m] (step=0036500) Train Loss: 0.8016, Train Steps/Sec: 0.67
[[34m2026-01-15 05:29:57[0m] (step=0036600) Train Loss: 0.7977, Train Steps/Sec: 0.66
[[34m2026-01-15 05:32:28[0m] (step=0036700) Train Loss: 0.7995, Train Steps/Sec: 0.66
[[34m2026-01-15 05:34:59[0m] (step=0036800) Train Loss: 0.7971, Train Steps/Sec: 0.66
[[34m2026-01-15 05:35:26[0m] Beginning epoch 41...
[[34m2026-01-15 05:37:30[0m] (step=0036900) Train Loss: 0.7978, Train Steps/Sec: 0.66
[[34m2026-01-15 05:40:01[0m] (step=0037000) Train Loss: 0.7954, Train Steps/Sec: 0.66
[[34m2026-01-15 05:42:32[0m] (step=0037100) Train Loss: 0.7988, Train Steps/Sec: 0.66
[[34m2026-01-15 05:45:03[0m] (step=0037200) Train Loss: 0.7965, Train Steps/Sec: 0.66
[[34m2026-01-15 05:47:34[0m] (step=0037300) Train Loss: 0.7973, Train Steps/Sec: 0.66
[[34m2026-01-15 05:50:05[0m] (step=0037400) Train Loss: 0.7961, Train Steps/Sec: 0.66
[[34m2026-01-15 05:52:36[0m] (step=0037500) Train Loss: 0.7949, Train Steps/Sec: 0.66
[[34m2026-01-15 05:55:07[0m] (step=0037600) Train Loss: 0.7969, Train Steps/Sec: 0.66
[[34m2026-01-15 05:57:37[0m] (step=0037700) Train Loss: 0.7993, Train Steps/Sec: 0.66
[[34m2026-01-15 05:58:02[0m] Beginning epoch 42...
[[34m2026-01-15 06:00:09[0m] (step=0037800) Train Loss: 0.7997, Train Steps/Sec: 0.66
[[34m2026-01-15 06:02:40[0m] (step=0037900) Train Loss: 0.7973, Train Steps/Sec: 0.66
[[34m2026-01-15 06:05:11[0m] (step=0038000) Train Loss: 0.7973, Train Steps/Sec: 0.66
[[34m2026-01-15 06:07:42[0m] (step=0038100) Train Loss: 0.7965, Train Steps/Sec: 0.66
[[34m2026-01-15 06:10:13[0m] (step=0038200) Train Loss: 0.7968, Train Steps/Sec: 0.66
[[34m2026-01-15 06:12:43[0m] (step=0038300) Train Loss: 0.7996, Train Steps/Sec: 0.66
[[34m2026-01-15 06:15:14[0m] (step=0038400) Train Loss: 0.8010, Train Steps/Sec: 0.67
[[34m2026-01-15 06:17:44[0m] (step=0038500) Train Loss: 0.7981, Train Steps/Sec: 0.66
[[34m2026-01-15 06:20:15[0m] (step=0038600) Train Loss: 0.7968, Train Steps/Sec: 0.67
[[34m2026-01-15 06:20:36[0m] Beginning epoch 43...
[[34m2026-01-15 06:22:46[0m] (step=0038700) Train Loss: 0.7936, Train Steps/Sec: 0.66
[[34m2026-01-15 06:25:17[0m] (step=0038800) Train Loss: 0.8003, Train Steps/Sec: 0.66
[[34m2026-01-15 06:27:48[0m] (step=0038900) Train Loss: 0.8008, Train Steps/Sec: 0.66
[[34m2026-01-15 06:30:18[0m] (step=0039000) Train Loss: 0.7961, Train Steps/Sec: 0.66
[[34m2026-01-15 06:32:49[0m] (step=0039100) Train Loss: 0.7971, Train Steps/Sec: 0.67
[[34m2026-01-15 06:35:19[0m] (step=0039200) Train Loss: 0.7971, Train Steps/Sec: 0.66
[[34m2026-01-15 06:37:51[0m] (step=0039300) Train Loss: 0.7955, Train Steps/Sec: 0.66
[[34m2026-01-15 06:40:22[0m] (step=0039400) Train Loss: 0.7991, Train Steps/Sec: 0.66
[[34m2026-01-15 06:42:52[0m] (step=0039500) Train Loss: 0.7977, Train Steps/Sec: 0.66
[[34m2026-01-15 06:43:10[0m] Beginning epoch 44...
[[34m2026-01-15 06:45:24[0m] (step=0039600) Train Loss: 0.7990, Train Steps/Sec: 0.66
[[34m2026-01-15 06:47:55[0m] (step=0039700) Train Loss: 0.7973, Train Steps/Sec: 0.66
[[34m2026-01-15 06:50:26[0m] (step=0039800) Train Loss: 0.7952, Train Steps/Sec: 0.66
[[34m2026-01-15 06:52:56[0m] (step=0039900) Train Loss: 0.7995, Train Steps/Sec: 0.67
[[34m2026-01-15 06:55:27[0m] (step=0040000) Train Loss: 0.7948, Train Steps/Sec: 0.66
[[34m2026-01-15 06:55:27[0m] Generating EMA samples...
[[34m2026-01-15 06:56:14[0m] Generating EMA samples done.
[[34m2026-01-15 06:58:42[0m] (step=0040100) Train Loss: 0.7987, Train Steps/Sec: 0.51
[[34m2026-01-15 07:01:13[0m] (step=0040200) Train Loss: 0.7982, Train Steps/Sec: 0.67
[[34m2026-01-15 07:03:44[0m] (step=0040300) Train Loss: 0.7972, Train Steps/Sec: 0.66
[[34m2026-01-15 07:06:15[0m] (step=0040400) Train Loss: 0.7977, Train Steps/Sec: 0.66
[[34m2026-01-15 07:06:30[0m] Beginning epoch 45...
[[34m2026-01-15 07:08:47[0m] (step=0040500) Train Loss: 0.7958, Train Steps/Sec: 0.66
[[34m2026-01-15 07:11:17[0m] (step=0040600) Train Loss: 0.7936, Train Steps/Sec: 0.66
[[34m2026-01-15 07:13:48[0m] (step=0040700) Train Loss: 0.7951, Train Steps/Sec: 0.67
[[34m2026-01-15 07:16:18[0m] (step=0040800) Train Loss: 0.7968, Train Steps/Sec: 0.67
[[34m2026-01-15 07:18:49[0m] (step=0040900) Train Loss: 0.7986, Train Steps/Sec: 0.66
[[34m2026-01-15 07:21:19[0m] (step=0041000) Train Loss: 0.7983, Train Steps/Sec: 0.66
[[34m2026-01-15 07:23:50[0m] (step=0041100) Train Loss: 0.7986, Train Steps/Sec: 0.66
[[34m2026-01-15 07:26:21[0m] (step=0041200) Train Loss: 0.7971, Train Steps/Sec: 0.66
[[34m2026-01-15 07:28:51[0m] (step=0041300) Train Loss: 0.8019, Train Steps/Sec: 0.66
[[34m2026-01-15 07:29:04[0m] Beginning epoch 46...
[[34m2026-01-15 07:31:24[0m] (step=0041400) Train Loss: 0.7940, Train Steps/Sec: 0.66
[[34m2026-01-15 07:33:54[0m] (step=0041500) Train Loss: 0.7960, Train Steps/Sec: 0.66
[[34m2026-01-15 07:36:25[0m] (step=0041600) Train Loss: 0.7966, Train Steps/Sec: 0.66
[[34m2026-01-15 07:38:56[0m] (step=0041700) Train Loss: 0.7985, Train Steps/Sec: 0.66
[[34m2026-01-15 07:41:28[0m] (step=0041800) Train Loss: 0.7962, Train Steps/Sec: 0.66
[[34m2026-01-15 07:43:59[0m] (step=0041900) Train Loss: 0.7975, Train Steps/Sec: 0.66
[[34m2026-01-15 07:46:30[0m] (step=0042000) Train Loss: 0.7974, Train Steps/Sec: 0.66
[[34m2026-01-15 07:49:01[0m] (step=0042100) Train Loss: 0.7945, Train Steps/Sec: 0.66
[[34m2026-01-15 07:51:31[0m] (step=0042200) Train Loss: 0.7947, Train Steps/Sec: 0.66
[[34m2026-01-15 07:51:41[0m] Beginning epoch 47...
[[34m2026-01-15 07:54:02[0m] (step=0042300) Train Loss: 0.7923, Train Steps/Sec: 0.66
[[34m2026-01-15 07:56:33[0m] (step=0042400) Train Loss: 0.7990, Train Steps/Sec: 0.66
[[34m2026-01-15 07:59:04[0m] (step=0042500) Train Loss: 0.7949, Train Steps/Sec: 0.66
[[34m2026-01-15 08:01:36[0m] (step=0042600) Train Loss: 0.7956, Train Steps/Sec: 0.66
[[34m2026-01-15 08:04:07[0m] (step=0042700) Train Loss: 0.7956, Train Steps/Sec: 0.66
[[34m2026-01-15 08:06:37[0m] (step=0042800) Train Loss: 0.7974, Train Steps/Sec: 0.66
[[34m2026-01-15 08:09:08[0m] (step=0042900) Train Loss: 0.7960, Train Steps/Sec: 0.66
[[34m2026-01-15 08:11:39[0m] (step=0043000) Train Loss: 0.7969, Train Steps/Sec: 0.66
[[34m2026-01-15 08:14:10[0m] (step=0043100) Train Loss: 0.7937, Train Steps/Sec: 0.66
[[34m2026-01-15 08:14:16[0m] Beginning epoch 48...
[[34m2026-01-15 08:16:42[0m] (step=0043200) Train Loss: 0.7972, Train Steps/Sec: 0.66
[[34m2026-01-15 08:19:12[0m] (step=0043300) Train Loss: 0.7971, Train Steps/Sec: 0.67
[[34m2026-01-15 08:21:43[0m] (step=0043400) Train Loss: 0.7947, Train Steps/Sec: 0.66
[[34m2026-01-15 08:24:13[0m] (step=0043500) Train Loss: 0.7980, Train Steps/Sec: 0.66
[[34m2026-01-15 08:26:44[0m] (step=0043600) Train Loss: 0.7934, Train Steps/Sec: 0.66
[[34m2026-01-15 08:29:15[0m] (step=0043700) Train Loss: 0.7933, Train Steps/Sec: 0.66
[[34m2026-01-15 08:31:45[0m] (step=0043800) Train Loss: 0.7947, Train Steps/Sec: 0.66
[[34m2026-01-15 08:34:17[0m] (step=0043900) Train Loss: 0.7941, Train Steps/Sec: 0.66
[[34m2026-01-15 08:36:47[0m] (step=0044000) Train Loss: 0.7976, Train Steps/Sec: 0.67
[[34m2026-01-15 08:36:50[0m] Beginning epoch 49...
[[34m2026-01-15 08:39:18[0m] (step=0044100) Train Loss: 0.7957, Train Steps/Sec: 0.66
[[34m2026-01-15 08:41:49[0m] (step=0044200) Train Loss: 0.7919, Train Steps/Sec: 0.66
[[34m2026-01-15 08:44:19[0m] (step=0044300) Train Loss: 0.7964, Train Steps/Sec: 0.67
[[34m2026-01-15 08:46:50[0m] (step=0044400) Train Loss: 0.7952, Train Steps/Sec: 0.66
[[34m2026-01-15 08:49:20[0m] (step=0044500) Train Loss: 0.7969, Train Steps/Sec: 0.66
[[34m2026-01-15 08:51:51[0m] (step=0044600) Train Loss: 0.7932, Train Steps/Sec: 0.66
[[34m2026-01-15 08:54:22[0m] (step=0044700) Train Loss: 0.7971, Train Steps/Sec: 0.66
[[34m2026-01-15 08:56:53[0m] (step=0044800) Train Loss: 0.7951, Train Steps/Sec: 0.66
[[34m2026-01-15 08:59:24[0m] (step=0044900) Train Loss: 0.7929, Train Steps/Sec: 0.66
[[34m2026-01-15 08:59:24[0m] Beginning epoch 50...
[[34m2026-01-15 09:01:55[0m] (step=0045000) Train Loss: 0.7960, Train Steps/Sec: 0.66
[[34m2026-01-15 09:04:26[0m] (step=0045100) Train Loss: 0.7954, Train Steps/Sec: 0.67
[[34m2026-01-15 09:06:56[0m] (step=0045200) Train Loss: 0.7929, Train Steps/Sec: 0.66
[[34m2026-01-15 09:09:27[0m] (step=0045300) Train Loss: 0.7961, Train Steps/Sec: 0.66
[[34m2026-01-15 09:11:57[0m] (step=0045400) Train Loss: 0.7955, Train Steps/Sec: 0.67
[[34m2026-01-15 09:14:27[0m] (step=0045500) Train Loss: 0.7922, Train Steps/Sec: 0.67
[[34m2026-01-15 09:16:57[0m] (step=0045600) Train Loss: 0.7964, Train Steps/Sec: 0.66
[[34m2026-01-15 09:19:28[0m] (step=0045700) Train Loss: 0.7949, Train Steps/Sec: 0.66
[[34m2026-01-15 09:21:55[0m] Beginning epoch 51...
[[34m2026-01-15 09:21:59[0m] (step=0045800) Train Loss: 0.7967, Train Steps/Sec: 0.66
[[34m2026-01-15 09:24:29[0m] (step=0045900) Train Loss: 0.7969, Train Steps/Sec: 0.67
[[34m2026-01-15 09:27:00[0m] (step=0046000) Train Loss: 0.7961, Train Steps/Sec: 0.66
[[34m2026-01-15 09:29:30[0m] (step=0046100) Train Loss: 0.7933, Train Steps/Sec: 0.67
[[34m2026-01-15 09:32:00[0m] (step=0046200) Train Loss: 0.7945, Train Steps/Sec: 0.66
[[34m2026-01-15 09:34:31[0m] (step=0046300) Train Loss: 0.7948, Train Steps/Sec: 0.66
[[34m2026-01-15 09:37:02[0m] (step=0046400) Train Loss: 0.7960, Train Steps/Sec: 0.67
[[34m2026-01-15 09:39:32[0m] (step=0046500) Train Loss: 0.7962, Train Steps/Sec: 0.66
[[34m2026-01-15 09:42:03[0m] (step=0046600) Train Loss: 0.7939, Train Steps/Sec: 0.66
[[34m2026-01-15 09:44:28[0m] Beginning epoch 52...
[[34m2026-01-15 09:44:35[0m] (step=0046700) Train Loss: 0.7954, Train Steps/Sec: 0.66
[[34m2026-01-15 09:47:05[0m] (step=0046800) Train Loss: 0.7967, Train Steps/Sec: 0.67
[[34m2026-01-15 09:49:36[0m] (step=0046900) Train Loss: 0.7936, Train Steps/Sec: 0.66
[[34m2026-01-15 09:52:06[0m] (step=0047000) Train Loss: 0.7957, Train Steps/Sec: 0.66
[[34m2026-01-15 09:54:37[0m] (step=0047100) Train Loss: 0.7929, Train Steps/Sec: 0.66
[[34m2026-01-15 09:57:08[0m] (step=0047200) Train Loss: 0.7971, Train Steps/Sec: 0.66
[[34m2026-01-15 09:59:39[0m] (step=0047300) Train Loss: 0.7981, Train Steps/Sec: 0.66
[[34m2026-01-15 10:02:10[0m] (step=0047400) Train Loss: 0.7927, Train Steps/Sec: 0.66
[[34m2026-01-15 10:04:41[0m] (step=0047500) Train Loss: 0.7920, Train Steps/Sec: 0.66
[[34m2026-01-15 10:07:02[0m] Beginning epoch 53...
[[34m2026-01-15 10:07:12[0m] (step=0047600) Train Loss: 0.7939, Train Steps/Sec: 0.66
[[34m2026-01-15 10:09:44[0m] (step=0047700) Train Loss: 0.7941, Train Steps/Sec: 0.66
[[34m2026-01-15 10:12:14[0m] (step=0047800) Train Loss: 0.7947, Train Steps/Sec: 0.66
[[34m2026-01-15 10:14:45[0m] (step=0047900) Train Loss: 0.7959, Train Steps/Sec: 0.67
[[34m2026-01-15 10:17:16[0m] (step=0048000) Train Loss: 0.7941, Train Steps/Sec: 0.66
[[34m2026-01-15 10:19:47[0m] (step=0048100) Train Loss: 0.7966, Train Steps/Sec: 0.66
[[34m2026-01-15 10:22:17[0m] (step=0048200) Train Loss: 0.7921, Train Steps/Sec: 0.66
[[34m2026-01-15 10:24:48[0m] (step=0048300) Train Loss: 0.7929, Train Steps/Sec: 0.66
[[34m2026-01-15 10:27:19[0m] (step=0048400) Train Loss: 0.7948, Train Steps/Sec: 0.66
[[34m2026-01-15 10:29:38[0m] Beginning epoch 54...
[[34m2026-01-15 10:29:51[0m] (step=0048500) Train Loss: 0.7921, Train Steps/Sec: 0.66
[[34m2026-01-15 10:32:22[0m] (step=0048600) Train Loss: 0.7907, Train Steps/Sec: 0.66
[[34m2026-01-15 10:34:53[0m] (step=0048700) Train Loss: 0.7957, Train Steps/Sec: 0.66
[[34m2026-01-15 10:37:23[0m] (step=0048800) Train Loss: 0.7935, Train Steps/Sec: 0.67
[[34m2026-01-15 10:39:55[0m] (step=0048900) Train Loss: 0.7939, Train Steps/Sec: 0.66
[[34m2026-01-15 10:42:26[0m] (step=0049000) Train Loss: 0.7910, Train Steps/Sec: 0.66
[[34m2026-01-15 10:44:57[0m] (step=0049100) Train Loss: 0.7932, Train Steps/Sec: 0.66
[[34m2026-01-15 10:47:27[0m] (step=0049200) Train Loss: 0.7934, Train Steps/Sec: 0.66
[[34m2026-01-15 10:49:58[0m] (step=0049300) Train Loss: 0.7942, Train Steps/Sec: 0.66
[[34m2026-01-15 10:52:14[0m] Beginning epoch 55...
[[34m2026-01-15 10:52:30[0m] (step=0049400) Train Loss: 0.7951, Train Steps/Sec: 0.66
[[34m2026-01-15 10:55:01[0m] (step=0049500) Train Loss: 0.7932, Train Steps/Sec: 0.66
[[34m2026-01-15 10:57:31[0m] (step=0049600) Train Loss: 0.7919, Train Steps/Sec: 0.67
[[34m2026-01-15 11:00:03[0m] (step=0049700) Train Loss: 0.7967, Train Steps/Sec: 0.66
[[34m2026-01-15 11:02:34[0m] (step=0049800) Train Loss: 0.7908, Train Steps/Sec: 0.66
[[34m2026-01-15 11:05:05[0m] (step=0049900) Train Loss: 0.7926, Train Steps/Sec: 0.66
[[34m2026-01-15 11:07:35[0m] (step=0050000) Train Loss: 0.7962, Train Steps/Sec: 0.67
[[34m2026-01-15 11:07:59[0m] Saved checkpoint to results/005-SiT-L-2-Linear-velocity-None/checkpoints/0050000.pt
[[34m2026-01-15 11:08:00[0m] Generating EMA samples...
[[34m2026-01-15 11:08:38[0m] Generating EMA samples done.
[[34m2026-01-15 11:11:06[0m] (step=0050100) Train Loss: 0.7964, Train Steps/Sec: 0.47
[[34m2026-01-15 11:13:36[0m] (step=0050200) Train Loss: 0.7951, Train Steps/Sec: 0.67
[[34m2026-01-15 11:15:48[0m] Beginning epoch 56...
[[34m2026-01-15 11:16:07[0m] (step=0050300) Train Loss: 0.7954, Train Steps/Sec: 0.66
[[34m2026-01-15 11:18:38[0m] (step=0050400) Train Loss: 0.7949, Train Steps/Sec: 0.66
[[34m2026-01-15 11:21:08[0m] (step=0050500) Train Loss: 0.7937, Train Steps/Sec: 0.67
[[34m2026-01-15 11:23:39[0m] (step=0050600) Train Loss: 0.7952, Train Steps/Sec: 0.66
[[34m2026-01-15 11:26:10[0m] (step=0050700) Train Loss: 0.7920, Train Steps/Sec: 0.66
[[34m2026-01-15 11:28:41[0m] (step=0050800) Train Loss: 0.7926, Train Steps/Sec: 0.66
[[34m2026-01-15 11:31:11[0m] (step=0050900) Train Loss: 0.7921, Train Steps/Sec: 0.66
[[34m2026-01-15 11:33:42[0m] (step=0051000) Train Loss: 0.7925, Train Steps/Sec: 0.66
[[34m2026-01-15 11:36:13[0m] (step=0051100) Train Loss: 0.7938, Train Steps/Sec: 0.67
[[34m2026-01-15 11:38:23[0m] Beginning epoch 57...
[[34m2026-01-15 11:38:45[0m] (step=0051200) Train Loss: 0.7945, Train Steps/Sec: 0.66
[[34m2026-01-15 11:41:16[0m] (step=0051300) Train Loss: 0.7927, Train Steps/Sec: 0.66
[[34m2026-01-15 11:43:47[0m] (step=0051400) Train Loss: 0.7933, Train Steps/Sec: 0.66
[[34m2026-01-15 11:46:18[0m] (step=0051500) Train Loss: 0.7915, Train Steps/Sec: 0.66
[[34m2026-01-15 11:48:49[0m] (step=0051600) Train Loss: 0.7929, Train Steps/Sec: 0.66
[[34m2026-01-15 11:51:19[0m] (step=0051700) Train Loss: 0.7936, Train Steps/Sec: 0.66
[[34m2026-01-15 11:53:50[0m] (step=0051800) Train Loss: 0.7934, Train Steps/Sec: 0.66
[[34m2026-01-15 11:56:21[0m] (step=0051900) Train Loss: 0.7950, Train Steps/Sec: 0.66
[[34m2026-01-15 11:58:52[0m] (step=0052000) Train Loss: 0.7903, Train Steps/Sec: 0.66
[[34m2026-01-15 12:00:59[0m] Beginning epoch 58...
[[34m2026-01-15 12:01:24[0m] (step=0052100) Train Loss: 0.7916, Train Steps/Sec: 0.66
[[34m2026-01-15 12:03:55[0m] (step=0052200) Train Loss: 0.7923, Train Steps/Sec: 0.66
[[34m2026-01-15 12:06:25[0m] (step=0052300) Train Loss: 0.7945, Train Steps/Sec: 0.67
[[34m2026-01-15 12:08:55[0m] (step=0052400) Train Loss: 0.7903, Train Steps/Sec: 0.66
[[34m2026-01-15 12:11:27[0m] (step=0052500) Train Loss: 0.7926, Train Steps/Sec: 0.66
[[34m2026-01-15 12:13:58[0m] (step=0052600) Train Loss: 0.7938, Train Steps/Sec: 0.66
[[34m2026-01-15 12:16:28[0m] (step=0052700) Train Loss: 0.7937, Train Steps/Sec: 0.66
[[34m2026-01-15 12:18:59[0m] (step=0052800) Train Loss: 0.7916, Train Steps/Sec: 0.66
[[34m2026-01-15 12:21:30[0m] (step=0052900) Train Loss: 0.7950, Train Steps/Sec: 0.66
[[34m2026-01-15 12:23:33[0m] Beginning epoch 59...
[[34m2026-01-15 12:24:01[0m] (step=0053000) Train Loss: 0.7930, Train Steps/Sec: 0.66
[[34m2026-01-15 12:26:32[0m] (step=0053100) Train Loss: 0.7936, Train Steps/Sec: 0.66
[[34m2026-01-15 12:29:03[0m] (step=0053200) Train Loss: 0.7942, Train Steps/Sec: 0.66
[[34m2026-01-15 12:31:33[0m] (step=0053300) Train Loss: 0.7938, Train Steps/Sec: 0.66
[[34m2026-01-15 12:34:04[0m] (step=0053400) Train Loss: 0.7896, Train Steps/Sec: 0.66
[[34m2026-01-15 12:36:35[0m] (step=0053500) Train Loss: 0.7934, Train Steps/Sec: 0.66
[[34m2026-01-15 12:39:05[0m] (step=0053600) Train Loss: 0.7916, Train Steps/Sec: 0.66
[[34m2026-01-15 12:41:36[0m] (step=0053700) Train Loss: 0.7931, Train Steps/Sec: 0.66
[[34m2026-01-15 12:44:06[0m] (step=0053800) Train Loss: 0.7912, Train Steps/Sec: 0.67
[[34m2026-01-15 12:46:07[0m] Beginning epoch 60...
[[34m2026-01-15 12:46:38[0m] (step=0053900) Train Loss: 0.7928, Train Steps/Sec: 0.66
[[34m2026-01-15 12:49:08[0m] (step=0054000) Train Loss: 0.7946, Train Steps/Sec: 0.67
[[34m2026-01-15 12:51:38[0m] (step=0054100) Train Loss: 0.7930, Train Steps/Sec: 0.66
[[34m2026-01-15 12:54:09[0m] (step=0054200) Train Loss: 0.7925, Train Steps/Sec: 0.66
[[34m2026-01-15 12:56:40[0m] (step=0054300) Train Loss: 0.7951, Train Steps/Sec: 0.66
[[34m2026-01-15 12:59:10[0m] (step=0054400) Train Loss: 0.7919, Train Steps/Sec: 0.66
[[34m2026-01-15 13:01:41[0m] (step=0054500) Train Loss: 0.7908, Train Steps/Sec: 0.66
[[34m2026-01-15 13:04:11[0m] (step=0054600) Train Loss: 0.7915, Train Steps/Sec: 0.67
slurmstepd: error: *** JOB 27383 ON cn9 CANCELLED AT 2026-01-15T13:04:57 ***
